[2015-05-20 21:23:04.104][debug][command:78f8e9e5-6fb7-4a3d-9e42-f5cab2343599][tid:14][com.facebook.buck.cli.Main] Starting up (build date 2015-04-14 05:47:36 +0800, rev bf0e5a4564171977c36376f1e66dd9bf2b037c65), args: [build, debug]
[2015-05-20 21:23:04.274][debug][command:78f8e9e5-6fb7-4a3d-9e42-f5cab2343599][tid:14][com.facebook.buck.io.ExecutableFinder] Executable 'python2' mapped to 'Optional.absent()'
[2015-05-20 21:23:04.276][debug][command:78f8e9e5-6fb7-4a3d-9e42-f5cab2343599][tid:14][com.facebook.buck.io.ExecutableFinder] Executable 'python' mapped to 'Optional.of(/usr/bin/python)'
[2015-05-20 21:23:04.382][warn ][command:78f8e9e5-6fb7-4a3d-9e42-f5cab2343599][tid:14][com.facebook.buck.rules.KnownBuildRuleTypes] Couldn't find version file at /Library/Developer/version.plist (Apple platforms will be unavailable)
[2015-05-20 21:23:04.527][debug][command:78f8e9e5-6fb7-4a3d-9e42-f5cab2343599][tid:14][com.facebook.buck.io.ExecutableFinder] Executable 'python2' mapped to 'Optional.absent()'
[2015-05-20 21:23:04.528][debug][command:78f8e9e5-6fb7-4a3d-9e42-f5cab2343599][tid:14][com.facebook.buck.io.ExecutableFinder] Executable 'python' mapped to 'Optional.of(/usr/bin/python)'
[2015-05-20 21:23:04.533][debug][command:78f8e9e5-6fb7-4a3d-9e42-f5cab2343599][tid:14][com.facebook.buck.io.ExecutableFinder] Executable 'python2' mapped to 'Optional.absent()'
[2015-05-20 21:23:04.534][debug][command:78f8e9e5-6fb7-4a3d-9e42-f5cab2343599][tid:14][com.facebook.buck.io.ExecutableFinder] Executable 'python' mapped to 'Optional.of(/usr/bin/python)'
[2015-05-20 21:23:04.592][debug][command:78f8e9e5-6fb7-4a3d-9e42-f5cab2343599][tid:14][com.facebook.buck.cli.Main] Starting up daemon for project root [/Users/keger/Documents/workspace/NGUtils]
[2015-05-20 21:23:04.641][debug][command:78f8e9e5-6fb7-4a3d-9e42-f5cab2343599][tid:14][com.facebook.buck.cli.Main] Using watchman to watch for file changes.
[2015-05-20 21:23:04.761][debug][command:78f8e9e5-6fb7-4a3d-9e42-f5cab2343599][tid:14][com.facebook.buck.event.listener.SuperConsoleEventBusListener] Starting render scheduler (interval 100 ms)
[2015-05-20 21:23:04.810][debug][command:78f8e9e5-6fb7-4a3d-9e42-f5cab2343599][tid:27][com.facebook.buck.event.listener.LoggingBuildListener] CommandStarted(build, isDaemon: true)
[2015-05-20 21:23:04.812][debug][command:78f8e9e5-6fb7-4a3d-9e42-f5cab2343599][tid:14][com.facebook.buck.util.WatchmanWatcher] Starting watchman command: [watchman, --server-encoding=json, --no-pretty, -j]
[2015-05-20 21:23:04.814][debug][command:78f8e9e5-6fb7-4a3d-9e42-f5cab2343599][tid:14][com.facebook.buck.util.WatchmanWatcher] Writing query to Watchman: ["query","/Users/keger/Documents/workspace/NGUtils",{"since":"n:buckd498c26e2-42e9-4cf5-8fbe-f2a5c1eb75fc","expression":["not",["anyof",["type","d"],["match","buck-out/*","wholename"],["match",".idea/*","wholename"],["match","/Users/keger/Documents/workspace/NGUtils/.buckd/*","wholename"],["match","/Users/keger/Documents/workspace/NGUtils/buck-cache/*","wholename"],["match","*.pbxproj","wholename"],["match","*.xcscheme","wholename"],["match","*.xcworkspacedata","wholename"]]],"empty_on_fresh_instance":true,"fields":["name","exists","new"]}]
[2015-05-20 21:23:04.816][debug][command:78f8e9e5-6fb7-4a3d-9e42-f5cab2343599][tid:14][com.facebook.buck.util.WatchmanWatcher] Parsing JSON output from Watchman
[2015-05-20 21:23:04.846][info ][command:78f8e9e5-6fb7-4a3d-9e42-f5cab2343599][tid:14][com.facebook.buck.util.WatchmanWatcher] Fresh watchman instance detected. Posting overflow event to flush caches.
[2015-05-20 21:23:04.847][debug][command:78f8e9e5-6fb7-4a3d-9e42-f5cab2343599][tid:14][com.facebook.buck.util.DefaultFileHashCache] Invalidating all
[2015-05-20 21:23:04.848][debug][command:78f8e9e5-6fb7-4a3d-9e42-f5cab2343599][tid:14][com.facebook.buck.parser.Parser] Parser invalidating entire cache on overflow.
[2015-05-20 21:23:04.848][debug][command:78f8e9e5-6fb7-4a3d-9e42-f5cab2343599][tid:14][com.facebook.buck.parser.Parser] Invalidating all cached data.
[2015-05-20 21:23:04.848][debug][command:78f8e9e5-6fb7-4a3d-9e42-f5cab2343599][tid:14][com.facebook.buck.util.WatchmanWatcher] Posted 0 Watchman events. Waiting for subprocess to exit...
[2015-05-20 21:23:04.848][debug][command:78f8e9e5-6fb7-4a3d-9e42-f5cab2343599][tid:14][com.facebook.buck.util.WatchmanWatcher] Watchman exited cleanly.
[2015-05-20 21:23:04.894][debug][command:78f8e9e5-6fb7-4a3d-9e42-f5cab2343599][tid:27][com.facebook.buck.event.listener.LoggingBuildListener] ArtifactCacheConnectStarted()
[2015-05-20 21:23:04.961][debug][command:78f8e9e5-6fb7-4a3d-9e42-f5cab2343599][tid:27][com.facebook.buck.event.listener.LoggingBuildListener] ArtifactCacheConnectFinished()
[2015-05-20 21:23:04.964][info ][command:78f8e9e5-6fb7-4a3d-9e42-f5cab2343599][tid:27][com.facebook.buck.event.listener.LoggingBuildListener] Build started at 2015-05-20 21:23:04.811
[2015-05-20 21:23:04.969][debug][command:78f8e9e5-6fb7-4a3d-9e42-f5cab2343599][tid:14][com.facebook.buck.parser.Parser] Parser invalidating entire cache on default include change.
[2015-05-20 21:23:04.969][debug][command:78f8e9e5-6fb7-4a3d-9e42-f5cab2343599][tid:14][com.facebook.buck.parser.Parser] Invalidating all cached data.
[2015-05-20 21:23:04.969][debug][command:78f8e9e5-6fb7-4a3d-9e42-f5cab2343599][tid:14][com.facebook.buck.parser.Parser] Invalidating all cached data.
[2015-05-20 21:23:04.970][debug][command:78f8e9e5-6fb7-4a3d-9e42-f5cab2343599][tid:14][com.facebook.buck.parser.Parser] Parsing BUCK file: /Users/keger/Documents/workspace/NGUtils/BUCK
[2015-05-20 21:23:04.970][debug][command:78f8e9e5-6fb7-4a3d-9e42-f5cab2343599][tid:27][com.facebook.buck.event.listener.LoggingBuildListener] BuckFilesParseStarted()
[2015-05-20 21:23:04.971][debug][command:78f8e9e5-6fb7-4a3d-9e42-f5cab2343599][tid:14][com.facebook.buck.io.ExecutableFinder] Executable 'python2' mapped to 'Optional.absent()'
[2015-05-20 21:23:04.972][debug][command:78f8e9e5-6fb7-4a3d-9e42-f5cab2343599][tid:14][com.facebook.buck.io.ExecutableFinder] Executable 'python' mapped to 'Optional.of(/usr/bin/python)'
[2015-05-20 21:23:04.972][debug][command:78f8e9e5-6fb7-4a3d-9e42-f5cab2343599][tid:14][com.facebook.buck.json.ProjectBuildFileParser] Creating temporary buck.py instance...
[2015-05-20 21:23:05.077][debug][command:78f8e9e5-6fb7-4a3d-9e42-f5cab2343599][tid:14][com.facebook.buck.json.ProjectBuildFileParser] Created temporary buck.py instance at /Users/keger/Documents/workspace/NGUtils/.buckd/tmp/buck_run.L78kap/buck254841499413449524.py.
[2015-05-20 21:23:05.080][debug][command:78f8e9e5-6fb7-4a3d-9e42-f5cab2343599][tid:14][com.facebook.buck.json.ProjectBuildFileParser] Starting buck.py command: [/usr/bin/python, -u, /Users/keger/Documents/workspace/NGUtils/.buckd/tmp/buck_run.L78kap/buck254841499413449524.py, --allow_empty_globs, --project_root, /Users/keger/Documents/workspace/NGUtils, --build_file_name, BUCK] environment: {PATH=/Users/keger/.jenv/shims:/Users/keger/.jenv/bin:/Users/keger/.jenv/shims:/Users/keger/.jenv/bin:/Users/keger/bin:/usr/local/bin:/usr/bin:/bin:/usr/sbin:/sbin:/usr/local/git/bin:/Users/keger/.gvm/vertx/current/bin:/Users/keger/.gvm/springboot/current/bin:/Users/keger/.gvm/lazybones/current/bin:/Users/keger/.gvm/jbake/current/bin:/Users/keger/.gvm/groovyserv/current/bin:/Users/keger/.gvm/groovy/current/bin:/Users/keger/.gvm/griffon/current/bin:/Users/keger/.gvm/grails/current/bin:/Users/keger/.gvm/gradle/current/bin:/Users/keger/.gvm/glide/current/bin:/Users/keger/.gvm/gaiden/current/bin:/Users/keger/.gvm/crash/current/bin:/Users/keger/.gvm/asciidoctorj/current/bin:/Users/keger/bin:/Users/keger/Documents/android-sdk-macosx/tools:/Users/keger/Documents/android-sdk-macosx/platform-tools:/Users/keger/Documents/android-sdk-macosx/tools:/Users/keger/Documents/android-sdk-macosx/platform-tools:/usr/local/bin:/Users/keger/bin, GRAILS_HOME=/Users/keger/.gvm/grails/current, ASCIIDOCTORJ_HOME=/Users/keger/.gvm/asciidoctorj/current, VERTX_HOME=/Users/keger/.gvm/vertx/current, JENV_VERSION=oracle64-1.8.0.45, LOGNAME=keger, PWD=/Users/keger/Documents/workspace/NGUtils, TERM_PROGRAM_VERSION=343.7, SPRINGBOOT_HOME=/Users/keger/.gvm/springboot/current, PYTHONPATH=/Users/keger/Documents/buck/third-party/py/pathlib, SHELL=/bin/bash, GROOVYSERV_HOME=/Users/keger/.gvm/groovyserv/current, GVM_PLATFORM=Darwin, VERSIONER_PYTHON_PREFER_32_BIT=no, TMPDIR=/var/folders/rz/3xhpytv543gg8f5p8l382jhw0000gn/T/, XPC_FLAGS=0x0, __CF_USER_TEXT_ENCODING=0x1F5:0x19:0x34, CRASH_HOME=/Users/keger/.gvm/crash/current, Apple_PubSub_Socket_Render=/private/tmp/com.apple.launchd.JSMkSCNxYT/Render, SHLVL=1, GVM_BROADCAST_SERVICE=http://cast.gvm.io, GRIFFON_HOME=/Users/keger/.gvm/griffon/current, NAILGUN_TTY_2=1, NAILGUN_TTY_1=1, NAILGUN_TTY_0=1, GVM_VERSION=2.4.1, LAZYBONES_HOME=/Users/keger/.gvm/lazybones/current, GAIDEN_HOME=/Users/keger/.gvm/gaiden/current, TERM=xterm-256color, NAILGUN_FILESEPARATOR=/, LANG=zh_CN.UTF-8, GRADLE_HOME=/Users/keger/.gvm/gradle/current, GROOVY_HOME=/Users/keger/.gvm/groovy/current, VERSIONER_PYTHON_VERSION=2.7, GVM_SERVICE=http://api.gvmtool.net, XPC_SERVICE_NAME=0, NAILGUN_PATHSEPARATOR=:, JBAKE_HOME=/Users/keger/.gvm/jbake/current, TERM_PROGRAM=Apple_Terminal, GVM_DIR=/Users/keger/.gvm, USER=keger, GVM_BROKER_SERVICE=http://release.gvm.io, SSH_AUTH_SOCK=/private/tmp/com.apple.launchd.kdSNEtGnrF/Listeners, GVM_INIT=true, GLIDE_HOME=/Users/keger/.gvm/glide/current, HOME=/Users/keger, JENV_LOADED=1}
[2015-05-20 21:23:05.084][debug][command:78f8e9e5-6fb7-4a3d-9e42-f5cab2343599][tid:14][com.facebook.buck.json.ProjectBuildFileParser] Started process java.lang.UNIXProcess@31f6de72 successfully
[2015-05-20 21:23:05.144][debug][command:78f8e9e5-6fb7-4a3d-9e42-f5cab2343599][tid:14][com.facebook.buck.json.ProjectBuildFileParser] Parsing output of process java.lang.UNIXProcess@31f6de72...
[2015-05-20 21:23:05.220][warn ][command:null][tid:32][com.facebook.buck.json.ProjectBuildFileParser] buck.py warning: Traceback (most recent call last):
[2015-05-20 21:23:05.221][warn ][command:null][tid:32][com.facebook.buck.json.ProjectBuildFileParser] buck.py warning:   File "/Users/keger/Documents/workspace/NGUtils/.buckd/tmp/buck_run.L78kap/buck254841499413449524.py", line 1401, in <module>
[2015-05-20 21:23:05.221][warn ][command:null][tid:32][com.facebook.buck.json.ProjectBuildFileParser] buck.py warning:     main()
[2015-05-20 21:23:05.221][warn ][command:null][tid:32][com.facebook.buck.json.ProjectBuildFileParser] buck.py warning:   File "/Users/keger/Documents/workspace/NGUtils/.buckd/tmp/buck_run.L78kap/buck254841499413449524.py", line 495, in main
[2015-05-20 21:23:05.222][warn ][command:null][tid:32][com.facebook.buck.json.ProjectBuildFileParser] buck.py warning:     values = buildFileProcessor.process(build_file.rstrip())
[2015-05-20 21:23:05.222][warn ][command:null][tid:32][com.facebook.buck.json.ProjectBuildFileParser] buck.py warning:   File "/Users/keger/Documents/workspace/NGUtils/.buckd/tmp/buck_run.L78kap/buck254841499413449524.py", line 407, in process
[2015-05-20 21:23:05.222][warn ][command:null][tid:32][com.facebook.buck.json.ProjectBuildFileParser] buck.py warning:     implicit_includes=self._implicit_includes)
[2015-05-20 21:23:05.222][warn ][command:null][tid:32][com.facebook.buck.json.ProjectBuildFileParser] buck.py warning:   File "/Users/keger/Documents/workspace/NGUtils/.buckd/tmp/buck_run.L78kap/buck254841499413449524.py", line 399, in _process_build_file
[2015-05-20 21:23:05.223][warn ][command:null][tid:32][com.facebook.buck.json.ProjectBuildFileParser] buck.py warning:     implicit_includes=implicit_includes)
[2015-05-20 21:23:05.223][warn ][command:null][tid:32][com.facebook.buck.json.ProjectBuildFileParser] buck.py warning:   File "/Users/keger/Documents/workspace/NGUtils/.buckd/tmp/buck_run.L78kap/buck254841499413449524.py", line 363, in _process
[2015-05-20 21:23:05.223][warn ][command:null][tid:32][com.facebook.buck.json.ProjectBuildFileParser] buck.py warning:     exec(code, module.__dict__)
[2015-05-20 21:23:05.223][warn ][command:null][tid:32][com.facebook.buck.json.ProjectBuildFileParser] buck.py warning:   File "/Users/keger/Documents/workspace/NGUtils/BUCK", line 1, in <module>
[2015-05-20 21:23:05.224][warn ][command:null][tid:32][com.facebook.buck.json.ProjectBuildFileParser] buck.py warning:     build_config(
[2015-05-20 21:23:05.224][warn ][command:null][tid:32][com.facebook.buck.json.ProjectBuildFileParser] buck.py warning: NameError: name 'build_config' is not defined
[2015-05-20 21:23:05.229][debug][command:78f8e9e5-6fb7-4a3d-9e42-f5cab2343599][tid:14][com.facebook.buck.json.ProjectBuildFileParser] Waiting for process java.lang.UNIXProcess@31f6de72 to exit...
[2015-05-20 21:23:05.230][error][command:78f8e9e5-6fb7-4a3d-9e42-f5cab2343599][tid:14][com.facebook.buck.json.ProjectBuildFileParser] Process java.lang.UNIXProcess@31f6de72 exited with error code 1
[2015-05-20 21:23:05.231][debug][command:78f8e9e5-6fb7-4a3d-9e42-f5cab2343599][tid:27][com.facebook.buck.event.listener.LoggingBuildListener] BuckFilesParseFinished()
[2015-05-20 21:23:05.232][debug][command:78f8e9e5-6fb7-4a3d-9e42-f5cab2343599][tid:14][com.facebook.buck.parser.Parser] Cleaning cache of build files with inputs under symlink []
[2015-05-20 21:23:05.232][debug][command:78f8e9e5-6fb7-4a3d-9e42-f5cab2343599][tid:27][com.facebook.buck.event.listener.LoggingBuildListener] CommandFinished(build, isDaemon: true)
[2015-05-20 21:23:05.232][debug][command:78f8e9e5-6fb7-4a3d-9e42-f5cab2343599][tid:14][com.facebook.buck.event.listener.SuperConsoleEventBusListener] Stopping render scheduler
[2015-05-20 21:23:05.233][debug][command:78f8e9e5-6fb7-4a3d-9e42-f5cab2343599][tid:14][com.facebook.buck.event.listener.SuperConsoleEventBusListener] Stopping console output (stdout dirty false, stderr dirty true).
[2015-05-20 21:23:05.233][debug][command:78f8e9e5-6fb7-4a3d-9e42-f5cab2343599][tid:14][com.facebook.buck.event.listener.SuperConsoleEventBusListener] Stopping render scheduler
[2015-05-20 21:23:05.236][debug][command:78f8e9e5-6fb7-4a3d-9e42-f5cab2343599][tid:14][com.facebook.buck.event.listener.ChromeTraceBuildListener] Writing Chrome trace to buck-out/log/traces/build.2015-05-20.21-23-05.78f8e9e5-6fb7-4a3d-9e42-f5cab2343599.trace
[2015-05-20 21:23:05.308][debug][command:78f8e9e5-6fb7-4a3d-9e42-f5cab2343599][tid:14][com.facebook.buck.cli.Main] Done.
[2015-05-20 21:23:05.309][debug][command:null][tid:14][class com.martiansoftware.nailgun.NGSession] Nail finished.
[2015-05-20 21:23:05.309][error][command:null][tid:14][class com.martiansoftware.nailgun.NGSession] Caught NGExitException, cleaning up session and writing exit command to client.
com.martiansoftware.nailgun.NGExitException: ExitException: status 1
	at com.martiansoftware.nailgun.NGSecurityManager.checkExit(NGSecurityManager.java:56)
	at java.lang.Runtime.exit(Runtime.java:107)
	at java.lang.System.exit(System.java:971)
	at com.facebook.buck.cli.Main.runMainThenExit(Main.java:1036)
	at com.facebook.buck.cli.Main.nailMain(Main.java:1052)
	at sun.reflect.NativeMethodAccessorImpl.invoke0(Native Method)
	at sun.reflect.NativeMethodAccessorImpl.invoke(NativeMethodAccessorImpl.java:62)
	at sun.reflect.DelegatingMethodAccessorImpl.invoke(DelegatingMethodAccessorImpl.java:43)
	at java.lang.reflect.Method.invoke(Method.java:497)
	at com.martiansoftware.nailgun.NGSession.run(NGSession.java:338)

[2015-05-20 21:23:05.312][debug][command:null][tid:14][class com.martiansoftware.nailgun.NGSession] Closing client streams and socket.
[2015-05-20 21:24:12.739][debug][command:null][tid:17][class com.martiansoftware.nailgun.NGSession] Received connection from 127.0.0.1
[2015-05-20 21:24:12.740][debug][command:null][tid:17][class com.martiansoftware.nailgun.NGSession] Working directory: /Users/keger/Documents/workspace/NGUtils
[2015-05-20 21:24:12.740][debug][command:null][tid:17][class com.martiansoftware.nailgun.NGSession] Received command: ng-stats
[2015-05-20 21:24:12.741][debug][command:null][tid:17][class com.martiansoftware.nailgun.NGSession] Invoking main method: public static void com.martiansoftware.nailgun.builtins.NGServerStats.nailMain(com.martiansoftware.nailgun.NGContext)
[2015-05-20 21:24:12.741][debug][command:null][tid:17][class com.martiansoftware.nailgun.NGSession] Nail finished.
[2015-05-20 21:24:12.741][debug][command:null][tid:17][class com.martiansoftware.nailgun.NGSession] Writing exit command with successful status 0 to client.
[2015-05-20 21:24:12.741][debug][command:null][tid:17][class com.martiansoftware.nailgun.NGSession] Closing client streams and socket.
[2015-05-20 21:24:12.746][debug][command:null][tid:34][class com.martiansoftware.nailgun.NGSession] Received connection from 127.0.0.1
[2015-05-20 21:24:12.747][debug][command:null][tid:34][class com.martiansoftware.nailgun.NGSession] Working directory: /Users/keger/Documents/workspace/NGUtils
[2015-05-20 21:24:12.747][debug][command:null][tid:34][class com.martiansoftware.nailgun.NGSession] Received command: ng-stats
[2015-05-20 21:24:12.747][debug][command:null][tid:34][class com.martiansoftware.nailgun.NGSession] Invoking main method: public static void com.martiansoftware.nailgun.builtins.NGServerStats.nailMain(com.martiansoftware.nailgun.NGContext)
[2015-05-20 21:24:12.748][debug][command:null][tid:34][class com.martiansoftware.nailgun.NGSession] Nail finished.
[2015-05-20 21:24:12.748][debug][command:null][tid:34][class com.martiansoftware.nailgun.NGSession] Writing exit command with successful status 0 to client.
[2015-05-20 21:24:12.748][debug][command:null][tid:34][class com.martiansoftware.nailgun.NGSession] Closing client streams and socket.
[2015-05-20 21:24:12.753][debug][command:null][tid:37][class com.martiansoftware.nailgun.NGSession] Received connection from 127.0.0.1
[2015-05-20 21:24:12.753][debug][command:null][tid:37][class com.martiansoftware.nailgun.NGSession] Received command line argument: build
[2015-05-20 21:24:12.753][debug][command:null][tid:37][class com.martiansoftware.nailgun.NGSession] Received command line argument: debug
[2015-05-20 21:24:12.754][debug][command:null][tid:37][class com.martiansoftware.nailgun.NGSession] Working directory: /Users/keger/Documents/workspace/NGUtils
[2015-05-20 21:24:12.754][debug][command:null][tid:37][class com.martiansoftware.nailgun.NGSession] Received command: com.facebook.buck.cli.Main
[2015-05-20 21:24:12.754][debug][command:null][tid:37][class com.martiansoftware.nailgun.NGSession] Invoking main method: public static void com.facebook.buck.cli.Main.nailMain(com.martiansoftware.nailgun.NGContext) throws java.lang.InterruptedException
[2015-05-20 21:24:12.755][debug][command:12598250-da36-44de-955b-c400ceff01e0][tid:37][com.facebook.buck.cli.Main] Rotating log.
