[2015-05-29 14:13:16.867][debug][command:82651916-df13-419e-8d53-a36f3e043460][tid:14][com.facebook.buck.cli.Main] Starting up (build date 2015-05-21 23:42:48 +0800, rev b7030deb681193b4c531dca892f9f10ed6e42cf2), args: [build, debug]
[2015-05-29 14:13:17.033][debug][command:82651916-df13-419e-8d53-a36f3e043460][tid:14][com.facebook.buck.io.ExecutableFinder] Executable 'python2' mapped to 'Optional.absent()'
[2015-05-29 14:13:17.036][debug][command:82651916-df13-419e-8d53-a36f3e043460][tid:14][com.facebook.buck.io.ExecutableFinder] Executable 'python' mapped to 'Optional.of(/usr/bin/python)'
[2015-05-29 14:13:17.142][warn ][command:82651916-df13-419e-8d53-a36f3e043460][tid:14][com.facebook.buck.rules.KnownBuildRuleTypes] Couldn't find version file at /Library/Developer/version.plist (Apple platforms will be unavailable)
[2015-05-29 14:13:17.282][debug][command:82651916-df13-419e-8d53-a36f3e043460][tid:14][com.facebook.buck.io.ExecutableFinder] Executable 'python2' mapped to 'Optional.absent()'
[2015-05-29 14:13:17.284][debug][command:82651916-df13-419e-8d53-a36f3e043460][tid:14][com.facebook.buck.io.ExecutableFinder] Executable 'python' mapped to 'Optional.of(/usr/bin/python)'
[2015-05-29 14:13:17.289][debug][command:82651916-df13-419e-8d53-a36f3e043460][tid:14][com.facebook.buck.io.ExecutableFinder] Executable 'python2' mapped to 'Optional.absent()'
[2015-05-29 14:13:17.291][debug][command:82651916-df13-419e-8d53-a36f3e043460][tid:14][com.facebook.buck.io.ExecutableFinder] Executable 'python' mapped to 'Optional.of(/usr/bin/python)'
[2015-05-29 14:13:17.344][debug][command:82651916-df13-419e-8d53-a36f3e043460][tid:14][com.facebook.buck.cli.Main] Starting up daemon for project root [/Users/keger/Documents/workspace/NGUtils]
[2015-05-29 14:13:17.402][debug][command:82651916-df13-419e-8d53-a36f3e043460][tid:14][com.facebook.buck.cli.Main] Using watchman to watch for file changes.
[2015-05-29 14:13:17.524][debug][command:82651916-df13-419e-8d53-a36f3e043460][tid:14][com.facebook.buck.event.listener.SuperConsoleEventBusListener] Starting render scheduler (interval 100 ms)
[2015-05-29 14:13:17.568][debug][command:82651916-df13-419e-8d53-a36f3e043460][tid:27][com.facebook.buck.event.listener.LoggingBuildListener] CommandStarted(build, isDaemon: true)
[2015-05-29 14:13:17.569][debug][command:82651916-df13-419e-8d53-a36f3e043460][tid:14][com.facebook.buck.util.WatchmanWatcher] Starting watchman command: [watchman, --server-encoding=json, --no-pretty, -j]
[2015-05-29 14:13:17.572][debug][command:82651916-df13-419e-8d53-a36f3e043460][tid:14][com.facebook.buck.util.WatchmanWatcher] Writing query to Watchman: ["query","/Users/keger/Documents/workspace/NGUtils",{"since":"n:buckd3a9f2f15-6ee2-4cf2-8de7-e8874c1bb7ce","expression":["not",["anyof",["type","d"],["match","buck-out/*","wholename"],["match",".idea/*","wholename"],["match","/Users/keger/Documents/workspace/NGUtils/.buckd/*","wholename"],["match","/Users/keger/Documents/workspace/NGUtils/buck-cache/*","wholename"],["match","*.pbxproj","wholename"],["match","*.xcscheme","wholename"],["match","*.xcworkspacedata","wholename"]]],"empty_on_fresh_instance":true,"fields":["name","exists","new"]}]
[2015-05-29 14:13:17.574][debug][command:82651916-df13-419e-8d53-a36f3e043460][tid:14][com.facebook.buck.util.WatchmanWatcher] Parsing JSON output from Watchman
[2015-05-29 14:13:17.603][info ][command:82651916-df13-419e-8d53-a36f3e043460][tid:14][com.facebook.buck.util.WatchmanWatcher] Fresh watchman instance detected. Posting overflow event to flush caches.
[2015-05-29 14:13:17.607][debug][command:82651916-df13-419e-8d53-a36f3e043460][tid:14][com.facebook.buck.parser.Parser] Parser invalidating entire cache on overflow.
[2015-05-29 14:13:17.607][debug][command:82651916-df13-419e-8d53-a36f3e043460][tid:14][com.facebook.buck.parser.Parser] Invalidating all cached data.
[2015-05-29 14:13:17.607][debug][command:82651916-df13-419e-8d53-a36f3e043460][tid:14][com.facebook.buck.util.DefaultFileHashCache] Invalidating all
[2015-05-29 14:13:17.609][debug][command:82651916-df13-419e-8d53-a36f3e043460][tid:14][com.facebook.buck.util.WatchmanWatcher] Posted 0 Watchman events. Waiting for subprocess to exit...
[2015-05-29 14:13:17.609][debug][command:82651916-df13-419e-8d53-a36f3e043460][tid:14][com.facebook.buck.util.WatchmanWatcher] Watchman exited cleanly.
[2015-05-29 14:13:17.667][debug][command:82651916-df13-419e-8d53-a36f3e043460][tid:27][com.facebook.buck.event.listener.LoggingBuildListener] ArtifactCacheConnectStarted()
[2015-05-29 14:13:17.737][debug][command:82651916-df13-419e-8d53-a36f3e043460][tid:27][com.facebook.buck.event.listener.LoggingBuildListener] ArtifactCacheConnectFinished()
[2015-05-29 14:13:17.739][info ][command:82651916-df13-419e-8d53-a36f3e043460][tid:27][com.facebook.buck.event.listener.LoggingBuildListener] Build started at 2015-05-29 14:13:17.569
[2015-05-29 14:13:17.744][debug][command:82651916-df13-419e-8d53-a36f3e043460][tid:14][com.facebook.buck.parser.Parser] Parser invalidating entire cache on default include change.
[2015-05-29 14:13:17.744][debug][command:82651916-df13-419e-8d53-a36f3e043460][tid:14][com.facebook.buck.parser.Parser] Invalidating all cached data.
[2015-05-29 14:13:17.744][debug][command:82651916-df13-419e-8d53-a36f3e043460][tid:14][com.facebook.buck.parser.Parser] Invalidating all cached data.
[2015-05-29 14:13:17.744][debug][command:82651916-df13-419e-8d53-a36f3e043460][tid:14][com.facebook.buck.parser.Parser] Parsing BUCK file: /Users/keger/Documents/workspace/NGUtils/BUCK
[2015-05-29 14:13:17.745][debug][command:82651916-df13-419e-8d53-a36f3e043460][tid:27][com.facebook.buck.event.listener.LoggingBuildListener] BuckFilesParseStarted()
[2015-05-29 14:13:17.747][debug][command:82651916-df13-419e-8d53-a36f3e043460][tid:14][com.facebook.buck.io.ExecutableFinder] Executable 'python2' mapped to 'Optional.absent()'
[2015-05-29 14:13:17.748][debug][command:82651916-df13-419e-8d53-a36f3e043460][tid:14][com.facebook.buck.io.ExecutableFinder] Executable 'python' mapped to 'Optional.of(/usr/bin/python)'
[2015-05-29 14:13:17.748][debug][command:82651916-df13-419e-8d53-a36f3e043460][tid:14][com.facebook.buck.json.ProjectBuildFileParser] Creating temporary buck.py instance...
[2015-05-29 14:13:17.872][debug][command:82651916-df13-419e-8d53-a36f3e043460][tid:14][com.facebook.buck.json.ProjectBuildFileParser] Created temporary buck.py instance at /Users/keger/Documents/workspace/NGUtils/.buckd/tmp/buck_run.9pQHaK/buck8033860176595299797.py.
[2015-05-29 14:13:17.874][debug][command:82651916-df13-419e-8d53-a36f3e043460][tid:14][com.facebook.buck.json.ProjectBuildFileParser] Starting buck.py command: [/usr/bin/python, -u, /Users/keger/Documents/workspace/NGUtils/.buckd/tmp/buck_run.9pQHaK/buck8033860176595299797.py, --allow_empty_globs, --project_root, /Users/keger/Documents/workspace/NGUtils, --build_file_name, BUCK] environment: {PATH=/Users/keger/.jenv/shims:/Users/keger/.jenv/bin:/Users/keger/.jenv/shims:/Users/keger/.jenv/bin:/Users/keger/.gvm/vertx/current/bin:/Users/keger/.gvm/springboot/current/bin:/Users/keger/.gvm/lazybones/current/bin:/Users/keger/.gvm/jbake/current/bin:/Users/keger/.gvm/groovyserv/current/bin:/Users/keger/.gvm/groovy/current/bin:/Users/keger/.gvm/griffon/current/bin:/Users/keger/.gvm/grails/current/bin:/Users/keger/.gvm/gradle/current/bin:/Users/keger/.gvm/glide/current/bin:/Users/keger/.gvm/gaiden/current/bin:/Users/keger/.gvm/crash/current/bin:/Users/keger/.gvm/asciidoctorj/current/bin:/Users/keger/bin:/usr/local/bin:/usr/bin:/bin:/usr/sbin:/sbin:/usr/local/git/bin:/Users/keger/Documents/android-sdk-macosx/tools:/Users/keger/Documents/android-sdk-macosx/platform-tools:/usr/local/bin:/Users/keger/bin, GRAILS_HOME=/Users/keger/.gvm/grails/current, ASCIIDOCTORJ_HOME=/Users/keger/.gvm/asciidoctorj/current, VERTX_HOME=/Users/keger/.gvm/vertx/current, LOGNAME=keger, PWD=/Users/keger/Documents/workspace/NGUtils, TERM_PROGRAM_VERSION=343.7, SPRINGBOOT_HOME=/Users/keger/.gvm/springboot/current, PYTHONPATH=/Users/keger/Documents/buck/third-party/py/pathlib, SHELL=/bin/bash, GROOVYSERV_HOME=/Users/keger/.gvm/groovyserv/current, GVM_PLATFORM=Darwin, VERSIONER_PYTHON_PREFER_32_BIT=no, TMPDIR=/var/folders/rz/3xhpytv543gg8f5p8l382jhw0000gn/T/, XPC_FLAGS=0x0, __CF_USER_TEXT_ENCODING=0x1F5:0x19:0x34, CRASH_HOME=/Users/keger/.gvm/crash/current, Apple_PubSub_Socket_Render=/private/tmp/com.apple.launchd.TNQC5q76Cq/Render, SHLVL=1, GVM_BROADCAST_SERVICE=http://cast.gvm.io, GRIFFON_HOME=/Users/keger/.gvm/griffon/current, NAILGUN_TTY_2=1, NAILGUN_TTY_1=1, NAILGUN_TTY_0=1, GVM_VERSION=2.4.1, LAZYBONES_HOME=/Users/keger/.gvm/lazybones/current, GAIDEN_HOME=/Users/keger/.gvm/gaiden/current, TERM=xterm-256color, NAILGUN_FILESEPARATOR=/, LANG=zh_CN.UTF-8, GRADLE_HOME=/Users/keger/.gvm/gradle/current, GROOVY_HOME=/Users/keger/.gvm/groovy/current, VERSIONER_PYTHON_VERSION=2.7, GVM_SERVICE=http://api.gvmtool.net, XPC_SERVICE_NAME=0, NAILGUN_PATHSEPARATOR=:, JBAKE_HOME=/Users/keger/.gvm/jbake/current, TERM_PROGRAM=Apple_Terminal, GVM_DIR=/Users/keger/.gvm, USER=keger, GVM_BROKER_SERVICE=http://release.gvm.io, SSH_AUTH_SOCK=/private/tmp/com.apple.launchd.dTqAdSkJ1J/Listeners, GVM_INIT=true, GLIDE_HOME=/Users/keger/.gvm/glide/current, HOME=/Users/keger, JENV_LOADED=1}
[2015-05-29 14:13:17.877][debug][command:82651916-df13-419e-8d53-a36f3e043460][tid:14][com.facebook.buck.json.ProjectBuildFileParser] Started process java.lang.UNIXProcess@4e696ff2 successfully
[2015-05-29 14:13:17.945][debug][command:82651916-df13-419e-8d53-a36f3e043460][tid:14][com.facebook.buck.json.ProjectBuildFileParser] Parsing output of process java.lang.UNIXProcess@4e696ff2...
[2015-05-29 14:13:18.082][debug][command:82651916-df13-419e-8d53-a36f3e043460][tid:14][com.facebook.buck.json.ProjectBuildFileParser] Parsed 7 rules from process
[2015-05-29 14:13:18.102][debug][command:82651916-df13-419e-8d53-a36f3e043460][tid:27][com.facebook.buck.event.listener.LoggingBuildListener] ParseStarted(//:debug)
[2015-05-29 14:13:18.116][debug][command:82651916-df13-419e-8d53-a36f3e043460][tid:27][com.facebook.buck.event.listener.LoggingBuildListener] ParseFinished(//:debug)
[2015-05-29 14:13:18.122][debug][command:82651916-df13-419e-8d53-a36f3e043460][tid:14][com.facebook.buck.json.ProjectBuildFileParser] Waiting for process java.lang.UNIXProcess@4e696ff2 to exit...
[2015-05-29 14:13:18.122][debug][command:82651916-df13-419e-8d53-a36f3e043460][tid:14][com.facebook.buck.json.ProjectBuildFileParser] Process java.lang.UNIXProcess@4e696ff2 exited cleanly.
[2015-05-29 14:13:18.123][debug][command:82651916-df13-419e-8d53-a36f3e043460][tid:27][com.facebook.buck.event.listener.LoggingBuildListener] BuckFilesParseFinished()
[2015-05-29 14:13:18.123][debug][command:82651916-df13-419e-8d53-a36f3e043460][tid:27][com.facebook.buck.event.listener.LoggingBuildListener] BuildActionGraphStarted()
[2015-05-29 14:13:18.259][debug][command:82651916-df13-419e-8d53-a36f3e043460][tid:27][com.facebook.buck.event.listener.LoggingBuildListener] BuildActionGraphFinished()
[2015-05-29 14:13:18.298][debug][command:82651916-df13-419e-8d53-a36f3e043460][tid:27][com.facebook.buck.event.listener.LoggingBuildListener] RuleCountCalculated(//:debug)
[2015-05-29 14:13:18.406][debug][command:82651916-df13-419e-8d53-a36f3e043460][tid:34][com.facebook.buck.rules.CachingBuildEngine] Building locally: //:src
[2015-05-29 14:13:18.406][debug][command:82651916-df13-419e-8d53-a36f3e043460][tid:27][com.facebook.buck.event.listener.LoggingBuildListener] ArtifactFetchCacheStarted(fetch:eed0b2c715d438b4f33898f342ff061d707fed74)
[2015-05-29 14:13:18.408][debug][command:82651916-df13-419e-8d53-a36f3e043460][tid:27][com.facebook.buck.event.listener.LoggingBuildListener] ArtifactFetchCacheFinished(fetch:eed0b2c715d438b4f33898f342ff061d707fed74)
[2015-05-29 14:13:18.408][warn ][command:82651916-df13-419e-8d53-a36f3e043460][tid:27][com.facebook.buck.event.listener.LoggingBuildListener] No Android platform target specified. Using default: Google Inc.:Google APIs:21
[2015-05-29 14:13:18.443][debug][command:82651916-df13-419e-8d53-a36f3e043460][tid:34][com.facebook.buck.step.DefaultStepRunner] StepStarted(rm_&&_mkdir)
[2015-05-29 14:13:18.450][debug][command:82651916-df13-419e-8d53-a36f3e043460][tid:34][com.facebook.buck.step.DefaultStepRunner] StepFinished(rm_&&_mkdir)
[2015-05-29 14:13:18.450][debug][command:82651916-df13-419e-8d53-a36f3e043460][tid:34][com.facebook.buck.step.DefaultStepRunner] StepStarted(rm_&&_mkdir)
[2015-05-29 14:13:18.451][debug][command:82651916-df13-419e-8d53-a36f3e043460][tid:34][com.facebook.buck.step.DefaultStepRunner] StepFinished(rm_&&_mkdir)
[2015-05-29 14:13:18.451][debug][command:82651916-df13-419e-8d53-a36f3e043460][tid:34][com.facebook.buck.step.DefaultStepRunner] StepStarted(mkdir)
[2015-05-29 14:13:18.452][debug][command:82651916-df13-419e-8d53-a36f3e043460][tid:34][com.facebook.buck.step.DefaultStepRunner] StepFinished(mkdir)
[2015-05-29 14:13:18.453][debug][command:82651916-df13-419e-8d53-a36f3e043460][tid:34][com.facebook.buck.step.DefaultStepRunner] StepStarted(javac)
[2015-05-29 14:13:19.661][debug][command:82651916-df13-419e-8d53-a36f3e043460][tid:34][com.facebook.buck.step.DefaultStepRunner] StepFinished(javac)
[2015-05-29 14:13:19.661][debug][command:82651916-df13-419e-8d53-a36f3e043460][tid:34][com.facebook.buck.step.DefaultStepRunner] StepStarted(copy_resources)
[2015-05-29 14:13:19.662][debug][command:82651916-df13-419e-8d53-a36f3e043460][tid:34][com.facebook.buck.step.DefaultStepRunner] StepFinished(copy_resources)
[2015-05-29 14:13:19.662][debug][command:82651916-df13-419e-8d53-a36f3e043460][tid:34][com.facebook.buck.step.DefaultStepRunner] StepStarted(rm_&&_mkdir)
[2015-05-29 14:13:19.663][debug][command:82651916-df13-419e-8d53-a36f3e043460][tid:34][com.facebook.buck.step.DefaultStepRunner] StepFinished(rm_&&_mkdir)
[2015-05-29 14:13:19.664][debug][command:82651916-df13-419e-8d53-a36f3e043460][tid:34][com.facebook.buck.step.DefaultStepRunner] StepStarted(mkdir)
[2015-05-29 14:13:19.664][debug][command:82651916-df13-419e-8d53-a36f3e043460][tid:34][com.facebook.buck.step.DefaultStepRunner] StepFinished(mkdir)
[2015-05-29 14:13:19.664][debug][command:82651916-df13-419e-8d53-a36f3e043460][tid:34][com.facebook.buck.step.DefaultStepRunner] StepStarted(jar)
[2015-05-29 14:13:19.690][debug][command:82651916-df13-419e-8d53-a36f3e043460][tid:34][com.facebook.buck.step.DefaultStepRunner] StepFinished(jar)
[2015-05-29 14:13:19.690][debug][command:82651916-df13-419e-8d53-a36f3e043460][tid:34][com.facebook.buck.step.DefaultStepRunner] StepStarted(calculate_abi)
[2015-05-29 14:13:19.741][debug][command:82651916-df13-419e-8d53-a36f3e043460][tid:34][com.facebook.buck.step.DefaultStepRunner] StepFinished(calculate_abi)
[2015-05-29 14:13:19.741][debug][command:82651916-df13-419e-8d53-a36f3e043460][tid:34][com.facebook.buck.step.DefaultStepRunner] StepStarted(mkdir)
[2015-05-29 14:13:19.742][debug][command:82651916-df13-419e-8d53-a36f3e043460][tid:34][com.facebook.buck.step.DefaultStepRunner] StepFinished(mkdir)
[2015-05-29 14:13:19.742][debug][command:82651916-df13-419e-8d53-a36f3e043460][tid:34][com.facebook.buck.step.DefaultStepRunner] StepStarted(get_class_names)
[2015-05-29 14:13:19.758][debug][command:82651916-df13-419e-8d53-a36f3e043460][tid:34][com.facebook.buck.step.DefaultStepRunner] StepFinished(get_class_names)
[2015-05-29 14:13:19.759][debug][command:82651916-df13-419e-8d53-a36f3e043460][tid:34][com.facebook.buck.rules.CachingBuildEngine] Build completed: //:src
[2015-05-29 14:13:19.769][debug][command:82651916-df13-419e-8d53-a36f3e043460][tid:27][com.facebook.buck.event.listener.LoggingBuildListener] ArtifactFetchCacheStarted(fetch:ed63825621e031b75f1b71e7364731531297a425)
[2015-05-29 14:13:19.770][debug][command:82651916-df13-419e-8d53-a36f3e043460][tid:33][com.facebook.buck.rules.CachingBuildEngine] Building locally: //:debug#dex_merge
[2015-05-29 14:13:19.770][debug][command:82651916-df13-419e-8d53-a36f3e043460][tid:27][com.facebook.buck.event.listener.LoggingBuildListener] ArtifactFetchCacheFinished(fetch:ed63825621e031b75f1b71e7364731531297a425)
[2015-05-29 14:13:19.778][debug][command:82651916-df13-419e-8d53-a36f3e043460][tid:33][com.facebook.buck.step.DefaultStepRunner] StepStarted(mkdir)
[2015-05-29 14:13:19.779][debug][command:82651916-df13-419e-8d53-a36f3e043460][tid:33][com.facebook.buck.step.DefaultStepRunner] StepFinished(mkdir)
[2015-05-29 14:13:19.780][debug][command:82651916-df13-419e-8d53-a36f3e043460][tid:33][com.facebook.buck.shell.ShellStep] Command: /Users/keger/Documents/buck/third-party/java/dx-from-kitkat/etc/dx --dex --no-optimize --output /Users/keger/Documents/workspace/NGUtils/buck-out/bin/.dex/debug/classes.dex /Users/keger/Documents/workspace/NGUtils/buck-out/gen/debug#dex_buildconfig_com_keger_utils.dex.jar /Users/keger/Documents/workspace/NGUtils/buck-out/gen/android-support-v4#dex.dex.jar /Users/keger/Documents/workspace/NGUtils/buck-out/gen/src#dex.dex.jar /Users/keger/Documents/workspace/NGUtils/buck-out/bin/__debug#aapt_package_rdotjava_dex__/classes.dex.jar
[2015-05-29 14:13:19.781][debug][command:82651916-df13-419e-8d53-a36f3e043460][tid:33][com.facebook.buck.step.DefaultStepRunner] StepStarted(dx)
[2015-05-29 14:13:20.113][debug][command:82651916-df13-419e-8d53-a36f3e043460][tid:33][com.facebook.buck.step.DefaultStepRunner] StepFinished(dx)
[2015-05-29 14:13:20.113][debug][command:82651916-df13-419e-8d53-a36f3e043460][tid:33][com.facebook.buck.rules.CachingBuildEngine] Build completed: //:debug#dex_merge
[2015-05-29 14:13:20.123][debug][command:82651916-df13-419e-8d53-a36f3e043460][tid:37][com.facebook.buck.rules.CachingBuildEngine] Building locally: //:debug
[2015-05-29 14:13:20.140][debug][command:82651916-df13-419e-8d53-a36f3e043460][tid:37][com.facebook.buck.step.DefaultStepRunner] StepStarted(apk_builder)
[2015-05-29 14:13:20.453][debug][command:82651916-df13-419e-8d53-a36f3e043460][tid:37][com.facebook.buck.step.DefaultStepRunner] StepFinished(apk_builder)
[2015-05-29 14:13:20.453][debug][command:82651916-df13-419e-8d53-a36f3e043460][tid:37][com.facebook.buck.shell.ShellStep] Command: /Users/keger/Documents/android-sdk-macosx/build-tools/22.0.1/zipalign -f 4 buck-out/gen/debug.signed.apk buck-out/gen/debug.apk
[2015-05-29 14:13:20.453][debug][command:82651916-df13-419e-8d53-a36f3e043460][tid:37][com.facebook.buck.step.DefaultStepRunner] StepStarted(zipalign)
[2015-05-29 14:13:20.463][debug][command:82651916-df13-419e-8d53-a36f3e043460][tid:37][com.facebook.buck.step.DefaultStepRunner] StepFinished(zipalign)
[2015-05-29 14:13:20.463][debug][command:82651916-df13-419e-8d53-a36f3e043460][tid:37][com.facebook.buck.step.DefaultStepRunner] StepStarted(echo)
[2015-05-29 14:13:20.463][debug][command:82651916-df13-419e-8d53-a36f3e043460][tid:37][com.facebook.buck.step.DefaultStepRunner] StepFinished(echo)
[2015-05-29 14:13:20.463][debug][command:82651916-df13-419e-8d53-a36f3e043460][tid:37][com.facebook.buck.rules.CachingBuildEngine] Build completed: //:debug
[2015-05-29 14:13:20.464][info ][command:82651916-df13-419e-8d53-a36f3e043460][tid:27][com.facebook.buck.event.listener.LoggingBuildListener] built APK for //:debug at buck-out/gen/debug.apk
[2015-05-29 14:13:20.467][info ][command:82651916-df13-419e-8d53-a36f3e043460][tid:27][com.facebook.buck.event.listener.LoggingBuildListener] Build finished at 2015-05-29 14:13:20.467
[2015-05-29 14:13:20.467][debug][command:82651916-df13-419e-8d53-a36f3e043460][tid:14][com.facebook.buck.parser.Parser] Cleaning cache of build files with inputs under symlink []
[2015-05-29 14:13:20.468][debug][command:82651916-df13-419e-8d53-a36f3e043460][tid:27][com.facebook.buck.event.listener.LoggingBuildListener] CommandFinished(build, isDaemon: true)
[2015-05-29 14:13:20.468][debug][command:82651916-df13-419e-8d53-a36f3e043460][tid:14][com.facebook.buck.event.listener.SuperConsoleEventBusListener] Stopping render scheduler
[2015-05-29 14:13:20.471][debug][command:82651916-df13-419e-8d53-a36f3e043460][tid:14][com.facebook.buck.event.listener.ChromeTraceBuildListener] Writing Chrome trace to buck-out/log/traces/build.2015-05-29.14-13-20.82651916-df13-419e-8d53-a36f3e043460.trace
[2015-05-29 14:13:20.546][debug][command:82651916-df13-419e-8d53-a36f3e043460][tid:14][com.facebook.buck.cli.Main] Done.
[2015-05-29 14:13:20.547][debug][command:null][tid:14][class com.martiansoftware.nailgun.NGSession] Nail finished.
[2015-05-29 14:13:20.548][debug][command:null][tid:14][class com.martiansoftware.nailgun.NGSession] Closing client streams and socket.
