[2015-05-22 13:48:36.914][debug][command:05012192-64b4-4564-8772-c9e950406456][tid:97][com.facebook.buck.cli.Main] Starting up (build date 2015-05-21 23:42:48 +0800, rev b7030deb681193b4c531dca892f9f10ed6e42cf2), args: [build, debug]
[2015-05-22 13:48:36.923][debug][command:05012192-64b4-4564-8772-c9e950406456][tid:97][com.facebook.buck.io.ExecutableFinder] Executable 'python2' mapped to 'Optional.absent()'
[2015-05-22 13:48:36.923][debug][command:05012192-64b4-4564-8772-c9e950406456][tid:97][com.facebook.buck.io.ExecutableFinder] Executable 'python' mapped to 'Optional.of(/usr/bin/python)'
[2015-05-22 13:48:36.941][warn ][command:05012192-64b4-4564-8772-c9e950406456][tid:97][com.facebook.buck.rules.KnownBuildRuleTypes] Couldn't find version file at /Library/Developer/version.plist (Apple platforms will be unavailable)
[2015-05-22 13:48:36.944][debug][command:05012192-64b4-4564-8772-c9e950406456][tid:97][com.facebook.buck.io.ExecutableFinder] Executable 'python2' mapped to 'Optional.absent()'
[2015-05-22 13:48:36.945][debug][command:05012192-64b4-4564-8772-c9e950406456][tid:97][com.facebook.buck.io.ExecutableFinder] Executable 'python' mapped to 'Optional.of(/usr/bin/python)'
[2015-05-22 13:48:36.946][debug][command:05012192-64b4-4564-8772-c9e950406456][tid:97][com.facebook.buck.io.ExecutableFinder] Executable 'python2' mapped to 'Optional.absent()'
[2015-05-22 13:48:36.947][debug][command:05012192-64b4-4564-8772-c9e950406456][tid:97][com.facebook.buck.io.ExecutableFinder] Executable 'python' mapped to 'Optional.of(/usr/bin/python)'
[2015-05-22 13:48:36.948][debug][command:05012192-64b4-4564-8772-c9e950406456][tid:97][com.facebook.buck.event.listener.SuperConsoleEventBusListener] Starting render scheduler (interval 100 ms)
[2015-05-22 13:48:36.949][debug][command:05012192-64b4-4564-8772-c9e950406456][tid:108][com.facebook.buck.event.listener.LoggingBuildListener] CommandStarted(build, isDaemon: true)
[2015-05-22 13:48:36.949][debug][command:05012192-64b4-4564-8772-c9e950406456][tid:97][com.facebook.buck.util.WatchmanWatcher] Starting watchman command: [watchman, --server-encoding=json, --no-pretty, -j]
[2015-05-22 13:48:36.953][debug][command:05012192-64b4-4564-8772-c9e950406456][tid:97][com.facebook.buck.util.WatchmanWatcher] Writing query to Watchman: ["query","/Users/keger/Documents/workspace/NGUtils",{"since":"n:buckdfd684ffb-71ae-4a9c-9c67-cb5261b1e509","expression":["not",["anyof",["type","d"],["match","buck-out/*","wholename"],["match",".idea/*","wholename"],["match","/Users/keger/Documents/workspace/NGUtils/.buckd/*","wholename"],["match","/Users/keger/Documents/workspace/NGUtils/buck-cache/*","wholename"],["match","*.pbxproj","wholename"],["match","*.xcscheme","wholename"],["match","*.xcworkspacedata","wholename"]]],"empty_on_fresh_instance":true,"fields":["name","exists","new"]}]
[2015-05-22 13:48:36.953][debug][command:05012192-64b4-4564-8772-c9e950406456][tid:97][com.facebook.buck.util.WatchmanWatcher] Parsing JSON output from Watchman
[2015-05-22 13:48:36.971][debug][command:05012192-64b4-4564-8772-c9e950406456][tid:97][com.facebook.buck.parser.Parser] Parsed build files does not contain /Users/keger/Documents/workspace/NGUtils/.buckd/buckd.runcount, not invalidating
[2015-05-22 13:48:36.972][debug][command:05012192-64b4-4564-8772-c9e950406456][tid:97][com.facebook.buck.parser.Parser] Removing targets [] for path /Users/keger/Documents/workspace/NGUtils/.buckd/buckd.runcount
[2015-05-22 13:48:36.976][debug][command:05012192-64b4-4564-8772-c9e950406456][tid:97][com.facebook.buck.parser.Parser] Parsed build files does not contain /Users/keger/Documents/workspace/NGUtils/src/com/keger/utils/Main.java, not invalidating
[2015-05-22 13:48:36.977][debug][command:05012192-64b4-4564-8772-c9e950406456][tid:97][com.facebook.buck.parser.Parser] Removing targets [] for path /Users/keger/Documents/workspace/NGUtils/src/com/keger/utils/Main.java
[2015-05-22 13:48:36.977][debug][command:05012192-64b4-4564-8772-c9e950406456][tid:97][com.facebook.buck.parser.Parser] Parser invalidating /Users/keger/Documents/workspace/NGUtils/BUCK cache
[2015-05-22 13:48:36.978][debug][command:05012192-64b4-4564-8772-c9e950406456][tid:97][com.facebook.buck.parser.Parser] Removing targets [//:src, //:res, //:debug_keystore, //:android-support-v4, //:debug, //:build_config] for path /Users/keger/Documents/workspace/NGUtils/BUCK
[2015-05-22 13:48:36.978][debug][command:05012192-64b4-4564-8772-c9e950406456][tid:97][com.facebook.buck.parser.Parser] Parsed build files does not contain /Users/keger/Documents/workspace/NGUtils/.buckd/tmp/buck_run.5Nr5QJ/buck4672239163999652387.py, not invalidating
[2015-05-22 13:48:36.978][debug][command:05012192-64b4-4564-8772-c9e950406456][tid:97][com.facebook.buck.parser.Parser] Removing targets [] for path /Users/keger/Documents/workspace/NGUtils/.buckd/tmp/buck_run.5Nr5QJ/buck4672239163999652387.py
[2015-05-22 13:48:36.978][debug][command:05012192-64b4-4564-8772-c9e950406456][tid:97][com.facebook.buck.util.WatchmanWatcher] Posted 3 Watchman events. Waiting for subprocess to exit...
[2015-05-22 13:48:36.978][debug][command:05012192-64b4-4564-8772-c9e950406456][tid:97][com.facebook.buck.util.WatchmanWatcher] Watchman exited cleanly.
[2015-05-22 13:48:36.980][debug][command:05012192-64b4-4564-8772-c9e950406456][tid:108][com.facebook.buck.event.listener.LoggingBuildListener] ArtifactCacheConnectStarted()
[2015-05-22 13:48:37.060][debug][command:05012192-64b4-4564-8772-c9e950406456][tid:108][com.facebook.buck.event.listener.LoggingBuildListener] ArtifactCacheConnectFinished()
[2015-05-22 13:48:37.061][debug][command:05012192-64b4-4564-8772-c9e950406456][tid:97][com.facebook.buck.parser.Parser] Parsing BUCK file: /Users/keger/Documents/workspace/NGUtils/BUCK
[2015-05-22 13:48:37.061][info ][command:05012192-64b4-4564-8772-c9e950406456][tid:108][com.facebook.buck.event.listener.LoggingBuildListener] Build started at 2015-05-22 13:48:36.949
[2015-05-22 13:48:37.061][debug][command:05012192-64b4-4564-8772-c9e950406456][tid:108][com.facebook.buck.event.listener.LoggingBuildListener] BuckFilesParseStarted()
[2015-05-22 13:48:37.062][debug][command:05012192-64b4-4564-8772-c9e950406456][tid:97][com.facebook.buck.io.ExecutableFinder] Executable 'python2' mapped to 'Optional.absent()'
[2015-05-22 13:48:37.063][debug][command:05012192-64b4-4564-8772-c9e950406456][tid:97][com.facebook.buck.io.ExecutableFinder] Executable 'python' mapped to 'Optional.of(/usr/bin/python)'
[2015-05-22 13:48:37.063][debug][command:05012192-64b4-4564-8772-c9e950406456][tid:97][com.facebook.buck.json.ProjectBuildFileParser] Creating temporary buck.py instance...
[2015-05-22 13:48:37.075][debug][command:05012192-64b4-4564-8772-c9e950406456][tid:97][com.facebook.buck.json.ProjectBuildFileParser] Created temporary buck.py instance at /Users/keger/Documents/workspace/NGUtils/.buckd/tmp/buck_run.5Nr5QJ/buck7456125392113557901.py.
[2015-05-22 13:48:37.076][debug][command:05012192-64b4-4564-8772-c9e950406456][tid:97][com.facebook.buck.json.ProjectBuildFileParser] Starting buck.py command: [/usr/bin/python, -u, /Users/keger/Documents/workspace/NGUtils/.buckd/tmp/buck_run.5Nr5QJ/buck7456125392113557901.py, --allow_empty_globs, --project_root, /Users/keger/Documents/workspace/NGUtils, --build_file_name, BUCK] environment: {PATH=/Users/keger/.jenv/shims:/Users/keger/.jenv/bin:/Users/keger/.jenv/shims:/Users/keger/.jenv/bin:/Users/keger/.gvm/vertx/current/bin:/Users/keger/.gvm/springboot/current/bin:/Users/keger/.gvm/lazybones/current/bin:/Users/keger/.gvm/jbake/current/bin:/Users/keger/.gvm/groovyserv/current/bin:/Users/keger/.gvm/groovy/current/bin:/Users/keger/.gvm/griffon/current/bin:/Users/keger/.gvm/grails/current/bin:/Users/keger/.gvm/gradle/current/bin:/Users/keger/.gvm/glide/current/bin:/Users/keger/.gvm/gaiden/current/bin:/Users/keger/.gvm/crash/current/bin:/Users/keger/.gvm/asciidoctorj/current/bin:/Users/keger/bin:/usr/local/bin:/usr/bin:/bin:/usr/sbin:/sbin:/usr/local/git/bin:/Users/keger/Documents/android-sdk-macosx/tools:/Users/keger/Documents/android-sdk-macosx/platform-tools:/usr/local/bin:/Users/keger/bin, GRAILS_HOME=/Users/keger/.gvm/grails/current, ASCIIDOCTORJ_HOME=/Users/keger/.gvm/asciidoctorj/current, VERTX_HOME=/Users/keger/.gvm/vertx/current, LOGNAME=keger, PWD=/Users/keger/Documents/workspace/NGUtils, TERM_PROGRAM_VERSION=343.7, SPRINGBOOT_HOME=/Users/keger/.gvm/springboot/current, PYTHONPATH=/Users/keger/Documents/buck/third-party/py/pathlib, SHELL=/bin/bash, GROOVYSERV_HOME=/Users/keger/.gvm/groovyserv/current, GVM_PLATFORM=Darwin, VERSIONER_PYTHON_PREFER_32_BIT=no, TMPDIR=/var/folders/rz/3xhpytv543gg8f5p8l382jhw0000gn/T/, XPC_FLAGS=0x0, __CF_USER_TEXT_ENCODING=0x1F5:0x19:0x34, CRASH_HOME=/Users/keger/.gvm/crash/current, Apple_PubSub_Socket_Render=/private/tmp/com.apple.launchd.PMPnotaMvk/Render, SHLVL=1, GVM_BROADCAST_SERVICE=http://cast.gvm.io, GRIFFON_HOME=/Users/keger/.gvm/griffon/current, NAILGUN_TTY_2=1, NAILGUN_TTY_1=1, NAILGUN_TTY_0=1, GVM_VERSION=2.4.1, LAZYBONES_HOME=/Users/keger/.gvm/lazybones/current, GAIDEN_HOME=/Users/keger/.gvm/gaiden/current, TERM=xterm-256color, NAILGUN_FILESEPARATOR=/, LANG=zh_CN.UTF-8, GRADLE_HOME=/Users/keger/.gvm/gradle/current, GROOVY_HOME=/Users/keger/.gvm/groovy/current, VERSIONER_PYTHON_VERSION=2.7, GVM_SERVICE=http://api.gvmtool.net, XPC_SERVICE_NAME=0, NAILGUN_PATHSEPARATOR=:, JBAKE_HOME=/Users/keger/.gvm/jbake/current, TERM_PROGRAM=Apple_Terminal, GVM_DIR=/Users/keger/.gvm, USER=keger, GVM_BROKER_SERVICE=http://release.gvm.io, SSH_AUTH_SOCK=/private/tmp/com.apple.launchd.y9KXJSuojr/Listeners, GVM_INIT=true, GLIDE_HOME=/Users/keger/.gvm/glide/current, HOME=/Users/keger, JENV_LOADED=1}
[2015-05-22 13:48:37.078][debug][command:05012192-64b4-4564-8772-c9e950406456][tid:97][com.facebook.buck.json.ProjectBuildFileParser] Started process java.lang.UNIXProcess@d7c798d successfully
[2015-05-22 13:48:37.079][debug][command:05012192-64b4-4564-8772-c9e950406456][tid:97][com.facebook.buck.json.ProjectBuildFileParser] Parsing output of process java.lang.UNIXProcess@d7c798d...
[2015-05-22 13:48:37.147][debug][command:05012192-64b4-4564-8772-c9e950406456][tid:97][com.facebook.buck.json.ProjectBuildFileParser] Parsed 7 rules from process
[2015-05-22 13:48:37.155][debug][command:05012192-64b4-4564-8772-c9e950406456][tid:108][com.facebook.buck.event.listener.LoggingBuildListener] ParseStarted(//:debug)
[2015-05-22 13:48:37.156][debug][command:05012192-64b4-4564-8772-c9e950406456][tid:108][com.facebook.buck.event.listener.LoggingBuildListener] ParseFinished(//:debug)
[2015-05-22 13:48:37.161][debug][command:05012192-64b4-4564-8772-c9e950406456][tid:97][com.facebook.buck.json.ProjectBuildFileParser] Waiting for process java.lang.UNIXProcess@d7c798d to exit...
[2015-05-22 13:48:37.162][debug][command:05012192-64b4-4564-8772-c9e950406456][tid:97][com.facebook.buck.json.ProjectBuildFileParser] Process java.lang.UNIXProcess@d7c798d exited cleanly.
[2015-05-22 13:48:37.162][debug][command:05012192-64b4-4564-8772-c9e950406456][tid:108][com.facebook.buck.event.listener.LoggingBuildListener] BuckFilesParseFinished()
[2015-05-22 13:48:37.162][debug][command:05012192-64b4-4564-8772-c9e950406456][tid:108][com.facebook.buck.event.listener.LoggingBuildListener] BuildActionGraphStarted()
[2015-05-22 13:48:37.166][debug][command:05012192-64b4-4564-8772-c9e950406456][tid:108][com.facebook.buck.event.listener.LoggingBuildListener] BuildActionGraphFinished()
[2015-05-22 13:48:37.166][debug][command:05012192-64b4-4564-8772-c9e950406456][tid:108][com.facebook.buck.event.listener.LoggingBuildListener] RuleCountCalculated(//:debug)
[2015-05-22 13:48:37.180][debug][command:05012192-64b4-4564-8772-c9e950406456][tid:108][com.facebook.buck.event.listener.LoggingBuildListener] ArtifactFetchCacheStarted(fetch:b8d7321496047cf2f129e003d97f72d1c36c7564)
[2015-05-22 13:48:37.180][debug][command:05012192-64b4-4564-8772-c9e950406456][tid:117][com.facebook.buck.rules.CachingBuildEngine] Building locally: //:src
[2015-05-22 13:48:37.181][debug][command:05012192-64b4-4564-8772-c9e950406456][tid:108][com.facebook.buck.event.listener.LoggingBuildListener] ArtifactFetchCacheFinished(fetch:b8d7321496047cf2f129e003d97f72d1c36c7564)
[2015-05-22 13:48:37.182][warn ][command:05012192-64b4-4564-8772-c9e950406456][tid:108][com.facebook.buck.event.listener.LoggingBuildListener] No Android platform target specified. Using default: Google Inc.:Google APIs:21
[2015-05-22 13:48:37.209][debug][command:05012192-64b4-4564-8772-c9e950406456][tid:117][com.facebook.buck.step.DefaultStepRunner] StepStarted(rm_&&_mkdir)
[2015-05-22 13:48:37.217][debug][command:05012192-64b4-4564-8772-c9e950406456][tid:117][com.facebook.buck.step.DefaultStepRunner] StepFinished(rm_&&_mkdir)
[2015-05-22 13:48:37.218][debug][command:05012192-64b4-4564-8772-c9e950406456][tid:117][com.facebook.buck.step.DefaultStepRunner] StepStarted(rm_&&_mkdir)
[2015-05-22 13:48:37.219][debug][command:05012192-64b4-4564-8772-c9e950406456][tid:117][com.facebook.buck.step.DefaultStepRunner] StepFinished(rm_&&_mkdir)
[2015-05-22 13:48:37.221][debug][command:05012192-64b4-4564-8772-c9e950406456][tid:117][com.facebook.buck.step.DefaultStepRunner] StepStarted(mkdir)
[2015-05-22 13:48:37.221][debug][command:05012192-64b4-4564-8772-c9e950406456][tid:117][com.facebook.buck.step.DefaultStepRunner] StepFinished(mkdir)
[2015-05-22 13:48:37.221][debug][command:05012192-64b4-4564-8772-c9e950406456][tid:117][com.facebook.buck.step.DefaultStepRunner] StepStarted(javac)
[2015-05-22 13:48:38.142][debug][command:05012192-64b4-4564-8772-c9e950406456][tid:117][com.facebook.buck.step.DefaultStepRunner] StepFinished(javac)
[2015-05-22 13:48:38.142][debug][command:05012192-64b4-4564-8772-c9e950406456][tid:117][com.facebook.buck.step.DefaultStepRunner] StepStarted(copy_resources)
[2015-05-22 13:48:38.143][debug][command:05012192-64b4-4564-8772-c9e950406456][tid:117][com.facebook.buck.step.DefaultStepRunner] StepFinished(copy_resources)
[2015-05-22 13:48:38.143][debug][command:05012192-64b4-4564-8772-c9e950406456][tid:117][com.facebook.buck.step.DefaultStepRunner] StepStarted(rm_&&_mkdir)
[2015-05-22 13:48:38.144][debug][command:05012192-64b4-4564-8772-c9e950406456][tid:117][com.facebook.buck.step.DefaultStepRunner] StepFinished(rm_&&_mkdir)
[2015-05-22 13:48:38.144][debug][command:05012192-64b4-4564-8772-c9e950406456][tid:117][com.facebook.buck.step.DefaultStepRunner] StepStarted(mkdir)
[2015-05-22 13:48:38.145][debug][command:05012192-64b4-4564-8772-c9e950406456][tid:117][com.facebook.buck.step.DefaultStepRunner] StepFinished(mkdir)
[2015-05-22 13:48:38.145][debug][command:05012192-64b4-4564-8772-c9e950406456][tid:117][com.facebook.buck.step.DefaultStepRunner] StepStarted(jar)
[2015-05-22 13:48:38.174][debug][command:05012192-64b4-4564-8772-c9e950406456][tid:117][com.facebook.buck.step.DefaultStepRunner] StepFinished(jar)
[2015-05-22 13:48:38.175][debug][command:05012192-64b4-4564-8772-c9e950406456][tid:117][com.facebook.buck.step.DefaultStepRunner] StepStarted(calculate_abi)
[2015-05-22 13:48:38.219][debug][command:05012192-64b4-4564-8772-c9e950406456][tid:117][com.facebook.buck.step.DefaultStepRunner] StepFinished(calculate_abi)
[2015-05-22 13:48:38.219][debug][command:05012192-64b4-4564-8772-c9e950406456][tid:117][com.facebook.buck.step.DefaultStepRunner] StepStarted(mkdir)
[2015-05-22 13:48:38.220][debug][command:05012192-64b4-4564-8772-c9e950406456][tid:117][com.facebook.buck.step.DefaultStepRunner] StepFinished(mkdir)
[2015-05-22 13:48:38.220][debug][command:05012192-64b4-4564-8772-c9e950406456][tid:117][com.facebook.buck.step.DefaultStepRunner] StepStarted(get_class_names)
[2015-05-22 13:48:38.229][debug][command:05012192-64b4-4564-8772-c9e950406456][tid:117][com.facebook.buck.step.DefaultStepRunner] StepFinished(get_class_names)
[2015-05-22 13:48:38.229][debug][command:05012192-64b4-4564-8772-c9e950406456][tid:117][com.facebook.buck.rules.CachingBuildEngine] Build completed: //:src
[2015-05-22 13:48:38.249][debug][command:05012192-64b4-4564-8772-c9e950406456][tid:114][com.facebook.buck.rules.CachingBuildEngine] Building locally: //:src#dex
[2015-05-22 13:48:38.262][debug][command:05012192-64b4-4564-8772-c9e950406456][tid:114][com.facebook.buck.step.DefaultStepRunner] StepStarted(rm)
[2015-05-22 13:48:38.262][debug][command:05012192-64b4-4564-8772-c9e950406456][tid:114][com.facebook.buck.step.DefaultStepRunner] StepFinished(rm)
[2015-05-22 13:48:38.262][debug][command:05012192-64b4-4564-8772-c9e950406456][tid:114][com.facebook.buck.step.DefaultStepRunner] StepStarted(mkdir)
[2015-05-22 13:48:38.263][debug][command:05012192-64b4-4564-8772-c9e950406456][tid:114][com.facebook.buck.step.DefaultStepRunner] StepFinished(mkdir)
[2015-05-22 13:48:38.263][debug][command:05012192-64b4-4564-8772-c9e950406456][tid:114][com.facebook.buck.step.DefaultStepRunner] StepStarted(estimate_linear_alloc)
[2015-05-22 13:48:38.263][debug][command:05012192-64b4-4564-8772-c9e950406456][tid:114][com.facebook.buck.step.DefaultStepRunner] StepFinished(estimate_linear_alloc)
[2015-05-22 13:48:38.265][debug][command:05012192-64b4-4564-8772-c9e950406456][tid:114][com.facebook.buck.shell.ShellStep] Command: /Users/keger/Documents/buck/third-party/java/dx-from-kitkat/etc/dx --dex --no-optimize --force-jumbo --output /Users/keger/Documents/workspace/NGUtils/buck-out/gen/src#dex.dex.jar /Users/keger/Documents/workspace/NGUtils/buck-out/gen/lib__src__output/src.jar
[2015-05-22 13:48:38.265][debug][command:05012192-64b4-4564-8772-c9e950406456][tid:114][com.facebook.buck.step.DefaultStepRunner] StepStarted(dx)
[2015-05-22 13:48:38.791][debug][command:05012192-64b4-4564-8772-c9e950406456][tid:114][com.facebook.buck.step.DefaultStepRunner] StepFinished(dx)
[2015-05-22 13:48:38.791][debug][command:05012192-64b4-4564-8772-c9e950406456][tid:114][com.facebook.buck.step.DefaultStepRunner] StepStarted(record_dx_success)
[2015-05-22 13:48:38.791][debug][command:05012192-64b4-4564-8772-c9e950406456][tid:114][com.facebook.buck.step.DefaultStepRunner] StepFinished(record_dx_success)
[2015-05-22 13:48:38.792][debug][command:05012192-64b4-4564-8772-c9e950406456][tid:114][com.facebook.buck.rules.CachingBuildEngine] Build completed: //:src#dex
[2015-05-22 13:48:38.794][debug][command:05012192-64b4-4564-8772-c9e950406456][tid:116][com.facebook.buck.rules.CachingBuildEngine] Building locally: //:debug#dex_merge
[2015-05-22 13:48:38.797][debug][command:05012192-64b4-4564-8772-c9e950406456][tid:116][com.facebook.buck.step.DefaultStepRunner] StepStarted(mkdir)
[2015-05-22 13:48:38.798][debug][command:05012192-64b4-4564-8772-c9e950406456][tid:116][com.facebook.buck.step.DefaultStepRunner] StepFinished(mkdir)
[2015-05-22 13:48:38.798][debug][command:05012192-64b4-4564-8772-c9e950406456][tid:116][com.facebook.buck.shell.ShellStep] Command: /Users/keger/Documents/buck/third-party/java/dx-from-kitkat/etc/dx --dex --no-optimize --output /Users/keger/Documents/workspace/NGUtils/buck-out/bin/.dex/debug/classes.dex /Users/keger/Documents/workspace/NGUtils/buck-out/gen/debug#dex_buildconfig_com_keger_utils.dex.jar /Users/keger/Documents/workspace/NGUtils/buck-out/gen/android-support-v4#dex.dex.jar /Users/keger/Documents/workspace/NGUtils/buck-out/gen/src#dex.dex.jar /Users/keger/Documents/workspace/NGUtils/buck-out/bin/__debug#aapt_package_rdotjava_dex__/classes.dex.jar
[2015-05-22 13:48:38.798][debug][command:05012192-64b4-4564-8772-c9e950406456][tid:116][com.facebook.buck.step.DefaultStepRunner] StepStarted(dx)
[2015-05-22 13:48:39.125][debug][command:05012192-64b4-4564-8772-c9e950406456][tid:116][com.facebook.buck.step.DefaultStepRunner] StepFinished(dx)
[2015-05-22 13:48:39.125][debug][command:05012192-64b4-4564-8772-c9e950406456][tid:116][com.facebook.buck.rules.CachingBuildEngine] Build completed: //:debug#dex_merge
[2015-05-22 13:48:39.129][debug][command:05012192-64b4-4564-8772-c9e950406456][tid:118][com.facebook.buck.rules.CachingBuildEngine] Building locally: //:debug
[2015-05-22 13:48:39.138][debug][command:05012192-64b4-4564-8772-c9e950406456][tid:118][com.facebook.buck.step.DefaultStepRunner] StepStarted(apk_builder)
[2015-05-22 13:48:39.366][debug][command:05012192-64b4-4564-8772-c9e950406456][tid:118][com.facebook.buck.step.DefaultStepRunner] StepFinished(apk_builder)
[2015-05-22 13:48:39.366][debug][command:05012192-64b4-4564-8772-c9e950406456][tid:118][com.facebook.buck.shell.ShellStep] Command: /Users/keger/Documents/android-sdk-macosx/build-tools/22.0.1/zipalign -f 4 buck-out/gen/debug.signed.apk buck-out/gen/debug.apk
[2015-05-22 13:48:39.366][debug][command:05012192-64b4-4564-8772-c9e950406456][tid:118][com.facebook.buck.step.DefaultStepRunner] StepStarted(zipalign)
[2015-05-22 13:48:39.379][debug][command:05012192-64b4-4564-8772-c9e950406456][tid:118][com.facebook.buck.step.DefaultStepRunner] StepFinished(zipalign)
[2015-05-22 13:48:39.380][debug][command:05012192-64b4-4564-8772-c9e950406456][tid:118][com.facebook.buck.step.DefaultStepRunner] StepStarted(echo)
[2015-05-22 13:48:39.380][info ][command:05012192-64b4-4564-8772-c9e950406456][tid:108][com.facebook.buck.event.listener.LoggingBuildListener] built APK for //:debug at buck-out/gen/debug.apk
[2015-05-22 13:48:39.380][debug][command:05012192-64b4-4564-8772-c9e950406456][tid:118][com.facebook.buck.step.DefaultStepRunner] StepFinished(echo)
[2015-05-22 13:48:39.380][debug][command:05012192-64b4-4564-8772-c9e950406456][tid:118][com.facebook.buck.rules.CachingBuildEngine] Build completed: //:debug
[2015-05-22 13:48:39.382][info ][command:05012192-64b4-4564-8772-c9e950406456][tid:108][com.facebook.buck.event.listener.LoggingBuildListener] Build finished at 2015-05-22 13:48:39.381
[2015-05-22 13:48:39.382][debug][command:05012192-64b4-4564-8772-c9e950406456][tid:97][com.facebook.buck.parser.Parser] Cleaning cache of build files with inputs under symlink []
[2015-05-22 13:48:39.382][debug][command:05012192-64b4-4564-8772-c9e950406456][tid:108][com.facebook.buck.event.listener.LoggingBuildListener] CommandFinished(build, isDaemon: true)
[2015-05-22 13:48:39.382][debug][command:05012192-64b4-4564-8772-c9e950406456][tid:97][com.facebook.buck.event.listener.SuperConsoleEventBusListener] Stopping render scheduler
[2015-05-22 13:48:39.384][debug][command:05012192-64b4-4564-8772-c9e950406456][tid:97][com.facebook.buck.event.listener.ChromeTraceBuildListener] Writing Chrome trace to buck-out/log/traces/build.2015-05-22.13-48-39.05012192-64b4-4564-8772-c9e950406456.trace
[2015-05-22 13:48:39.398][debug][command:05012192-64b4-4564-8772-c9e950406456][tid:97][com.facebook.buck.cli.Main] Done.
[2015-05-22 13:48:39.398][debug][command:null][tid:97][class com.martiansoftware.nailgun.NGSession] Nail finished.
[2015-05-22 13:48:39.398][debug][command:null][tid:97][class com.martiansoftware.nailgun.NGSession] Closing client streams and socket.
[2015-05-22 17:53:24.588][debug][command:null][tid:20][class com.martiansoftware.nailgun.NGServer] Shutting down nailgun server.
[2015-05-22 17:53:24.593][debug][command:null][tid:20][class com.martiansoftware.nailgun.NGServer] Closed server socket.
[2015-05-22 17:53:24.593][debug][command:null][tid:20][class com.martiansoftware.nailgun.NGServer] Shut down session pool.
[2015-05-22 17:53:24.593][debug][command:null][tid:20][class com.martiansoftware.nailgun.NGServer] Creating nailstats...
[2015-05-22 17:53:24.597][debug][command:null][tid:20][class com.martiansoftware.nailgun.NGServer] Calling nailShutdown() method on com.martiansoftware.nailgun.builtins.NGServerStats
[2015-05-22 17:53:24.597][debug][command:null][tid:20][class com.martiansoftware.nailgun.NGServer] com.martiansoftware.nailgun.builtins.NGServerStats.nailShutdown() exited cleanly.
[2015-05-22 17:53:24.600][debug][command:null][tid:20][class com.martiansoftware.nailgun.NGServer] Exiting VM.
