[2015-05-20 23:18:11.135][debug][command:8edb3609-b481-43e5-a27a-032aa766cb0c][tid:196][com.facebook.buck.cli.Main] Starting up (build date 2015-04-14 05:47:36 +0800, rev bf0e5a4564171977c36376f1e66dd9bf2b037c65), args: [build, debug]
[2015-05-20 23:18:11.151][debug][command:8edb3609-b481-43e5-a27a-032aa766cb0c][tid:196][com.facebook.buck.io.ExecutableFinder] Executable 'python2' mapped to 'Optional.absent()'
[2015-05-20 23:18:11.152][debug][command:8edb3609-b481-43e5-a27a-032aa766cb0c][tid:196][com.facebook.buck.io.ExecutableFinder] Executable 'python' mapped to 'Optional.of(/usr/bin/python)'
[2015-05-20 23:18:11.176][warn ][command:8edb3609-b481-43e5-a27a-032aa766cb0c][tid:196][com.facebook.buck.rules.KnownBuildRuleTypes] Couldn't find version file at /Library/Developer/version.plist (Apple platforms will be unavailable)
[2015-05-20 23:18:11.180][debug][command:8edb3609-b481-43e5-a27a-032aa766cb0c][tid:196][com.facebook.buck.io.ExecutableFinder] Executable 'python2' mapped to 'Optional.absent()'
[2015-05-20 23:18:11.181][debug][command:8edb3609-b481-43e5-a27a-032aa766cb0c][tid:196][com.facebook.buck.io.ExecutableFinder] Executable 'python' mapped to 'Optional.of(/usr/bin/python)'
[2015-05-20 23:18:11.184][debug][command:8edb3609-b481-43e5-a27a-032aa766cb0c][tid:196][com.facebook.buck.io.ExecutableFinder] Executable 'python2' mapped to 'Optional.absent()'
[2015-05-20 23:18:11.186][debug][command:8edb3609-b481-43e5-a27a-032aa766cb0c][tid:196][com.facebook.buck.io.ExecutableFinder] Executable 'python' mapped to 'Optional.of(/usr/bin/python)'
[2015-05-20 23:18:11.187][debug][command:8edb3609-b481-43e5-a27a-032aa766cb0c][tid:196][com.facebook.buck.event.listener.SuperConsoleEventBusListener] Starting render scheduler (interval 100 ms)
[2015-05-20 23:18:11.191][debug][command:8edb3609-b481-43e5-a27a-032aa766cb0c][tid:196][com.facebook.buck.util.WatchmanWatcher] Starting watchman command: [watchman, --server-encoding=json, --no-pretty, -j]
[2015-05-20 23:18:11.191][debug][command:8edb3609-b481-43e5-a27a-032aa766cb0c][tid:207][com.facebook.buck.event.listener.LoggingBuildListener] CommandStarted(build, isDaemon: true)
[2015-05-20 23:18:11.195][debug][command:8edb3609-b481-43e5-a27a-032aa766cb0c][tid:196][com.facebook.buck.util.WatchmanWatcher] Writing query to Watchman: ["query","/Users/keger/Documents/workspace/NGUtils",{"since":"n:buckd498c26e2-42e9-4cf5-8fbe-f2a5c1eb75fc","expression":["not",["anyof",["type","d"],["match","buck-out/*","wholename"],["match",".idea/*","wholename"],["match","/Users/keger/Documents/workspace/NGUtils/.buckd/*","wholename"],["match","/Users/keger/Documents/workspace/NGUtils/buck-cache/*","wholename"],["match","*.pbxproj","wholename"],["match","*.xcscheme","wholename"],["match","*.xcworkspacedata","wholename"]]],"empty_on_fresh_instance":true,"fields":["name","exists","new"]}]
[2015-05-20 23:18:11.195][debug][command:8edb3609-b481-43e5-a27a-032aa766cb0c][tid:196][com.facebook.buck.util.WatchmanWatcher] Parsing JSON output from Watchman
[2015-05-20 23:18:11.214][debug][command:8edb3609-b481-43e5-a27a-032aa766cb0c][tid:196][com.facebook.buck.parser.Parser] Parsed build files does not contain /Users/keger/Documents/workspace/NGUtils/.buckd/buckd.runcount, not invalidating
[2015-05-20 23:18:11.214][debug][command:8edb3609-b481-43e5-a27a-032aa766cb0c][tid:196][com.facebook.buck.parser.Parser] Removing targets [] for path /Users/keger/Documents/workspace/NGUtils/.buckd/buckd.runcount
[2015-05-20 23:18:11.215][debug][command:8edb3609-b481-43e5-a27a-032aa766cb0c][tid:196][com.facebook.buck.parser.Parser] Parsed build files does not contain /Users/keger/Documents/workspace/NGUtils/BUCK, not invalidating
[2015-05-20 23:18:11.215][debug][command:8edb3609-b481-43e5-a27a-032aa766cb0c][tid:196][com.facebook.buck.parser.Parser] Removing targets [] for path /Users/keger/Documents/workspace/NGUtils/BUCK
[2015-05-20 23:18:11.216][debug][command:8edb3609-b481-43e5-a27a-032aa766cb0c][tid:196][com.facebook.buck.parser.Parser] Parsed build files does not contain /Users/keger/Documents/workspace/NGUtils/BUCK, not invalidating
[2015-05-20 23:18:11.216][debug][command:8edb3609-b481-43e5-a27a-032aa766cb0c][tid:196][com.facebook.buck.parser.Parser] Removing targets [] for path /Users/keger/Documents/workspace/NGUtils/BUCK
[2015-05-20 23:18:11.216][debug][command:8edb3609-b481-43e5-a27a-032aa766cb0c][tid:196][com.facebook.buck.parser.Parser] Parsed build files does not contain /Users/keger/Documents/workspace/NGUtils/.git/index.lock, not invalidating
[2015-05-20 23:18:11.216][debug][command:8edb3609-b481-43e5-a27a-032aa766cb0c][tid:196][com.facebook.buck.parser.Parser] Removing targets [] for path /Users/keger/Documents/workspace/NGUtils/.git/index.lock
[2015-05-20 23:18:11.216][debug][command:8edb3609-b481-43e5-a27a-032aa766cb0c][tid:196][com.facebook.buck.parser.Parser] Parsed build files does not contain /Users/keger/Documents/workspace/NGUtils/BUCK, not invalidating
[2015-05-20 23:18:11.217][debug][command:8edb3609-b481-43e5-a27a-032aa766cb0c][tid:196][com.facebook.buck.parser.Parser] Removing targets [] for path /Users/keger/Documents/workspace/NGUtils/BUCK
[2015-05-20 23:18:11.217][debug][command:8edb3609-b481-43e5-a27a-032aa766cb0c][tid:196][com.facebook.buck.parser.Parser] Parsed build files does not contain /Users/keger/Documents/workspace/NGUtils/.buckd/tmp/buck_run.L78kap/buck1095967653760089981.py, not invalidating
[2015-05-20 23:18:11.217][debug][command:8edb3609-b481-43e5-a27a-032aa766cb0c][tid:196][com.facebook.buck.parser.Parser] Removing targets [] for path /Users/keger/Documents/workspace/NGUtils/.buckd/tmp/buck_run.L78kap/buck1095967653760089981.py
[2015-05-20 23:18:11.217][debug][command:8edb3609-b481-43e5-a27a-032aa766cb0c][tid:196][com.facebook.buck.util.WatchmanWatcher] Posted 4 Watchman events. Waiting for subprocess to exit...
[2015-05-20 23:18:11.217][debug][command:8edb3609-b481-43e5-a27a-032aa766cb0c][tid:196][com.facebook.buck.util.WatchmanWatcher] Watchman exited cleanly.
[2015-05-20 23:18:11.219][debug][command:8edb3609-b481-43e5-a27a-032aa766cb0c][tid:207][com.facebook.buck.event.listener.LoggingBuildListener] ArtifactCacheConnectStarted()
[2015-05-20 23:18:11.292][debug][command:8edb3609-b481-43e5-a27a-032aa766cb0c][tid:207][com.facebook.buck.event.listener.LoggingBuildListener] ArtifactCacheConnectFinished()
[2015-05-20 23:18:11.292][debug][command:8edb3609-b481-43e5-a27a-032aa766cb0c][tid:196][com.facebook.buck.parser.Parser] Parsing BUCK file: /Users/keger/Documents/workspace/NGUtils/BUCK
[2015-05-20 23:18:11.292][info ][command:8edb3609-b481-43e5-a27a-032aa766cb0c][tid:207][com.facebook.buck.event.listener.LoggingBuildListener] Build started at 2015-05-20 23:18:11.191
[2015-05-20 23:18:11.293][debug][command:8edb3609-b481-43e5-a27a-032aa766cb0c][tid:207][com.facebook.buck.event.listener.LoggingBuildListener] BuckFilesParseStarted()
[2015-05-20 23:18:11.294][debug][command:8edb3609-b481-43e5-a27a-032aa766cb0c][tid:196][com.facebook.buck.io.ExecutableFinder] Executable 'python2' mapped to 'Optional.absent()'
[2015-05-20 23:18:11.295][debug][command:8edb3609-b481-43e5-a27a-032aa766cb0c][tid:196][com.facebook.buck.io.ExecutableFinder] Executable 'python' mapped to 'Optional.of(/usr/bin/python)'
[2015-05-20 23:18:11.295][debug][command:8edb3609-b481-43e5-a27a-032aa766cb0c][tid:196][com.facebook.buck.json.ProjectBuildFileParser] Creating temporary buck.py instance...
[2015-05-20 23:18:11.306][debug][command:8edb3609-b481-43e5-a27a-032aa766cb0c][tid:196][com.facebook.buck.json.ProjectBuildFileParser] Created temporary buck.py instance at /Users/keger/Documents/workspace/NGUtils/.buckd/tmp/buck_run.L78kap/buck3538296118036394027.py.
[2015-05-20 23:18:11.307][debug][command:8edb3609-b481-43e5-a27a-032aa766cb0c][tid:196][com.facebook.buck.json.ProjectBuildFileParser] Starting buck.py command: [/usr/bin/python, -u, /Users/keger/Documents/workspace/NGUtils/.buckd/tmp/buck_run.L78kap/buck3538296118036394027.py, --allow_empty_globs, --project_root, /Users/keger/Documents/workspace/NGUtils, --build_file_name, BUCK] environment: {PATH=/Users/keger/.jenv/shims:/Users/keger/.jenv/bin:/Users/keger/.jenv/shims:/Users/keger/.jenv/bin:/Users/keger/bin:/usr/local/bin:/usr/bin:/bin:/usr/sbin:/sbin:/usr/local/git/bin:/Users/keger/.gvm/vertx/current/bin:/Users/keger/.gvm/springboot/current/bin:/Users/keger/.gvm/lazybones/current/bin:/Users/keger/.gvm/jbake/current/bin:/Users/keger/.gvm/groovyserv/current/bin:/Users/keger/.gvm/groovy/current/bin:/Users/keger/.gvm/griffon/current/bin:/Users/keger/.gvm/grails/current/bin:/Users/keger/.gvm/gradle/current/bin:/Users/keger/.gvm/glide/current/bin:/Users/keger/.gvm/gaiden/current/bin:/Users/keger/.gvm/crash/current/bin:/Users/keger/.gvm/asciidoctorj/current/bin:/Users/keger/bin:/Users/keger/Documents/android-sdk-macosx/tools:/Users/keger/Documents/android-sdk-macosx/platform-tools:/Users/keger/Documents/android-sdk-macosx/tools:/Users/keger/Documents/android-sdk-macosx/platform-tools:/usr/local/bin:/Users/keger/bin, GRAILS_HOME=/Users/keger/.gvm/grails/current, ASCIIDOCTORJ_HOME=/Users/keger/.gvm/asciidoctorj/current, VERTX_HOME=/Users/keger/.gvm/vertx/current, JENV_VERSION=oracle64-1.8.0.45, LOGNAME=keger, PWD=/Users/keger/Documents/workspace/NGUtils, TERM_PROGRAM_VERSION=343.7, SPRINGBOOT_HOME=/Users/keger/.gvm/springboot/current, PYTHONPATH=/Users/keger/Documents/buck/third-party/py/pathlib, SHELL=/bin/bash, GROOVYSERV_HOME=/Users/keger/.gvm/groovyserv/current, GVM_PLATFORM=Darwin, VERSIONER_PYTHON_PREFER_32_BIT=no, TMPDIR=/var/folders/rz/3xhpytv543gg8f5p8l382jhw0000gn/T/, XPC_FLAGS=0x0, __CF_USER_TEXT_ENCODING=0x1F5:0x19:0x34, CRASH_HOME=/Users/keger/.gvm/crash/current, Apple_PubSub_Socket_Render=/private/tmp/com.apple.launchd.JSMkSCNxYT/Render, SHLVL=1, GVM_BROADCAST_SERVICE=http://cast.gvm.io, GRIFFON_HOME=/Users/keger/.gvm/griffon/current, NAILGUN_TTY_2=1, NAILGUN_TTY_1=1, NAILGUN_TTY_0=1, GVM_VERSION=2.4.1, LAZYBONES_HOME=/Users/keger/.gvm/lazybones/current, GAIDEN_HOME=/Users/keger/.gvm/gaiden/current, TERM=xterm-256color, NAILGUN_FILESEPARATOR=/, LANG=zh_CN.UTF-8, GRADLE_HOME=/Users/keger/.gvm/gradle/current, GROOVY_HOME=/Users/keger/.gvm/groovy/current, VERSIONER_PYTHON_VERSION=2.7, GVM_SERVICE=http://api.gvmtool.net, XPC_SERVICE_NAME=0, NAILGUN_PATHSEPARATOR=:, JBAKE_HOME=/Users/keger/.gvm/jbake/current, TERM_PROGRAM=Apple_Terminal, GVM_DIR=/Users/keger/.gvm, USER=keger, GVM_BROKER_SERVICE=http://release.gvm.io, SSH_AUTH_SOCK=/private/tmp/com.apple.launchd.kdSNEtGnrF/Listeners, GVM_INIT=true, GLIDE_HOME=/Users/keger/.gvm/glide/current, HOME=/Users/keger, JENV_LOADED=1}
[2015-05-20 23:18:11.312][debug][command:8edb3609-b481-43e5-a27a-032aa766cb0c][tid:196][com.facebook.buck.json.ProjectBuildFileParser] Started process java.lang.UNIXProcess@999c532 successfully
[2015-05-20 23:18:11.312][debug][command:8edb3609-b481-43e5-a27a-032aa766cb0c][tid:196][com.facebook.buck.json.ProjectBuildFileParser] Parsing output of process java.lang.UNIXProcess@999c532...
[2015-05-20 23:18:11.437][debug][command:8edb3609-b481-43e5-a27a-032aa766cb0c][tid:196][com.facebook.buck.json.ProjectBuildFileParser] Parsed 7 rules from process
[2015-05-20 23:18:11.445][debug][command:8edb3609-b481-43e5-a27a-032aa766cb0c][tid:207][com.facebook.buck.event.listener.LoggingBuildListener] ParseStarted(//:debug)
[2015-05-20 23:18:11.447][debug][command:8edb3609-b481-43e5-a27a-032aa766cb0c][tid:207][com.facebook.buck.event.listener.LoggingBuildListener] ParseFinished(//:debug)
[2015-05-20 23:18:11.453][debug][command:8edb3609-b481-43e5-a27a-032aa766cb0c][tid:196][com.facebook.buck.json.ProjectBuildFileParser] Waiting for process java.lang.UNIXProcess@999c532 to exit...
[2015-05-20 23:18:11.454][debug][command:8edb3609-b481-43e5-a27a-032aa766cb0c][tid:196][com.facebook.buck.json.ProjectBuildFileParser] Process java.lang.UNIXProcess@999c532 exited cleanly.
[2015-05-20 23:18:11.454][debug][command:8edb3609-b481-43e5-a27a-032aa766cb0c][tid:207][com.facebook.buck.event.listener.LoggingBuildListener] BuckFilesParseFinished()
[2015-05-20 23:18:11.454][debug][command:8edb3609-b481-43e5-a27a-032aa766cb0c][tid:207][com.facebook.buck.event.listener.LoggingBuildListener] BuildActionGraphStarted()
[2015-05-20 23:18:11.460][debug][command:8edb3609-b481-43e5-a27a-032aa766cb0c][tid:207][com.facebook.buck.event.listener.LoggingBuildListener] BuildActionGraphFinished()
[2015-05-20 23:18:11.461][debug][command:8edb3609-b481-43e5-a27a-032aa766cb0c][tid:207][com.facebook.buck.event.listener.LoggingBuildListener] RuleCountCalculated(//:debug)
[2015-05-20 23:18:11.498][debug][command:8edb3609-b481-43e5-a27a-032aa766cb0c][tid:207][com.facebook.buck.event.listener.LoggingBuildListener] ArtifactFetchCacheStarted(fetch:c705a89165b4d94a1a7bd1d29ca61dd2d54164f8)
[2015-05-20 23:18:11.498][debug][command:8edb3609-b481-43e5-a27a-032aa766cb0c][tid:213][com.facebook.buck.rules.CachingBuildEngine] Building locally: //:debug
[2015-05-20 23:18:11.498][debug][command:8edb3609-b481-43e5-a27a-032aa766cb0c][tid:207][com.facebook.buck.event.listener.LoggingBuildListener] ArtifactFetchCacheFinished(fetch:c705a89165b4d94a1a7bd1d29ca61dd2d54164f8)
[2015-05-20 23:18:11.499][debug][command:8edb3609-b481-43e5-a27a-032aa766cb0c][tid:213][com.facebook.buck.step.DefaultStepRunner] StepStarted(apk_builder)
[2015-05-20 23:18:11.500][error][command:8edb3609-b481-43e5-a27a-032aa766cb0c][tid:207][com.facebook.buck.event.listener.LoggingBuildListener] Error when creating APK at: buck-out/gen/debug.signed.apk.
java.io.IOException: Invalid keystore format
[2015-05-20 23:18:11.501][debug][command:8edb3609-b481-43e5-a27a-032aa766cb0c][tid:213][com.facebook.buck.step.DefaultStepRunner] StepFinished(apk_builder)
[2015-05-20 23:18:11.501][debug][command:8edb3609-b481-43e5-a27a-032aa766cb0c][tid:207][com.facebook.buck.event.listener.LoggingBuildListener] Error when creating APK at: buck-out/gen/debug.signed.apk.
java.io.IOException: Invalid keystore format
[2015-05-20 23:18:11.502][info ][command:8edb3609-b481-43e5-a27a-032aa766cb0c][tid:207][com.facebook.buck.event.listener.LoggingBuildListener] Build finished at 2015-05-20 23:18:11.502
[2015-05-20 23:18:11.503][debug][command:8edb3609-b481-43e5-a27a-032aa766cb0c][tid:196][com.facebook.buck.parser.Parser] Cleaning cache of build files with inputs under symlink []
[2015-05-20 23:18:11.503][debug][command:8edb3609-b481-43e5-a27a-032aa766cb0c][tid:207][com.facebook.buck.event.listener.LoggingBuildListener] CommandFinished(build, isDaemon: true)
[2015-05-20 23:18:11.503][debug][command:8edb3609-b481-43e5-a27a-032aa766cb0c][tid:196][com.facebook.buck.event.listener.SuperConsoleEventBusListener] Stopping render scheduler
[2015-05-20 23:18:11.504][debug][command:8edb3609-b481-43e5-a27a-032aa766cb0c][tid:196][com.facebook.buck.event.listener.SuperConsoleEventBusListener] Stopping console output (stdout dirty false, stderr dirty true).
[2015-05-20 23:18:11.504][debug][command:8edb3609-b481-43e5-a27a-032aa766cb0c][tid:196][com.facebook.buck.event.listener.SuperConsoleEventBusListener] Stopping render scheduler
[2015-05-20 23:18:11.505][debug][command:8edb3609-b481-43e5-a27a-032aa766cb0c][tid:196][com.facebook.buck.event.listener.ChromeTraceBuildListener] Writing Chrome trace to buck-out/log/traces/build.2015-05-20.23-18-11.8edb3609-b481-43e5-a27a-032aa766cb0c.trace
[2015-05-20 23:18:11.519][debug][command:8edb3609-b481-43e5-a27a-032aa766cb0c][tid:196][com.facebook.buck.cli.Main] Done.
[2015-05-20 23:18:11.520][debug][command:null][tid:196][class com.martiansoftware.nailgun.NGSession] Nail finished.
[2015-05-20 23:18:11.520][error][command:null][tid:196][class com.martiansoftware.nailgun.NGSession] Caught NGExitException, cleaning up session and writing exit command to client.
com.martiansoftware.nailgun.NGExitException: ExitException: status 1
	at com.martiansoftware.nailgun.NGSecurityManager.checkExit(NGSecurityManager.java:56)
	at java.lang.Runtime.exit(Runtime.java:107)
	at java.lang.System.exit(System.java:971)
	at com.facebook.buck.cli.Main.runMainThenExit(Main.java:1036)
	at com.facebook.buck.cli.Main.nailMain(Main.java:1052)
	at sun.reflect.NativeMethodAccessorImpl.invoke0(Native Method)
	at sun.reflect.NativeMethodAccessorImpl.invoke(NativeMethodAccessorImpl.java:62)
	at sun.reflect.DelegatingMethodAccessorImpl.invoke(DelegatingMethodAccessorImpl.java:43)
	at java.lang.reflect.Method.invoke(Method.java:497)
	at com.martiansoftware.nailgun.NGSession.run(NGSession.java:338)

[2015-05-20 23:18:11.522][debug][command:null][tid:196][class com.martiansoftware.nailgun.NGSession] Closing client streams and socket.
[2015-05-20 23:36:41.021][debug][command:null][tid:199][class com.martiansoftware.nailgun.NGSession] Received connection from 127.0.0.1
[2015-05-20 23:36:41.022][debug][command:null][tid:199][class com.martiansoftware.nailgun.NGSession] Working directory: /Users/keger/Documents/workspace/NGUtils
[2015-05-20 23:36:41.022][debug][command:null][tid:199][class com.martiansoftware.nailgun.NGSession] Received command: ng-stats
[2015-05-20 23:36:41.023][debug][command:null][tid:199][class com.martiansoftware.nailgun.NGSession] Invoking main method: public static void com.martiansoftware.nailgun.builtins.NGServerStats.nailMain(com.martiansoftware.nailgun.NGContext)
[2015-05-20 23:36:41.023][debug][command:null][tid:199][class com.martiansoftware.nailgun.NGSession] Nail finished.
[2015-05-20 23:36:41.023][debug][command:null][tid:199][class com.martiansoftware.nailgun.NGSession] Writing exit command with successful status 0 to client.
[2015-05-20 23:36:41.023][debug][command:null][tid:199][class com.martiansoftware.nailgun.NGSession] Closing client streams and socket.
[2015-05-20 23:36:41.028][debug][command:null][tid:219][class com.martiansoftware.nailgun.NGSession] Received connection from 127.0.0.1
[2015-05-20 23:36:41.029][debug][command:null][tid:219][class com.martiansoftware.nailgun.NGSession] Working directory: /Users/keger/Documents/workspace/NGUtils
[2015-05-20 23:36:41.029][debug][command:null][tid:219][class com.martiansoftware.nailgun.NGSession] Received command: ng-stats
[2015-05-20 23:36:41.029][debug][command:null][tid:219][class com.martiansoftware.nailgun.NGSession] Invoking main method: public static void com.martiansoftware.nailgun.builtins.NGServerStats.nailMain(com.martiansoftware.nailgun.NGContext)
[2015-05-20 23:36:41.029][debug][command:null][tid:219][class com.martiansoftware.nailgun.NGSession] Nail finished.
[2015-05-20 23:36:41.029][debug][command:null][tid:219][class com.martiansoftware.nailgun.NGSession] Writing exit command with successful status 0 to client.
[2015-05-20 23:36:41.029][debug][command:null][tid:219][class com.martiansoftware.nailgun.NGSession] Closing client streams and socket.
[2015-05-20 23:36:41.034][debug][command:null][tid:222][class com.martiansoftware.nailgun.NGSession] Received connection from 127.0.0.1
[2015-05-20 23:36:41.035][debug][command:null][tid:222][class com.martiansoftware.nailgun.NGSession] Received command line argument: build
[2015-05-20 23:36:41.035][debug][command:null][tid:222][class com.martiansoftware.nailgun.NGSession] Received command line argument: debug
[2015-05-20 23:36:41.035][debug][command:null][tid:222][class com.martiansoftware.nailgun.NGSession] Working directory: /Users/keger/Documents/workspace/NGUtils
[2015-05-20 23:36:41.035][debug][command:null][tid:222][class com.martiansoftware.nailgun.NGSession] Received command: com.facebook.buck.cli.Main
[2015-05-20 23:36:41.036][debug][command:null][tid:222][class com.martiansoftware.nailgun.NGSession] Invoking main method: public static void com.facebook.buck.cli.Main.nailMain(com.martiansoftware.nailgun.NGContext) throws java.lang.InterruptedException
[2015-05-20 23:36:41.036][debug][command:ad587998-c4dd-48ac-b465-0dfaeafad6e0][tid:222][com.facebook.buck.cli.Main] Rotating log.
