[2015-05-20 23:36:41.038][debug][command:ad587998-c4dd-48ac-b465-0dfaeafad6e0][tid:222][com.facebook.buck.cli.Main] Starting up (build date 2015-04-14 05:47:36 +0800, rev bf0e5a4564171977c36376f1e66dd9bf2b037c65), args: [build, debug]
[2015-05-20 23:36:41.045][debug][command:ad587998-c4dd-48ac-b465-0dfaeafad6e0][tid:222][com.facebook.buck.io.ExecutableFinder] Executable 'python2' mapped to 'Optional.absent()'
[2015-05-20 23:36:41.046][debug][command:ad587998-c4dd-48ac-b465-0dfaeafad6e0][tid:222][com.facebook.buck.io.ExecutableFinder] Executable 'python' mapped to 'Optional.of(/usr/bin/python)'
[2015-05-20 23:36:41.062][warn ][command:ad587998-c4dd-48ac-b465-0dfaeafad6e0][tid:222][com.facebook.buck.rules.KnownBuildRuleTypes] Couldn't find version file at /Library/Developer/version.plist (Apple platforms will be unavailable)
[2015-05-20 23:36:41.064][debug][command:ad587998-c4dd-48ac-b465-0dfaeafad6e0][tid:222][com.facebook.buck.io.ExecutableFinder] Executable 'python2' mapped to 'Optional.absent()'
[2015-05-20 23:36:41.064][debug][command:ad587998-c4dd-48ac-b465-0dfaeafad6e0][tid:222][com.facebook.buck.io.ExecutableFinder] Executable 'python' mapped to 'Optional.of(/usr/bin/python)'
[2015-05-20 23:36:41.065][debug][command:ad587998-c4dd-48ac-b465-0dfaeafad6e0][tid:222][com.facebook.buck.io.ExecutableFinder] Executable 'python2' mapped to 'Optional.absent()'
[2015-05-20 23:36:41.065][debug][command:ad587998-c4dd-48ac-b465-0dfaeafad6e0][tid:222][com.facebook.buck.io.ExecutableFinder] Executable 'python' mapped to 'Optional.of(/usr/bin/python)'
[2015-05-20 23:36:41.066][debug][command:ad587998-c4dd-48ac-b465-0dfaeafad6e0][tid:222][com.facebook.buck.event.listener.SuperConsoleEventBusListener] Starting render scheduler (interval 100 ms)
[2015-05-20 23:36:41.067][debug][command:ad587998-c4dd-48ac-b465-0dfaeafad6e0][tid:222][com.facebook.buck.util.WatchmanWatcher] Starting watchman command: [watchman, --server-encoding=json, --no-pretty, -j]
[2015-05-20 23:36:41.067][debug][command:ad587998-c4dd-48ac-b465-0dfaeafad6e0][tid:234][com.facebook.buck.event.listener.LoggingBuildListener] CommandStarted(build, isDaemon: true)
[2015-05-20 23:36:41.071][debug][command:ad587998-c4dd-48ac-b465-0dfaeafad6e0][tid:222][com.facebook.buck.util.WatchmanWatcher] Writing query to Watchman: ["query","/Users/keger/Documents/workspace/NGUtils",{"since":"n:buckd498c26e2-42e9-4cf5-8fbe-f2a5c1eb75fc","expression":["not",["anyof",["type","d"],["match","buck-out/*","wholename"],["match",".idea/*","wholename"],["match","/Users/keger/Documents/workspace/NGUtils/.buckd/*","wholename"],["match","/Users/keger/Documents/workspace/NGUtils/buck-cache/*","wholename"],["match","*.pbxproj","wholename"],["match","*.xcscheme","wholename"],["match","*.xcworkspacedata","wholename"]]],"empty_on_fresh_instance":true,"fields":["name","exists","new"]}]
[2015-05-20 23:36:41.071][debug][command:ad587998-c4dd-48ac-b465-0dfaeafad6e0][tid:222][com.facebook.buck.util.WatchmanWatcher] Parsing JSON output from Watchman
[2015-05-20 23:36:41.092][debug][command:ad587998-c4dd-48ac-b465-0dfaeafad6e0][tid:222][com.facebook.buck.parser.Parser] Parsed build files does not contain /Users/keger/Documents/workspace/NGUtils/.buckd/buckd.runcount, not invalidating
[2015-05-20 23:36:41.092][debug][command:ad587998-c4dd-48ac-b465-0dfaeafad6e0][tid:222][com.facebook.buck.parser.Parser] Removing targets [] for path /Users/keger/Documents/workspace/NGUtils/.buckd/buckd.runcount
[2015-05-20 23:36:41.102][debug][command:ad587998-c4dd-48ac-b465-0dfaeafad6e0][tid:222][com.facebook.buck.parser.Parser] Parsed build files does not contain /Users/keger/Documents/workspace/NGUtils/keystore/debug.keystore.properties, not invalidating
[2015-05-20 23:36:41.102][debug][command:ad587998-c4dd-48ac-b465-0dfaeafad6e0][tid:222][com.facebook.buck.parser.Parser] Removing targets [] for path /Users/keger/Documents/workspace/NGUtils/keystore/debug.keystore.properties
[2015-05-20 23:36:41.103][debug][command:ad587998-c4dd-48ac-b465-0dfaeafad6e0][tid:222][com.facebook.buck.parser.Parser] Parser invalidating /Users/keger/Documents/workspace/NGUtils/BUCK cache
[2015-05-20 23:36:41.103][debug][command:ad587998-c4dd-48ac-b465-0dfaeafad6e0][tid:222][com.facebook.buck.parser.Parser] Removing targets [//:src, //:res, //:debug_keystore, //:android-support-v4, //:debug, //:build_config] for path /Users/keger/Documents/workspace/NGUtils/BUCK
[2015-05-20 23:36:41.103][debug][command:ad587998-c4dd-48ac-b465-0dfaeafad6e0][tid:222][com.facebook.buck.parser.Parser] Parsed build files does not contain /Users/keger/Documents/workspace/NGUtils/debug.keystore, not invalidating
[2015-05-20 23:36:41.103][debug][command:ad587998-c4dd-48ac-b465-0dfaeafad6e0][tid:222][com.facebook.buck.parser.Parser] Removing targets [] for path /Users/keger/Documents/workspace/NGUtils/debug.keystore
[2015-05-20 23:36:41.104][debug][command:ad587998-c4dd-48ac-b465-0dfaeafad6e0][tid:222][com.facebook.buck.parser.Parser] Parsed build files does not contain /Users/keger/Documents/workspace/NGUtils/BUCK, not invalidating
[2015-05-20 23:36:41.104][debug][command:ad587998-c4dd-48ac-b465-0dfaeafad6e0][tid:222][com.facebook.buck.parser.Parser] Removing targets [] for path /Users/keger/Documents/workspace/NGUtils/BUCK
[2015-05-20 23:36:41.104][debug][command:ad587998-c4dd-48ac-b465-0dfaeafad6e0][tid:222][com.facebook.buck.parser.Parser] Parsed build files does not contain /Users/keger/Documents/workspace/NGUtils/keystore/debug.keystore, not invalidating
[2015-05-20 23:36:41.104][debug][command:ad587998-c4dd-48ac-b465-0dfaeafad6e0][tid:222][com.facebook.buck.parser.Parser] Removing targets [] for path /Users/keger/Documents/workspace/NGUtils/keystore/debug.keystore
[2015-05-20 23:36:41.104][debug][command:ad587998-c4dd-48ac-b465-0dfaeafad6e0][tid:222][com.facebook.buck.parser.Parser] Parsed build files does not contain /Users/keger/Documents/workspace/NGUtils/BUCK, not invalidating
[2015-05-20 23:36:41.104][debug][command:ad587998-c4dd-48ac-b465-0dfaeafad6e0][tid:222][com.facebook.buck.parser.Parser] Removing targets [] for path /Users/keger/Documents/workspace/NGUtils/BUCK
[2015-05-20 23:36:41.105][debug][command:ad587998-c4dd-48ac-b465-0dfaeafad6e0][tid:222][com.facebook.buck.parser.Parser] Parsed build files does not contain /Users/keger/Documents/workspace/NGUtils/android.keystore, not invalidating
[2015-05-20 23:36:41.105][debug][command:ad587998-c4dd-48ac-b465-0dfaeafad6e0][tid:222][com.facebook.buck.parser.Parser] Removing targets [] for path /Users/keger/Documents/workspace/NGUtils/android.keystore
[2015-05-20 23:36:41.105][debug][command:ad587998-c4dd-48ac-b465-0dfaeafad6e0][tid:222][com.facebook.buck.parser.Parser] Parsed build files does not contain /Users/keger/Documents/workspace/NGUtils/BUCK, not invalidating
[2015-05-20 23:36:41.105][debug][command:ad587998-c4dd-48ac-b465-0dfaeafad6e0][tid:222][com.facebook.buck.parser.Parser] Removing targets [] for path /Users/keger/Documents/workspace/NGUtils/BUCK
[2015-05-20 23:36:41.105][debug][command:ad587998-c4dd-48ac-b465-0dfaeafad6e0][tid:222][com.facebook.buck.parser.Parser] Parsed build files does not contain /Users/keger/Documents/workspace/NGUtils/.git/index.lock, not invalidating
[2015-05-20 23:36:41.105][debug][command:ad587998-c4dd-48ac-b465-0dfaeafad6e0][tid:222][com.facebook.buck.parser.Parser] Removing targets [] for path /Users/keger/Documents/workspace/NGUtils/.git/index.lock
[2015-05-20 23:36:41.106][debug][command:ad587998-c4dd-48ac-b465-0dfaeafad6e0][tid:222][com.facebook.buck.parser.Parser] Parsed build files does not contain /Users/keger/Documents/workspace/NGUtils/BUCK, not invalidating
[2015-05-20 23:36:41.106][debug][command:ad587998-c4dd-48ac-b465-0dfaeafad6e0][tid:222][com.facebook.buck.parser.Parser] Removing targets [] for path /Users/keger/Documents/workspace/NGUtils/BUCK
[2015-05-20 23:36:41.106][debug][command:ad587998-c4dd-48ac-b465-0dfaeafad6e0][tid:222][com.facebook.buck.parser.Parser] Parsed build files does not contain /Users/keger/Documents/workspace/NGUtils/.buckd/tmp/buck_run.L78kap/buck3538296118036394027.py, not invalidating
[2015-05-20 23:36:41.106][debug][command:ad587998-c4dd-48ac-b465-0dfaeafad6e0][tid:222][com.facebook.buck.parser.Parser] Removing targets [] for path /Users/keger/Documents/workspace/NGUtils/.buckd/tmp/buck_run.L78kap/buck3538296118036394027.py
[2015-05-20 23:36:41.106][debug][command:ad587998-c4dd-48ac-b465-0dfaeafad6e0][tid:222][com.facebook.buck.util.WatchmanWatcher] Posted 7 Watchman events. Waiting for subprocess to exit...
[2015-05-20 23:36:41.106][debug][command:ad587998-c4dd-48ac-b465-0dfaeafad6e0][tid:222][com.facebook.buck.util.WatchmanWatcher] Watchman exited cleanly.
[2015-05-20 23:36:41.108][debug][command:ad587998-c4dd-48ac-b465-0dfaeafad6e0][tid:234][com.facebook.buck.event.listener.LoggingBuildListener] ArtifactCacheConnectStarted()
[2015-05-20 23:36:41.184][debug][command:ad587998-c4dd-48ac-b465-0dfaeafad6e0][tid:234][com.facebook.buck.event.listener.LoggingBuildListener] ArtifactCacheConnectFinished()
[2015-05-20 23:36:41.184][debug][command:ad587998-c4dd-48ac-b465-0dfaeafad6e0][tid:222][com.facebook.buck.parser.Parser] Parsing BUCK file: /Users/keger/Documents/workspace/NGUtils/BUCK
[2015-05-20 23:36:41.184][info ][command:ad587998-c4dd-48ac-b465-0dfaeafad6e0][tid:234][com.facebook.buck.event.listener.LoggingBuildListener] Build started at 2015-05-20 23:36:41.067
[2015-05-20 23:36:41.184][debug][command:ad587998-c4dd-48ac-b465-0dfaeafad6e0][tid:234][com.facebook.buck.event.listener.LoggingBuildListener] BuckFilesParseStarted()
[2015-05-20 23:36:41.185][debug][command:ad587998-c4dd-48ac-b465-0dfaeafad6e0][tid:222][com.facebook.buck.io.ExecutableFinder] Executable 'python2' mapped to 'Optional.absent()'
[2015-05-20 23:36:41.186][debug][command:ad587998-c4dd-48ac-b465-0dfaeafad6e0][tid:222][com.facebook.buck.io.ExecutableFinder] Executable 'python' mapped to 'Optional.of(/usr/bin/python)'
[2015-05-20 23:36:41.186][debug][command:ad587998-c4dd-48ac-b465-0dfaeafad6e0][tid:222][com.facebook.buck.json.ProjectBuildFileParser] Creating temporary buck.py instance...
[2015-05-20 23:36:41.197][debug][command:ad587998-c4dd-48ac-b465-0dfaeafad6e0][tid:222][com.facebook.buck.json.ProjectBuildFileParser] Created temporary buck.py instance at /Users/keger/Documents/workspace/NGUtils/.buckd/tmp/buck_run.L78kap/buck2443751207132249012.py.
[2015-05-20 23:36:41.197][debug][command:ad587998-c4dd-48ac-b465-0dfaeafad6e0][tid:222][com.facebook.buck.json.ProjectBuildFileParser] Starting buck.py command: [/usr/bin/python, -u, /Users/keger/Documents/workspace/NGUtils/.buckd/tmp/buck_run.L78kap/buck2443751207132249012.py, --allow_empty_globs, --project_root, /Users/keger/Documents/workspace/NGUtils, --build_file_name, BUCK] environment: {PATH=/Users/keger/.jenv/shims:/Users/keger/.jenv/bin:/Users/keger/.jenv/shims:/Users/keger/.jenv/bin:/Users/keger/bin:/usr/local/bin:/usr/bin:/bin:/usr/sbin:/sbin:/usr/local/git/bin:/Users/keger/.gvm/vertx/current/bin:/Users/keger/.gvm/springboot/current/bin:/Users/keger/.gvm/lazybones/current/bin:/Users/keger/.gvm/jbake/current/bin:/Users/keger/.gvm/groovyserv/current/bin:/Users/keger/.gvm/groovy/current/bin:/Users/keger/.gvm/griffon/current/bin:/Users/keger/.gvm/grails/current/bin:/Users/keger/.gvm/gradle/current/bin:/Users/keger/.gvm/glide/current/bin:/Users/keger/.gvm/gaiden/current/bin:/Users/keger/.gvm/crash/current/bin:/Users/keger/.gvm/asciidoctorj/current/bin:/Users/keger/bin:/Users/keger/Documents/android-sdk-macosx/tools:/Users/keger/Documents/android-sdk-macosx/platform-tools:/Users/keger/Documents/android-sdk-macosx/tools:/Users/keger/Documents/android-sdk-macosx/platform-tools:/usr/local/bin:/Users/keger/bin, GRAILS_HOME=/Users/keger/.gvm/grails/current, ASCIIDOCTORJ_HOME=/Users/keger/.gvm/asciidoctorj/current, VERTX_HOME=/Users/keger/.gvm/vertx/current, JENV_VERSION=oracle64-1.8.0.45, LOGNAME=keger, PWD=/Users/keger/Documents/workspace/NGUtils, TERM_PROGRAM_VERSION=343.7, SPRINGBOOT_HOME=/Users/keger/.gvm/springboot/current, PYTHONPATH=/Users/keger/Documents/buck/third-party/py/pathlib, SHELL=/bin/bash, GROOVYSERV_HOME=/Users/keger/.gvm/groovyserv/current, GVM_PLATFORM=Darwin, VERSIONER_PYTHON_PREFER_32_BIT=no, TMPDIR=/var/folders/rz/3xhpytv543gg8f5p8l382jhw0000gn/T/, XPC_FLAGS=0x0, __CF_USER_TEXT_ENCODING=0x1F5:0x19:0x34, CRASH_HOME=/Users/keger/.gvm/crash/current, Apple_PubSub_Socket_Render=/private/tmp/com.apple.launchd.JSMkSCNxYT/Render, SHLVL=1, GVM_BROADCAST_SERVICE=http://cast.gvm.io, GRIFFON_HOME=/Users/keger/.gvm/griffon/current, NAILGUN_TTY_2=1, NAILGUN_TTY_1=1, NAILGUN_TTY_0=1, GVM_VERSION=2.4.1, LAZYBONES_HOME=/Users/keger/.gvm/lazybones/current, GAIDEN_HOME=/Users/keger/.gvm/gaiden/current, TERM=xterm-256color, NAILGUN_FILESEPARATOR=/, LANG=zh_CN.UTF-8, GRADLE_HOME=/Users/keger/.gvm/gradle/current, GROOVY_HOME=/Users/keger/.gvm/groovy/current, VERSIONER_PYTHON_VERSION=2.7, GVM_SERVICE=http://api.gvmtool.net, XPC_SERVICE_NAME=0, NAILGUN_PATHSEPARATOR=:, JBAKE_HOME=/Users/keger/.gvm/jbake/current, TERM_PROGRAM=Apple_Terminal, GVM_DIR=/Users/keger/.gvm, USER=keger, GVM_BROKER_SERVICE=http://release.gvm.io, SSH_AUTH_SOCK=/private/tmp/com.apple.launchd.kdSNEtGnrF/Listeners, GVM_INIT=true, GLIDE_HOME=/Users/keger/.gvm/glide/current, HOME=/Users/keger, JENV_LOADED=1}
[2015-05-20 23:36:41.200][debug][command:ad587998-c4dd-48ac-b465-0dfaeafad6e0][tid:222][com.facebook.buck.json.ProjectBuildFileParser] Started process java.lang.UNIXProcess@23c4ccf3 successfully
[2015-05-20 23:36:41.200][debug][command:ad587998-c4dd-48ac-b465-0dfaeafad6e0][tid:222][com.facebook.buck.json.ProjectBuildFileParser] Parsing output of process java.lang.UNIXProcess@23c4ccf3...
[2015-05-20 23:36:41.389][debug][command:ad587998-c4dd-48ac-b465-0dfaeafad6e0][tid:222][com.facebook.buck.json.ProjectBuildFileParser] Parsed 7 rules from process
[2015-05-20 23:36:41.395][debug][command:ad587998-c4dd-48ac-b465-0dfaeafad6e0][tid:234][com.facebook.buck.event.listener.LoggingBuildListener] ParseStarted(//:debug)
[2015-05-20 23:36:41.395][debug][command:ad587998-c4dd-48ac-b465-0dfaeafad6e0][tid:234][com.facebook.buck.event.listener.LoggingBuildListener] ParseFinished(//:debug)
[2015-05-20 23:36:41.402][debug][command:ad587998-c4dd-48ac-b465-0dfaeafad6e0][tid:222][com.facebook.buck.json.ProjectBuildFileParser] Waiting for process java.lang.UNIXProcess@23c4ccf3 to exit...
[2015-05-20 23:36:41.402][debug][command:ad587998-c4dd-48ac-b465-0dfaeafad6e0][tid:222][com.facebook.buck.json.ProjectBuildFileParser] Process java.lang.UNIXProcess@23c4ccf3 exited cleanly.
[2015-05-20 23:36:41.402][debug][command:ad587998-c4dd-48ac-b465-0dfaeafad6e0][tid:234][com.facebook.buck.event.listener.LoggingBuildListener] BuckFilesParseFinished()
[2015-05-20 23:36:41.402][debug][command:ad587998-c4dd-48ac-b465-0dfaeafad6e0][tid:234][com.facebook.buck.event.listener.LoggingBuildListener] BuildActionGraphStarted()
[2015-05-20 23:36:41.405][debug][command:ad587998-c4dd-48ac-b465-0dfaeafad6e0][tid:234][com.facebook.buck.event.listener.LoggingBuildListener] BuildActionGraphFinished()
[2015-05-20 23:36:41.405][debug][command:ad587998-c4dd-48ac-b465-0dfaeafad6e0][tid:234][com.facebook.buck.event.listener.LoggingBuildListener] RuleCountCalculated(//:debug)
[2015-05-20 23:36:41.411][debug][command:ad587998-c4dd-48ac-b465-0dfaeafad6e0][tid:234][com.facebook.buck.event.listener.LoggingBuildListener] ArtifactFetchCacheStarted(fetch:052155bc3bd68a1a2f150d1dd5a0620f69232fe0)
[2015-05-20 23:36:41.411][debug][command:ad587998-c4dd-48ac-b465-0dfaeafad6e0][tid:234][com.facebook.buck.event.listener.LoggingBuildListener] ArtifactFetchCacheFinished(fetch:052155bc3bd68a1a2f150d1dd5a0620f69232fe0)
[2015-05-20 23:36:41.411][debug][command:ad587998-c4dd-48ac-b465-0dfaeafad6e0][tid:244][com.facebook.buck.rules.CachingBuildEngine] Building locally: //:debug_keystore
[2015-05-20 23:36:41.411][debug][command:ad587998-c4dd-48ac-b465-0dfaeafad6e0][tid:244][com.facebook.buck.rules.CachingBuildEngine] Build completed: //:debug_keystore
[2015-05-20 23:36:41.427][debug][command:ad587998-c4dd-48ac-b465-0dfaeafad6e0][tid:240][com.facebook.buck.rules.CachingBuildEngine] Building locally: //:debug
[2015-05-20 23:36:41.427][debug][command:ad587998-c4dd-48ac-b465-0dfaeafad6e0][tid:240][com.facebook.buck.step.DefaultStepRunner] StepStarted(apk_builder)
[2015-05-20 23:36:41.641][debug][command:ad587998-c4dd-48ac-b465-0dfaeafad6e0][tid:240][com.facebook.buck.step.DefaultStepRunner] StepFinished(apk_builder)
[2015-05-20 23:36:41.642][warn ][command:ad587998-c4dd-48ac-b465-0dfaeafad6e0][tid:234][com.facebook.buck.event.listener.LoggingBuildListener] No Android platform target specified. Using default: Google Inc.:Google APIs:21
[2015-05-20 23:36:41.642][debug][command:ad587998-c4dd-48ac-b465-0dfaeafad6e0][tid:240][com.facebook.buck.shell.ShellStep] Command: /Users/keger/Documents/android-sdk-macosx/build-tools/22.0.1/zipalign -f 4 buck-out/gen/debug.signed.apk buck-out/gen/debug.apk
[2015-05-20 23:36:41.643][debug][command:ad587998-c4dd-48ac-b465-0dfaeafad6e0][tid:240][com.facebook.buck.step.DefaultStepRunner] StepStarted(zipalign)
[2015-05-20 23:36:41.653][debug][command:ad587998-c4dd-48ac-b465-0dfaeafad6e0][tid:240][com.facebook.buck.step.DefaultStepRunner] StepFinished(zipalign)
[2015-05-20 23:36:41.653][debug][command:ad587998-c4dd-48ac-b465-0dfaeafad6e0][tid:240][com.facebook.buck.step.DefaultStepRunner] StepStarted(echo)
[2015-05-20 23:36:41.653][info ][command:ad587998-c4dd-48ac-b465-0dfaeafad6e0][tid:234][com.facebook.buck.event.listener.LoggingBuildListener] built APK for //:debug at buck-out/gen/debug.apk
[2015-05-20 23:36:41.653][debug][command:ad587998-c4dd-48ac-b465-0dfaeafad6e0][tid:240][com.facebook.buck.step.DefaultStepRunner] StepFinished(echo)
[2015-05-20 23:36:41.653][debug][command:ad587998-c4dd-48ac-b465-0dfaeafad6e0][tid:240][com.facebook.buck.rules.CachingBuildEngine] Build completed: //:debug
[2015-05-20 23:36:41.656][info ][command:ad587998-c4dd-48ac-b465-0dfaeafad6e0][tid:234][com.facebook.buck.event.listener.LoggingBuildListener] Build finished at 2015-05-20 23:36:41.656
[2015-05-20 23:36:41.657][debug][command:ad587998-c4dd-48ac-b465-0dfaeafad6e0][tid:222][com.facebook.buck.parser.Parser] Cleaning cache of build files with inputs under symlink []
[2015-05-20 23:36:41.657][debug][command:ad587998-c4dd-48ac-b465-0dfaeafad6e0][tid:234][com.facebook.buck.event.listener.LoggingBuildListener] CommandFinished(build, isDaemon: true)
[2015-05-20 23:36:41.657][debug][command:ad587998-c4dd-48ac-b465-0dfaeafad6e0][tid:222][com.facebook.buck.event.listener.SuperConsoleEventBusListener] Stopping render scheduler
[2015-05-20 23:36:41.661][debug][command:ad587998-c4dd-48ac-b465-0dfaeafad6e0][tid:222][com.facebook.buck.event.listener.ChromeTraceBuildListener] Writing Chrome trace to buck-out/log/traces/build.2015-05-20.23-36-41.ad587998-c4dd-48ac-b465-0dfaeafad6e0.trace
[2015-05-20 23:36:41.670][debug][command:ad587998-c4dd-48ac-b465-0dfaeafad6e0][tid:222][com.facebook.buck.cli.Main] Done.
[2015-05-20 23:36:41.670][debug][command:null][tid:222][class com.martiansoftware.nailgun.NGSession] Nail finished.
[2015-05-20 23:36:41.670][debug][command:null][tid:222][class com.martiansoftware.nailgun.NGSession] Closing client streams and socket.
[2015-05-21 01:37:20.262][debug][command:null][tid:11][class com.martiansoftware.nailgun.NGServer] Shutting down nailgun server.
