[2015-05-22 13:47:24.515][debug][command:b48f641a-0009-4799-9421-a8cd29b0a2b0][tid:14][com.facebook.buck.cli.Main] Starting up (build date 2015-05-21 23:42:48 +0800, rev b7030deb681193b4c531dca892f9f10ed6e42cf2), args: [build, clean]
[2015-05-22 13:47:24.645][debug][command:b48f641a-0009-4799-9421-a8cd29b0a2b0][tid:14][com.facebook.buck.io.ExecutableFinder] Executable 'python2' mapped to 'Optional.absent()'
[2015-05-22 13:47:24.649][debug][command:b48f641a-0009-4799-9421-a8cd29b0a2b0][tid:14][com.facebook.buck.io.ExecutableFinder] Executable 'python' mapped to 'Optional.of(/usr/bin/python)'
[2015-05-22 13:47:24.735][warn ][command:b48f641a-0009-4799-9421-a8cd29b0a2b0][tid:14][com.facebook.buck.rules.KnownBuildRuleTypes] Couldn't find version file at /Library/Developer/version.plist (Apple platforms will be unavailable)
[2015-05-22 13:47:24.862][debug][command:b48f641a-0009-4799-9421-a8cd29b0a2b0][tid:14][com.facebook.buck.io.ExecutableFinder] Executable 'python2' mapped to 'Optional.absent()'
[2015-05-22 13:47:24.863][debug][command:b48f641a-0009-4799-9421-a8cd29b0a2b0][tid:14][com.facebook.buck.io.ExecutableFinder] Executable 'python' mapped to 'Optional.of(/usr/bin/python)'
[2015-05-22 13:47:24.867][debug][command:b48f641a-0009-4799-9421-a8cd29b0a2b0][tid:14][com.facebook.buck.io.ExecutableFinder] Executable 'python2' mapped to 'Optional.absent()'
[2015-05-22 13:47:24.869][debug][command:b48f641a-0009-4799-9421-a8cd29b0a2b0][tid:14][com.facebook.buck.io.ExecutableFinder] Executable 'python' mapped to 'Optional.of(/usr/bin/python)'
[2015-05-22 13:47:24.907][debug][command:b48f641a-0009-4799-9421-a8cd29b0a2b0][tid:14][com.facebook.buck.cli.Main] Starting up daemon for project root [/Users/keger/Documents/workspace/NGUtils]
[2015-05-22 13:47:24.950][debug][command:b48f641a-0009-4799-9421-a8cd29b0a2b0][tid:14][com.facebook.buck.cli.Main] Using watchman to watch for file changes.
[2015-05-22 13:47:25.024][debug][command:b48f641a-0009-4799-9421-a8cd29b0a2b0][tid:14][com.facebook.buck.event.listener.SuperConsoleEventBusListener] Starting render scheduler (interval 100 ms)
[2015-05-22 13:47:25.074][debug][command:b48f641a-0009-4799-9421-a8cd29b0a2b0][tid:27][com.facebook.buck.event.listener.LoggingBuildListener] CommandStarted(build, isDaemon: true)
[2015-05-22 13:47:25.075][debug][command:b48f641a-0009-4799-9421-a8cd29b0a2b0][tid:14][com.facebook.buck.util.WatchmanWatcher] Starting watchman command: [watchman, --server-encoding=json, --no-pretty, -j]
[2015-05-22 13:47:25.077][debug][command:b48f641a-0009-4799-9421-a8cd29b0a2b0][tid:14][com.facebook.buck.util.WatchmanWatcher] Writing query to Watchman: ["query","/Users/keger/Documents/workspace/NGUtils",{"since":"n:buckdfd684ffb-71ae-4a9c-9c67-cb5261b1e509","expression":["not",["anyof",["type","d"],["match","buck-out/*","wholename"],["match",".idea/*","wholename"],["match","/Users/keger/Documents/workspace/NGUtils/.buckd/*","wholename"],["match","/Users/keger/Documents/workspace/NGUtils/buck-cache/*","wholename"],["match","*.pbxproj","wholename"],["match","*.xcscheme","wholename"],["match","*.xcworkspacedata","wholename"]]],"empty_on_fresh_instance":true,"fields":["name","exists","new"]}]
[2015-05-22 13:47:25.078][debug][command:b48f641a-0009-4799-9421-a8cd29b0a2b0][tid:14][com.facebook.buck.util.WatchmanWatcher] Parsing JSON output from Watchman
[2015-05-22 13:47:25.102][info ][command:b48f641a-0009-4799-9421-a8cd29b0a2b0][tid:14][com.facebook.buck.util.WatchmanWatcher] Fresh watchman instance detected. Posting overflow event to flush caches.
[2015-05-22 13:47:25.103][debug][command:b48f641a-0009-4799-9421-a8cd29b0a2b0][tid:14][com.facebook.buck.util.DefaultFileHashCache] Invalidating all
[2015-05-22 13:47:25.103][debug][command:b48f641a-0009-4799-9421-a8cd29b0a2b0][tid:14][com.facebook.buck.parser.Parser] Parser invalidating entire cache on overflow.
[2015-05-22 13:47:25.103][debug][command:b48f641a-0009-4799-9421-a8cd29b0a2b0][tid:14][com.facebook.buck.parser.Parser] Invalidating all cached data.
[2015-05-22 13:47:25.103][debug][command:b48f641a-0009-4799-9421-a8cd29b0a2b0][tid:14][com.facebook.buck.util.WatchmanWatcher] Posted 0 Watchman events. Waiting for subprocess to exit...
[2015-05-22 13:47:25.104][debug][command:b48f641a-0009-4799-9421-a8cd29b0a2b0][tid:14][com.facebook.buck.util.WatchmanWatcher] Watchman exited cleanly.
[2015-05-22 13:47:25.149][debug][command:b48f641a-0009-4799-9421-a8cd29b0a2b0][tid:27][com.facebook.buck.event.listener.LoggingBuildListener] ArtifactCacheConnectStarted()
[2015-05-22 13:47:25.209][debug][command:b48f641a-0009-4799-9421-a8cd29b0a2b0][tid:27][com.facebook.buck.event.listener.LoggingBuildListener] ArtifactCacheConnectFinished()
[2015-05-22 13:47:25.211][info ][command:b48f641a-0009-4799-9421-a8cd29b0a2b0][tid:27][com.facebook.buck.event.listener.LoggingBuildListener] Build started at 2015-05-22 13:47:25.074
[2015-05-22 13:47:25.215][debug][command:b48f641a-0009-4799-9421-a8cd29b0a2b0][tid:27][com.facebook.buck.event.listener.LoggingBuildListener] BuckFilesParseFinished()
[2015-05-22 13:47:25.216][debug][command:b48f641a-0009-4799-9421-a8cd29b0a2b0][tid:14][com.facebook.buck.parser.Parser] Cleaning cache of build files with inputs under symlink []
[2015-05-22 13:47:25.216][debug][command:b48f641a-0009-4799-9421-a8cd29b0a2b0][tid:27][com.facebook.buck.event.listener.LoggingBuildListener] CommandFinished(build, isDaemon: true)
[2015-05-22 13:47:25.217][debug][command:b48f641a-0009-4799-9421-a8cd29b0a2b0][tid:14][com.facebook.buck.event.listener.SuperConsoleEventBusListener] Stopping render scheduler
[2015-05-22 13:47:25.217][debug][command:b48f641a-0009-4799-9421-a8cd29b0a2b0][tid:14][com.facebook.buck.event.listener.SuperConsoleEventBusListener] Stopping console output (stdout dirty false, stderr dirty true).
[2015-05-22 13:47:25.217][debug][command:b48f641a-0009-4799-9421-a8cd29b0a2b0][tid:14][com.facebook.buck.event.listener.SuperConsoleEventBusListener] Stopping render scheduler
[2015-05-22 13:47:25.219][debug][command:b48f641a-0009-4799-9421-a8cd29b0a2b0][tid:14][com.facebook.buck.event.listener.ChromeTraceBuildListener] Writing Chrome trace to buck-out/log/traces/build.2015-05-22.13-47-25.b48f641a-0009-4799-9421-a8cd29b0a2b0.trace
[2015-05-22 13:47:25.273][debug][command:b48f641a-0009-4799-9421-a8cd29b0a2b0][tid:14][com.facebook.buck.cli.Main] Done.
[2015-05-22 13:47:25.273][debug][command:null][tid:14][class com.martiansoftware.nailgun.NGSession] Nail finished.
[2015-05-22 13:47:25.273][error][command:null][tid:14][class com.martiansoftware.nailgun.NGSession] Caught NGExitException, cleaning up session and writing exit command to client.
com.martiansoftware.nailgun.NGExitException: ExitException: status 1
	at com.martiansoftware.nailgun.NGSecurityManager.checkExit(NGSecurityManager.java:56)
	at java.lang.Runtime.exit(Runtime.java:107)
	at java.lang.System.exit(System.java:971)
	at com.facebook.buck.cli.Main.runMainThenExit(Main.java:1036)
	at com.facebook.buck.cli.Main.nailMain(Main.java:1052)
	at sun.reflect.NativeMethodAccessorImpl.invoke0(Native Method)
	at sun.reflect.NativeMethodAccessorImpl.invoke(NativeMethodAccessorImpl.java:62)
	at sun.reflect.DelegatingMethodAccessorImpl.invoke(DelegatingMethodAccessorImpl.java:43)
	at java.lang.reflect.Method.invoke(Method.java:497)
	at com.martiansoftware.nailgun.NGSession.run(NGSession.java:338)

[2015-05-22 13:47:25.275][debug][command:null][tid:14][class com.martiansoftware.nailgun.NGSession] Closing client streams and socket.
[2015-05-22 13:47:31.331][debug][command:null][tid:17][class com.martiansoftware.nailgun.NGSession] Received connection from 127.0.0.1
[2015-05-22 13:47:31.332][debug][command:null][tid:17][class com.martiansoftware.nailgun.NGSession] Working directory: /Users/keger/Documents/workspace/NGUtils
[2015-05-22 13:47:31.333][debug][command:null][tid:17][class com.martiansoftware.nailgun.NGSession] Received command: ng-stats
[2015-05-22 13:47:31.333][debug][command:null][tid:17][class com.martiansoftware.nailgun.NGSession] Invoking main method: public static void com.martiansoftware.nailgun.builtins.NGServerStats.nailMain(com.martiansoftware.nailgun.NGContext)
[2015-05-22 13:47:31.333][debug][command:null][tid:17][class com.martiansoftware.nailgun.NGSession] Nail finished.
[2015-05-22 13:47:31.333][debug][command:null][tid:17][class com.martiansoftware.nailgun.NGSession] Writing exit command with successful status 0 to client.
[2015-05-22 13:47:31.334][debug][command:null][tid:17][class com.martiansoftware.nailgun.NGSession] Closing client streams and socket.
[2015-05-22 13:47:31.338][debug][command:null][tid:33][class com.martiansoftware.nailgun.NGSession] Received connection from 127.0.0.1
[2015-05-22 13:47:31.339][debug][command:null][tid:33][class com.martiansoftware.nailgun.NGSession] Working directory: /Users/keger/Documents/workspace/NGUtils
[2015-05-22 13:47:31.339][debug][command:null][tid:33][class com.martiansoftware.nailgun.NGSession] Received command: ng-stats
[2015-05-22 13:47:31.340][debug][command:null][tid:33][class com.martiansoftware.nailgun.NGSession] Invoking main method: public static void com.martiansoftware.nailgun.builtins.NGServerStats.nailMain(com.martiansoftware.nailgun.NGContext)
[2015-05-22 13:47:31.340][debug][command:null][tid:33][class com.martiansoftware.nailgun.NGSession] Nail finished.
[2015-05-22 13:47:31.340][debug][command:null][tid:33][class com.martiansoftware.nailgun.NGSession] Writing exit command with successful status 0 to client.
[2015-05-22 13:47:31.341][debug][command:null][tid:33][class com.martiansoftware.nailgun.NGSession] Closing client streams and socket.
[2015-05-22 13:47:31.348][debug][command:null][tid:36][class com.martiansoftware.nailgun.NGSession] Received connection from 127.0.0.1
[2015-05-22 13:47:31.350][debug][command:null][tid:36][class com.martiansoftware.nailgun.NGSession] Working directory: /Users/keger/Documents/workspace/NGUtils
[2015-05-22 13:47:31.350][debug][command:null][tid:36][class com.martiansoftware.nailgun.NGSession] Received command: com.facebook.buck.cli.Main
[2015-05-22 13:47:31.351][debug][command:null][tid:36][class com.martiansoftware.nailgun.NGSession] Invoking main method: public static void com.facebook.buck.cli.Main.nailMain(com.martiansoftware.nailgun.NGContext) throws java.lang.InterruptedException
[2015-05-22 13:47:31.352][debug][command:6c3cb74f-f245-4271-8e89-edcf60ffe763][tid:36][com.facebook.buck.cli.Main] Rotating log.
