[2015-05-22 13:47:14.237][debug][command:bbb4e4a4-d0f7-41eb-86da-9ebda79f92d9][tid:46][com.facebook.buck.cli.Main] Starting up (build date 2015-05-21 23:42:48 +0800, rev b7030deb681193b4c531dca892f9f10ed6e42cf2), args: [build, debug]
[2015-05-22 13:47:14.247][debug][command:bbb4e4a4-d0f7-41eb-86da-9ebda79f92d9][tid:46][com.facebook.buck.io.ExecutableFinder] Executable 'python2' mapped to 'Optional.absent()'
[2015-05-22 13:47:14.249][debug][command:bbb4e4a4-d0f7-41eb-86da-9ebda79f92d9][tid:46][com.facebook.buck.io.ExecutableFinder] Executable 'python' mapped to 'Optional.of(/usr/bin/python)'
[2015-05-22 13:47:14.264][warn ][command:bbb4e4a4-d0f7-41eb-86da-9ebda79f92d9][tid:46][com.facebook.buck.rules.KnownBuildRuleTypes] Couldn't find version file at /Library/Developer/version.plist (Apple platforms will be unavailable)
[2015-05-22 13:47:14.268][debug][command:bbb4e4a4-d0f7-41eb-86da-9ebda79f92d9][tid:46][com.facebook.buck.io.ExecutableFinder] Executable 'python2' mapped to 'Optional.absent()'
[2015-05-22 13:47:14.270][debug][command:bbb4e4a4-d0f7-41eb-86da-9ebda79f92d9][tid:46][com.facebook.buck.io.ExecutableFinder] Executable 'python' mapped to 'Optional.of(/usr/bin/python)'
[2015-05-22 13:47:14.271][debug][command:bbb4e4a4-d0f7-41eb-86da-9ebda79f92d9][tid:46][com.facebook.buck.io.ExecutableFinder] Executable 'python2' mapped to 'Optional.absent()'
[2015-05-22 13:47:14.273][debug][command:bbb4e4a4-d0f7-41eb-86da-9ebda79f92d9][tid:46][com.facebook.buck.io.ExecutableFinder] Executable 'python' mapped to 'Optional.of(/usr/bin/python)'
[2015-05-22 13:47:14.273][debug][command:bbb4e4a4-d0f7-41eb-86da-9ebda79f92d9][tid:46][com.facebook.buck.event.listener.SuperConsoleEventBusListener] Starting render scheduler (interval 100 ms)
[2015-05-22 13:47:14.279][debug][command:bbb4e4a4-d0f7-41eb-86da-9ebda79f92d9][tid:46][com.facebook.buck.util.WatchmanWatcher] Starting watchman command: [watchman, --server-encoding=json, --no-pretty, -j]
[2015-05-22 13:47:14.279][debug][command:bbb4e4a4-d0f7-41eb-86da-9ebda79f92d9][tid:58][com.facebook.buck.event.listener.LoggingBuildListener] CommandStarted(build, isDaemon: true)
[2015-05-22 13:47:14.282][debug][command:bbb4e4a4-d0f7-41eb-86da-9ebda79f92d9][tid:46][com.facebook.buck.util.WatchmanWatcher] Writing query to Watchman: ["query","/Users/keger/Documents/workspace/NGUtils",{"since":"n:buckdd80331cc-8117-4d27-acd6-2c04f91e9314","expression":["not",["anyof",["type","d"],["match","buck-out/*","wholename"],["match",".idea/*","wholename"],["match","/Users/keger/Documents/workspace/NGUtils/.buckd/*","wholename"],["match","/Users/keger/Documents/workspace/NGUtils/buck-cache/*","wholename"],["match","*.pbxproj","wholename"],["match","*.xcscheme","wholename"],["match","*.xcworkspacedata","wholename"]]],"empty_on_fresh_instance":true,"fields":["name","exists","new"]}]
[2015-05-22 13:47:14.283][debug][command:bbb4e4a4-d0f7-41eb-86da-9ebda79f92d9][tid:46][com.facebook.buck.util.WatchmanWatcher] Parsing JSON output from Watchman
[2015-05-22 13:47:14.307][debug][command:bbb4e4a4-d0f7-41eb-86da-9ebda79f92d9][tid:46][com.facebook.buck.parser.Parser] Parsed build files does not contain /Users/keger/Documents/workspace/NGUtils/.buckd/buckd.runcount, not invalidating
[2015-05-22 13:47:14.307][debug][command:bbb4e4a4-d0f7-41eb-86da-9ebda79f92d9][tid:46][com.facebook.buck.parser.Parser] Removing targets [] for path /Users/keger/Documents/workspace/NGUtils/.buckd/buckd.runcount
[2015-05-22 13:47:14.309][debug][command:bbb4e4a4-d0f7-41eb-86da-9ebda79f92d9][tid:46][com.facebook.buck.parser.Parser] Parser invalidating /Users/keger/Documents/workspace/NGUtils/BUCK cache
[2015-05-22 13:47:14.309][debug][command:bbb4e4a4-d0f7-41eb-86da-9ebda79f92d9][tid:46][com.facebook.buck.parser.Parser] Removing targets [//:src, //:res, //:debug_keystore, //:android-support-v4, //:debug, //:build_config] for path /Users/keger/Documents/workspace/NGUtils/BUCK
[2015-05-22 13:47:14.309][debug][command:bbb4e4a4-d0f7-41eb-86da-9ebda79f92d9][tid:46][com.facebook.buck.parser.Parser] Parsed build files does not contain /Users/keger/Documents/workspace/NGUtils/.buckd/tmp/buck_run.Ur1zpj/___android-support-v48472831075904925863.zip, not invalidating
[2015-05-22 13:47:14.309][debug][command:bbb4e4a4-d0f7-41eb-86da-9ebda79f92d9][tid:46][com.facebook.buck.parser.Parser] Removing targets [] for path /Users/keger/Documents/workspace/NGUtils/.buckd/tmp/buck_run.Ur1zpj/___android-support-v48472831075904925863.zip
[2015-05-22 13:47:14.311][debug][command:bbb4e4a4-d0f7-41eb-86da-9ebda79f92d9][tid:46][com.facebook.buck.parser.Parser] Parsed build files does not contain /Users/keger/Documents/workspace/NGUtils/BUCK, not invalidating
[2015-05-22 13:47:14.311][debug][command:bbb4e4a4-d0f7-41eb-86da-9ebda79f92d9][tid:46][com.facebook.buck.parser.Parser] Removing targets [] for path /Users/keger/Documents/workspace/NGUtils/BUCK
[2015-05-22 13:47:14.311][debug][command:bbb4e4a4-d0f7-41eb-86da-9ebda79f92d9][tid:46][com.facebook.buck.parser.Parser] Parsed build files does not contain /Users/keger/Documents/workspace/NGUtils/.buckd/tmp/buck_run.Ur1zpj/buck6081539856197425289.py, not invalidating
[2015-05-22 13:47:14.312][debug][command:bbb4e4a4-d0f7-41eb-86da-9ebda79f92d9][tid:46][com.facebook.buck.parser.Parser] Removing targets [] for path /Users/keger/Documents/workspace/NGUtils/.buckd/tmp/buck_run.Ur1zpj/buck6081539856197425289.py
[2015-05-22 13:47:14.312][debug][command:bbb4e4a4-d0f7-41eb-86da-9ebda79f92d9][tid:46][com.facebook.buck.util.WatchmanWatcher] Posted 3 Watchman events. Waiting for subprocess to exit...
[2015-05-22 13:47:14.312][debug][command:bbb4e4a4-d0f7-41eb-86da-9ebda79f92d9][tid:46][com.facebook.buck.util.WatchmanWatcher] Watchman exited cleanly.
[2015-05-22 13:47:14.328][debug][command:bbb4e4a4-d0f7-41eb-86da-9ebda79f92d9][tid:58][com.facebook.buck.event.listener.LoggingBuildListener] ArtifactCacheConnectStarted()
[2015-05-22 13:47:14.473][debug][command:bbb4e4a4-d0f7-41eb-86da-9ebda79f92d9][tid:58][com.facebook.buck.event.listener.LoggingBuildListener] ArtifactCacheConnectFinished()
[2015-05-22 13:47:14.473][info ][command:bbb4e4a4-d0f7-41eb-86da-9ebda79f92d9][tid:58][com.facebook.buck.event.listener.LoggingBuildListener] Build started at 2015-05-22 13:47:14.279
[2015-05-22 13:47:14.474][debug][command:bbb4e4a4-d0f7-41eb-86da-9ebda79f92d9][tid:46][com.facebook.buck.parser.Parser] Parsing BUCK file: /Users/keger/Documents/workspace/NGUtils/BUCK
[2015-05-22 13:47:14.476][debug][command:bbb4e4a4-d0f7-41eb-86da-9ebda79f92d9][tid:58][com.facebook.buck.event.listener.LoggingBuildListener] BuckFilesParseStarted()
[2015-05-22 13:47:14.477][debug][command:bbb4e4a4-d0f7-41eb-86da-9ebda79f92d9][tid:46][com.facebook.buck.io.ExecutableFinder] Executable 'python2' mapped to 'Optional.absent()'
[2015-05-22 13:47:14.478][debug][command:bbb4e4a4-d0f7-41eb-86da-9ebda79f92d9][tid:46][com.facebook.buck.io.ExecutableFinder] Executable 'python' mapped to 'Optional.of(/usr/bin/python)'
[2015-05-22 13:47:14.478][debug][command:bbb4e4a4-d0f7-41eb-86da-9ebda79f92d9][tid:46][com.facebook.buck.json.ProjectBuildFileParser] Creating temporary buck.py instance...
[2015-05-22 13:47:14.498][debug][command:bbb4e4a4-d0f7-41eb-86da-9ebda79f92d9][tid:46][com.facebook.buck.json.ProjectBuildFileParser] Created temporary buck.py instance at /Users/keger/Documents/workspace/NGUtils/.buckd/tmp/buck_run.Ur1zpj/buck8910667250635797944.py.
[2015-05-22 13:47:14.499][debug][command:bbb4e4a4-d0f7-41eb-86da-9ebda79f92d9][tid:46][com.facebook.buck.json.ProjectBuildFileParser] Starting buck.py command: [/usr/bin/python, -u, /Users/keger/Documents/workspace/NGUtils/.buckd/tmp/buck_run.Ur1zpj/buck8910667250635797944.py, --allow_empty_globs, --project_root, /Users/keger/Documents/workspace/NGUtils, --build_file_name, BUCK] environment: {PATH=/Users/keger/.jenv/shims:/Users/keger/.jenv/bin:/Users/keger/.jenv/shims:/Users/keger/.jenv/bin:/Users/keger/.gvm/vertx/current/bin:/Users/keger/.gvm/springboot/current/bin:/Users/keger/.gvm/lazybones/current/bin:/Users/keger/.gvm/jbake/current/bin:/Users/keger/.gvm/groovyserv/current/bin:/Users/keger/.gvm/groovy/current/bin:/Users/keger/.gvm/griffon/current/bin:/Users/keger/.gvm/grails/current/bin:/Users/keger/.gvm/gradle/current/bin:/Users/keger/.gvm/glide/current/bin:/Users/keger/.gvm/gaiden/current/bin:/Users/keger/.gvm/crash/current/bin:/Users/keger/.gvm/asciidoctorj/current/bin:/Users/keger/bin:/usr/local/bin:/usr/bin:/bin:/usr/sbin:/sbin:/usr/local/git/bin:/Users/keger/Documents/android-sdk-macosx/tools:/Users/keger/Documents/android-sdk-macosx/platform-tools:/usr/local/bin:/Users/keger/bin, GRAILS_HOME=/Users/keger/.gvm/grails/current, ASCIIDOCTORJ_HOME=/Users/keger/.gvm/asciidoctorj/current, VERTX_HOME=/Users/keger/.gvm/vertx/current, LOGNAME=keger, PWD=/Users/keger/Documents/workspace/NGUtils, TERM_PROGRAM_VERSION=343.7, SPRINGBOOT_HOME=/Users/keger/.gvm/springboot/current, PYTHONPATH=/Users/keger/Documents/buck/third-party/py/pathlib, SHELL=/bin/bash, GROOVYSERV_HOME=/Users/keger/.gvm/groovyserv/current, GVM_PLATFORM=Darwin, VERSIONER_PYTHON_PREFER_32_BIT=no, TMPDIR=/var/folders/rz/3xhpytv543gg8f5p8l382jhw0000gn/T/, XPC_FLAGS=0x0, __CF_USER_TEXT_ENCODING=0x1F5:0x19:0x34, CRASH_HOME=/Users/keger/.gvm/crash/current, Apple_PubSub_Socket_Render=/private/tmp/com.apple.launchd.PMPnotaMvk/Render, SHLVL=1, GVM_BROADCAST_SERVICE=http://cast.gvm.io, GRIFFON_HOME=/Users/keger/.gvm/griffon/current, NAILGUN_TTY_2=1, NAILGUN_TTY_1=1, NAILGUN_TTY_0=1, GVM_VERSION=2.4.1, LAZYBONES_HOME=/Users/keger/.gvm/lazybones/current, GAIDEN_HOME=/Users/keger/.gvm/gaiden/current, TERM=xterm-256color, NAILGUN_FILESEPARATOR=/, LANG=zh_CN.UTF-8, GRADLE_HOME=/Users/keger/.gvm/gradle/current, GROOVY_HOME=/Users/keger/.gvm/groovy/current, VERSIONER_PYTHON_VERSION=2.7, GVM_SERVICE=http://api.gvmtool.net, XPC_SERVICE_NAME=0, NAILGUN_PATHSEPARATOR=:, JBAKE_HOME=/Users/keger/.gvm/jbake/current, TERM_PROGRAM=Apple_Terminal, GVM_DIR=/Users/keger/.gvm, USER=keger, GVM_BROKER_SERVICE=http://release.gvm.io, SSH_AUTH_SOCK=/private/tmp/com.apple.launchd.y9KXJSuojr/Listeners, GVM_INIT=true, GLIDE_HOME=/Users/keger/.gvm/glide/current, HOME=/Users/keger, JENV_LOADED=1}
[2015-05-22 13:47:14.501][debug][command:bbb4e4a4-d0f7-41eb-86da-9ebda79f92d9][tid:46][com.facebook.buck.json.ProjectBuildFileParser] Started process java.lang.UNIXProcess@3897ef48 successfully
[2015-05-22 13:47:14.502][debug][command:bbb4e4a4-d0f7-41eb-86da-9ebda79f92d9][tid:46][com.facebook.buck.json.ProjectBuildFileParser] Parsing output of process java.lang.UNIXProcess@3897ef48...
[2015-05-22 13:47:14.619][debug][command:bbb4e4a4-d0f7-41eb-86da-9ebda79f92d9][tid:46][com.facebook.buck.json.ProjectBuildFileParser] Parsed 7 rules from process
[2015-05-22 13:47:14.629][debug][command:bbb4e4a4-d0f7-41eb-86da-9ebda79f92d9][tid:58][com.facebook.buck.event.listener.LoggingBuildListener] ParseStarted(//:debug)
[2015-05-22 13:47:14.629][debug][command:bbb4e4a4-d0f7-41eb-86da-9ebda79f92d9][tid:58][com.facebook.buck.event.listener.LoggingBuildListener] ParseFinished(//:debug)
[2015-05-22 13:47:14.637][debug][command:bbb4e4a4-d0f7-41eb-86da-9ebda79f92d9][tid:46][com.facebook.buck.json.ProjectBuildFileParser] Waiting for process java.lang.UNIXProcess@3897ef48 to exit...
[2015-05-22 13:47:14.637][debug][command:bbb4e4a4-d0f7-41eb-86da-9ebda79f92d9][tid:46][com.facebook.buck.json.ProjectBuildFileParser] Process java.lang.UNIXProcess@3897ef48 exited cleanly.
[2015-05-22 13:47:14.637][debug][command:bbb4e4a4-d0f7-41eb-86da-9ebda79f92d9][tid:58][com.facebook.buck.event.listener.LoggingBuildListener] BuckFilesParseFinished()
[2015-05-22 13:47:14.638][debug][command:bbb4e4a4-d0f7-41eb-86da-9ebda79f92d9][tid:58][com.facebook.buck.event.listener.LoggingBuildListener] BuildActionGraphStarted()
[2015-05-22 13:47:14.642][debug][command:bbb4e4a4-d0f7-41eb-86da-9ebda79f92d9][tid:58][com.facebook.buck.event.listener.LoggingBuildListener] BuildActionGraphFinished()
[2015-05-22 13:47:14.642][debug][command:bbb4e4a4-d0f7-41eb-86da-9ebda79f92d9][tid:58][com.facebook.buck.event.listener.LoggingBuildListener] RuleCountCalculated(//:debug)
[2015-05-22 13:47:14.664][info ][command:bbb4e4a4-d0f7-41eb-86da-9ebda79f92d9][tid:58][com.facebook.buck.event.listener.LoggingBuildListener] Build finished at 2015-05-22 13:47:14.664
[2015-05-22 13:47:14.665][debug][command:bbb4e4a4-d0f7-41eb-86da-9ebda79f92d9][tid:46][com.facebook.buck.parser.Parser] Cleaning cache of build files with inputs under symlink []
[2015-05-22 13:47:14.665][debug][command:bbb4e4a4-d0f7-41eb-86da-9ebda79f92d9][tid:58][com.facebook.buck.event.listener.LoggingBuildListener] CommandFinished(build, isDaemon: true)
[2015-05-22 13:47:14.665][debug][command:bbb4e4a4-d0f7-41eb-86da-9ebda79f92d9][tid:46][com.facebook.buck.event.listener.SuperConsoleEventBusListener] Stopping render scheduler
[2015-05-22 13:47:14.668][debug][command:bbb4e4a4-d0f7-41eb-86da-9ebda79f92d9][tid:46][com.facebook.buck.event.listener.ChromeTraceBuildListener] Writing Chrome trace to buck-out/log/traces/build.2015-05-22.13-47-14.bbb4e4a4-d0f7-41eb-86da-9ebda79f92d9.trace
[2015-05-22 13:47:14.682][debug][command:bbb4e4a4-d0f7-41eb-86da-9ebda79f92d9][tid:46][com.facebook.buck.cli.Main] Done.
[2015-05-22 13:47:14.682][debug][command:null][tid:46][class com.martiansoftware.nailgun.NGSession] Nail finished.
[2015-05-22 13:47:14.682][debug][command:null][tid:46][class com.martiansoftware.nailgun.NGSession] Closing client streams and socket.
[2015-05-22 13:47:22.819][debug][command:null][tid:49][class com.martiansoftware.nailgun.NGSession] Received connection from 127.0.0.1
[2015-05-22 13:47:22.820][debug][command:null][tid:49][class com.martiansoftware.nailgun.NGSession] Working directory: /Users/keger/Documents/workspace/NGUtils
[2015-05-22 13:47:22.820][debug][command:null][tid:49][class com.martiansoftware.nailgun.NGSession] Received command: ng-stop
[2015-05-22 13:47:22.820][debug][command:null][tid:49][class com.martiansoftware.nailgun.NGSession] Invoking main method: public static void com.martiansoftware.nailgun.builtins.NGStop.nailMain(com.martiansoftware.nailgun.NGContext)
[2015-05-22 13:47:22.820][debug][command:null][tid:49][class com.martiansoftware.nailgun.NGServer] Shutting down nailgun server.
[2015-05-22 13:47:22.820][debug][command:null][tid:49][class com.martiansoftware.nailgun.NGServer] Closed server socket.
[2015-05-22 13:47:22.820][debug][command:null][tid:49][class com.martiansoftware.nailgun.NGServer] Shut down session pool.
[2015-05-22 13:47:22.820][debug][command:null][tid:49][class com.martiansoftware.nailgun.NGServer] Creating nailstats...
[2015-05-22 13:47:22.820][debug][command:null][tid:49][class com.martiansoftware.nailgun.NGServer] Calling nailShutdown() method on com.martiansoftware.nailgun.builtins.NGServerStats
[2015-05-22 13:47:22.821][debug][command:null][tid:49][class com.martiansoftware.nailgun.NGServer] com.martiansoftware.nailgun.builtins.NGServerStats.nailShutdown() exited cleanly.
[2015-05-22 13:47:22.821][debug][command:null][tid:49][class com.martiansoftware.nailgun.NGServer] Exiting VM.
