[2015-05-20 22:39:55.814][debug][command:b081d8d6-2647-434d-bd15-2567c5d45ba1][tid:145][com.facebook.buck.cli.Main] Starting up (build date 2015-04-14 05:47:36 +0800, rev bf0e5a4564171977c36376f1e66dd9bf2b037c65), args: [build, debug]
[2015-05-20 22:39:55.820][debug][command:b081d8d6-2647-434d-bd15-2567c5d45ba1][tid:145][com.facebook.buck.io.ExecutableFinder] Executable 'python2' mapped to 'Optional.absent()'
[2015-05-20 22:39:55.821][debug][command:b081d8d6-2647-434d-bd15-2567c5d45ba1][tid:145][com.facebook.buck.io.ExecutableFinder] Executable 'python' mapped to 'Optional.of(/usr/bin/python)'
[2015-05-20 22:39:55.835][warn ][command:b081d8d6-2647-434d-bd15-2567c5d45ba1][tid:145][com.facebook.buck.rules.KnownBuildRuleTypes] Couldn't find version file at /Library/Developer/version.plist (Apple platforms will be unavailable)
[2015-05-20 22:39:55.836][debug][command:b081d8d6-2647-434d-bd15-2567c5d45ba1][tid:145][com.facebook.buck.io.ExecutableFinder] Executable 'python2' mapped to 'Optional.absent()'
[2015-05-20 22:39:55.837][debug][command:b081d8d6-2647-434d-bd15-2567c5d45ba1][tid:145][com.facebook.buck.io.ExecutableFinder] Executable 'python' mapped to 'Optional.of(/usr/bin/python)'
[2015-05-20 22:39:55.837][debug][command:b081d8d6-2647-434d-bd15-2567c5d45ba1][tid:145][com.facebook.buck.io.ExecutableFinder] Executable 'python2' mapped to 'Optional.absent()'
[2015-05-20 22:39:55.840][debug][command:b081d8d6-2647-434d-bd15-2567c5d45ba1][tid:145][com.facebook.buck.io.ExecutableFinder] Executable 'python' mapped to 'Optional.of(/usr/bin/python)'
[2015-05-20 22:39:55.841][debug][command:b081d8d6-2647-434d-bd15-2567c5d45ba1][tid:145][com.facebook.buck.event.listener.SuperConsoleEventBusListener] Starting render scheduler (interval 100 ms)
[2015-05-20 22:39:55.843][debug][command:b081d8d6-2647-434d-bd15-2567c5d45ba1][tid:145][com.facebook.buck.util.WatchmanWatcher] Starting watchman command: [watchman, --server-encoding=json, --no-pretty, -j]
[2015-05-20 22:39:55.843][debug][command:b081d8d6-2647-434d-bd15-2567c5d45ba1][tid:157][com.facebook.buck.event.listener.LoggingBuildListener] CommandStarted(build, isDaemon: true)
[2015-05-20 22:39:55.846][debug][command:b081d8d6-2647-434d-bd15-2567c5d45ba1][tid:145][com.facebook.buck.util.WatchmanWatcher] Writing query to Watchman: ["query","/Users/keger/Documents/workspace/NGUtils",{"since":"n:buckd498c26e2-42e9-4cf5-8fbe-f2a5c1eb75fc","expression":["not",["anyof",["type","d"],["match","buck-out/*","wholename"],["match",".idea/*","wholename"],["match","/Users/keger/Documents/workspace/NGUtils/.buckd/*","wholename"],["match","/Users/keger/Documents/workspace/NGUtils/buck-cache/*","wholename"],["match","*.pbxproj","wholename"],["match","*.xcscheme","wholename"],["match","*.xcworkspacedata","wholename"]]],"empty_on_fresh_instance":true,"fields":["name","exists","new"]}]
[2015-05-20 22:39:55.846][debug][command:b081d8d6-2647-434d-bd15-2567c5d45ba1][tid:145][com.facebook.buck.util.WatchmanWatcher] Parsing JSON output from Watchman
[2015-05-20 22:39:55.863][debug][command:b081d8d6-2647-434d-bd15-2567c5d45ba1][tid:145][com.facebook.buck.parser.Parser] Parsed build files does not contain /Users/keger/Documents/workspace/NGUtils/.buckd/buckd.runcount, not invalidating
[2015-05-20 22:39:55.864][debug][command:b081d8d6-2647-434d-bd15-2567c5d45ba1][tid:145][com.facebook.buck.parser.Parser] Removing targets [] for path /Users/keger/Documents/workspace/NGUtils/.buckd/buckd.runcount
[2015-05-20 22:39:55.864][debug][command:b081d8d6-2647-434d-bd15-2567c5d45ba1][tid:145][com.facebook.buck.parser.Parser] Parser invalidating /Users/keger/Documents/workspace/NGUtils/BUCK cache
[2015-05-20 22:39:55.865][debug][command:b081d8d6-2647-434d-bd15-2567c5d45ba1][tid:145][com.facebook.buck.parser.Parser] Removing targets [//:src, //:res, //:debug_keystore, //:android-support-v4, //:debug, //:build_config] for path /Users/keger/Documents/workspace/NGUtils/BUCK
[2015-05-20 22:39:55.866][debug][command:b081d8d6-2647-434d-bd15-2567c5d45ba1][tid:145][com.facebook.buck.parser.Parser] Parsed build files does not contain /Users/keger/Documents/workspace/NGUtils/BUCK, not invalidating
[2015-05-20 22:39:55.866][debug][command:b081d8d6-2647-434d-bd15-2567c5d45ba1][tid:145][com.facebook.buck.parser.Parser] Removing targets [] for path /Users/keger/Documents/workspace/NGUtils/BUCK
[2015-05-20 22:39:55.867][debug][command:b081d8d6-2647-434d-bd15-2567c5d45ba1][tid:145][com.facebook.buck.parser.Parser] Parsed build files does not contain /Users/keger/Documents/workspace/NGUtils/.git/index.lock, not invalidating
[2015-05-20 22:39:55.867][debug][command:b081d8d6-2647-434d-bd15-2567c5d45ba1][tid:145][com.facebook.buck.parser.Parser] Removing targets [] for path /Users/keger/Documents/workspace/NGUtils/.git/index.lock
[2015-05-20 22:39:55.867][debug][command:b081d8d6-2647-434d-bd15-2567c5d45ba1][tid:145][com.facebook.buck.parser.Parser] Parsed build files does not contain /Users/keger/Documents/workspace/NGUtils/BUCK, not invalidating
[2015-05-20 22:39:55.867][debug][command:b081d8d6-2647-434d-bd15-2567c5d45ba1][tid:145][com.facebook.buck.parser.Parser] Removing targets [] for path /Users/keger/Documents/workspace/NGUtils/BUCK
[2015-05-20 22:39:55.867][debug][command:b081d8d6-2647-434d-bd15-2567c5d45ba1][tid:145][com.facebook.buck.parser.Parser] Parsed build files does not contain /Users/keger/Documents/workspace/NGUtils/.buckd/tmp/buck_run.L78kap/buck6212914381371382929.py, not invalidating
[2015-05-20 22:39:55.867][debug][command:b081d8d6-2647-434d-bd15-2567c5d45ba1][tid:145][com.facebook.buck.parser.Parser] Removing targets [] for path /Users/keger/Documents/workspace/NGUtils/.buckd/tmp/buck_run.L78kap/buck6212914381371382929.py
[2015-05-20 22:39:55.868][debug][command:b081d8d6-2647-434d-bd15-2567c5d45ba1][tid:145][com.facebook.buck.util.WatchmanWatcher] Posted 4 Watchman events. Waiting for subprocess to exit...
[2015-05-20 22:39:55.868][debug][command:b081d8d6-2647-434d-bd15-2567c5d45ba1][tid:145][com.facebook.buck.util.WatchmanWatcher] Watchman exited cleanly.
[2015-05-20 22:39:55.870][debug][command:b081d8d6-2647-434d-bd15-2567c5d45ba1][tid:157][com.facebook.buck.event.listener.LoggingBuildListener] ArtifactCacheConnectStarted()
[2015-05-20 22:39:55.953][debug][command:b081d8d6-2647-434d-bd15-2567c5d45ba1][tid:157][com.facebook.buck.event.listener.LoggingBuildListener] ArtifactCacheConnectFinished()
[2015-05-20 22:39:55.953][debug][command:b081d8d6-2647-434d-bd15-2567c5d45ba1][tid:145][com.facebook.buck.parser.Parser] Parsing BUCK file: /Users/keger/Documents/workspace/NGUtils/BUCK
[2015-05-20 22:39:55.953][info ][command:b081d8d6-2647-434d-bd15-2567c5d45ba1][tid:157][com.facebook.buck.event.listener.LoggingBuildListener] Build started at 2015-05-20 22:39:55.843
[2015-05-20 22:39:55.954][debug][command:b081d8d6-2647-434d-bd15-2567c5d45ba1][tid:157][com.facebook.buck.event.listener.LoggingBuildListener] BuckFilesParseStarted()
[2015-05-20 22:39:55.954][debug][command:b081d8d6-2647-434d-bd15-2567c5d45ba1][tid:145][com.facebook.buck.io.ExecutableFinder] Executable 'python2' mapped to 'Optional.absent()'
[2015-05-20 22:39:55.954][debug][command:b081d8d6-2647-434d-bd15-2567c5d45ba1][tid:145][com.facebook.buck.io.ExecutableFinder] Executable 'python' mapped to 'Optional.of(/usr/bin/python)'
[2015-05-20 22:39:55.954][debug][command:b081d8d6-2647-434d-bd15-2567c5d45ba1][tid:145][com.facebook.buck.json.ProjectBuildFileParser] Creating temporary buck.py instance...
[2015-05-20 22:39:55.964][debug][command:b081d8d6-2647-434d-bd15-2567c5d45ba1][tid:145][com.facebook.buck.json.ProjectBuildFileParser] Created temporary buck.py instance at /Users/keger/Documents/workspace/NGUtils/.buckd/tmp/buck_run.L78kap/buck930047133615577904.py.
[2015-05-20 22:39:55.965][debug][command:b081d8d6-2647-434d-bd15-2567c5d45ba1][tid:145][com.facebook.buck.json.ProjectBuildFileParser] Starting buck.py command: [/usr/bin/python, -u, /Users/keger/Documents/workspace/NGUtils/.buckd/tmp/buck_run.L78kap/buck930047133615577904.py, --allow_empty_globs, --project_root, /Users/keger/Documents/workspace/NGUtils, --build_file_name, BUCK] environment: {PATH=/Users/keger/.jenv/shims:/Users/keger/.jenv/bin:/Users/keger/.jenv/shims:/Users/keger/.jenv/bin:/Users/keger/bin:/usr/local/bin:/usr/bin:/bin:/usr/sbin:/sbin:/usr/local/git/bin:/Users/keger/.gvm/vertx/current/bin:/Users/keger/.gvm/springboot/current/bin:/Users/keger/.gvm/lazybones/current/bin:/Users/keger/.gvm/jbake/current/bin:/Users/keger/.gvm/groovyserv/current/bin:/Users/keger/.gvm/groovy/current/bin:/Users/keger/.gvm/griffon/current/bin:/Users/keger/.gvm/grails/current/bin:/Users/keger/.gvm/gradle/current/bin:/Users/keger/.gvm/glide/current/bin:/Users/keger/.gvm/gaiden/current/bin:/Users/keger/.gvm/crash/current/bin:/Users/keger/.gvm/asciidoctorj/current/bin:/Users/keger/bin:/Users/keger/Documents/android-sdk-macosx/tools:/Users/keger/Documents/android-sdk-macosx/platform-tools:/Users/keger/Documents/android-sdk-macosx/tools:/Users/keger/Documents/android-sdk-macosx/platform-tools:/usr/local/bin:/Users/keger/bin, GRAILS_HOME=/Users/keger/.gvm/grails/current, ASCIIDOCTORJ_HOME=/Users/keger/.gvm/asciidoctorj/current, VERTX_HOME=/Users/keger/.gvm/vertx/current, JENV_VERSION=oracle64-1.8.0.45, LOGNAME=keger, PWD=/Users/keger/Documents/workspace/NGUtils, TERM_PROGRAM_VERSION=343.7, SPRINGBOOT_HOME=/Users/keger/.gvm/springboot/current, PYTHONPATH=/Users/keger/Documents/buck/third-party/py/pathlib, SHELL=/bin/bash, GROOVYSERV_HOME=/Users/keger/.gvm/groovyserv/current, GVM_PLATFORM=Darwin, VERSIONER_PYTHON_PREFER_32_BIT=no, TMPDIR=/var/folders/rz/3xhpytv543gg8f5p8l382jhw0000gn/T/, XPC_FLAGS=0x0, __CF_USER_TEXT_ENCODING=0x1F5:0x19:0x34, CRASH_HOME=/Users/keger/.gvm/crash/current, Apple_PubSub_Socket_Render=/private/tmp/com.apple.launchd.JSMkSCNxYT/Render, SHLVL=1, GVM_BROADCAST_SERVICE=http://cast.gvm.io, GRIFFON_HOME=/Users/keger/.gvm/griffon/current, NAILGUN_TTY_2=1, NAILGUN_TTY_1=1, NAILGUN_TTY_0=1, GVM_VERSION=2.4.1, LAZYBONES_HOME=/Users/keger/.gvm/lazybones/current, GAIDEN_HOME=/Users/keger/.gvm/gaiden/current, TERM=xterm-256color, NAILGUN_FILESEPARATOR=/, LANG=zh_CN.UTF-8, GRADLE_HOME=/Users/keger/.gvm/gradle/current, GROOVY_HOME=/Users/keger/.gvm/groovy/current, VERSIONER_PYTHON_VERSION=2.7, GVM_SERVICE=http://api.gvmtool.net, XPC_SERVICE_NAME=0, NAILGUN_PATHSEPARATOR=:, JBAKE_HOME=/Users/keger/.gvm/jbake/current, TERM_PROGRAM=Apple_Terminal, GVM_DIR=/Users/keger/.gvm, USER=keger, GVM_BROKER_SERVICE=http://release.gvm.io, SSH_AUTH_SOCK=/private/tmp/com.apple.launchd.kdSNEtGnrF/Listeners, GVM_INIT=true, GLIDE_HOME=/Users/keger/.gvm/glide/current, HOME=/Users/keger, JENV_LOADED=1}
[2015-05-20 22:39:55.968][debug][command:b081d8d6-2647-434d-bd15-2567c5d45ba1][tid:145][com.facebook.buck.json.ProjectBuildFileParser] Started process java.lang.UNIXProcess@64be410 successfully
[2015-05-20 22:39:55.968][debug][command:b081d8d6-2647-434d-bd15-2567c5d45ba1][tid:145][com.facebook.buck.json.ProjectBuildFileParser] Parsing output of process java.lang.UNIXProcess@64be410...
[2015-05-20 22:39:56.034][debug][command:b081d8d6-2647-434d-bd15-2567c5d45ba1][tid:145][com.facebook.buck.json.ProjectBuildFileParser] Parsed 7 rules from process
[2015-05-20 22:39:56.038][debug][command:b081d8d6-2647-434d-bd15-2567c5d45ba1][tid:157][com.facebook.buck.event.listener.LoggingBuildListener] ParseStarted(//:debug)
[2015-05-20 22:39:56.043][debug][command:b081d8d6-2647-434d-bd15-2567c5d45ba1][tid:157][com.facebook.buck.event.listener.LoggingBuildListener] ParseFinished(//:debug)
[2015-05-20 22:39:56.048][debug][command:b081d8d6-2647-434d-bd15-2567c5d45ba1][tid:145][com.facebook.buck.json.ProjectBuildFileParser] Waiting for process java.lang.UNIXProcess@64be410 to exit...
[2015-05-20 22:39:56.049][debug][command:b081d8d6-2647-434d-bd15-2567c5d45ba1][tid:145][com.facebook.buck.json.ProjectBuildFileParser] Process java.lang.UNIXProcess@64be410 exited cleanly.
[2015-05-20 22:39:56.049][debug][command:b081d8d6-2647-434d-bd15-2567c5d45ba1][tid:157][com.facebook.buck.event.listener.LoggingBuildListener] BuckFilesParseFinished()
[2015-05-20 22:39:56.049][debug][command:b081d8d6-2647-434d-bd15-2567c5d45ba1][tid:157][com.facebook.buck.event.listener.LoggingBuildListener] BuildActionGraphStarted()
[2015-05-20 22:39:56.203][debug][command:b081d8d6-2647-434d-bd15-2567c5d45ba1][tid:157][com.facebook.buck.event.listener.LoggingBuildListener] BuildActionGraphFinished()
[2015-05-20 22:39:56.244][debug][command:b081d8d6-2647-434d-bd15-2567c5d45ba1][tid:157][com.facebook.buck.event.listener.LoggingBuildListener] RuleCountCalculated(//:debug)
[2015-05-20 22:39:56.302][debug][command:b081d8d6-2647-434d-bd15-2567c5d45ba1][tid:166][com.facebook.buck.rules.CachingBuildEngine] Building locally: //:build_config#gen_java_android_build_config
[2015-05-20 22:39:56.304][debug][command:b081d8d6-2647-434d-bd15-2567c5d45ba1][tid:167][com.facebook.buck.rules.CachingBuildEngine] Building locally: //:debug_keystore
[2015-05-20 22:39:56.302][debug][command:b081d8d6-2647-434d-bd15-2567c5d45ba1][tid:164][com.facebook.buck.rules.CachingBuildEngine] Building locally: //:debug#gen_java_android_build_config_com_keger_utils
[2015-05-20 22:39:56.304][debug][command:b081d8d6-2647-434d-bd15-2567c5d45ba1][tid:163][com.facebook.buck.rules.CachingBuildEngine] Building locally: //:res
[2015-05-20 22:39:56.306][debug][command:b081d8d6-2647-434d-bd15-2567c5d45ba1][tid:167][com.facebook.buck.rules.CachingBuildEngine] Build completed: //:debug_keystore
[2015-05-20 22:39:56.321][debug][command:b081d8d6-2647-434d-bd15-2567c5d45ba1][tid:164][com.facebook.buck.step.DefaultStepRunner] StepStarted(rm_&&_mkdir)
[2015-05-20 22:39:56.321][debug][command:b081d8d6-2647-434d-bd15-2567c5d45ba1][tid:163][com.facebook.buck.step.DefaultStepRunner] StepStarted(rm_&&_mkdir)
[2015-05-20 22:39:56.322][debug][command:b081d8d6-2647-434d-bd15-2567c5d45ba1][tid:164][com.facebook.buck.step.DefaultStepRunner] StepFinished(rm_&&_mkdir)
[2015-05-20 22:39:56.322][debug][command:b081d8d6-2647-434d-bd15-2567c5d45ba1][tid:164][com.facebook.buck.step.DefaultStepRunner] StepStarted(generate_build_config)
[2015-05-20 22:39:56.321][debug][command:b081d8d6-2647-434d-bd15-2567c5d45ba1][tid:166][com.facebook.buck.step.DefaultStepRunner] StepStarted(rm_&&_mkdir)
[2015-05-20 22:39:56.323][debug][command:b081d8d6-2647-434d-bd15-2567c5d45ba1][tid:163][com.facebook.buck.step.DefaultStepRunner] StepFinished(rm_&&_mkdir)
[2015-05-20 22:39:56.324][debug][command:b081d8d6-2647-434d-bd15-2567c5d45ba1][tid:163][com.facebook.buck.step.DefaultStepRunner] StepStarted(generate_resource_ids)
[2015-05-20 22:39:56.324][debug][command:b081d8d6-2647-434d-bd15-2567c5d45ba1][tid:166][com.facebook.buck.step.DefaultStepRunner] StepFinished(rm_&&_mkdir)
[2015-05-20 22:39:56.324][debug][command:b081d8d6-2647-434d-bd15-2567c5d45ba1][tid:166][com.facebook.buck.step.DefaultStepRunner] StepStarted(generate_build_config)
[2015-05-20 22:39:56.324][debug][command:b081d8d6-2647-434d-bd15-2567c5d45ba1][tid:164][com.facebook.buck.step.DefaultStepRunner] StepFinished(generate_build_config)
[2015-05-20 22:39:56.325][debug][command:b081d8d6-2647-434d-bd15-2567c5d45ba1][tid:164][com.facebook.buck.rules.CachingBuildEngine] Build completed: //:debug#gen_java_android_build_config_com_keger_utils
[2015-05-20 22:39:56.325][debug][command:b081d8d6-2647-434d-bd15-2567c5d45ba1][tid:166][com.facebook.buck.step.DefaultStepRunner] StepFinished(generate_build_config)
[2015-05-20 22:39:56.325][debug][command:b081d8d6-2647-434d-bd15-2567c5d45ba1][tid:166][com.facebook.buck.rules.CachingBuildEngine] Build completed: //:build_config#gen_java_android_build_config
[2015-05-20 22:39:56.336][debug][command:b081d8d6-2647-434d-bd15-2567c5d45ba1][tid:165][com.facebook.buck.rules.CachingBuildEngine] Building locally: //:android-support-v4
[2015-05-20 22:39:56.338][debug][command:b081d8d6-2647-434d-bd15-2567c5d45ba1][tid:157][com.facebook.buck.event.listener.LoggingBuildListener] ArtifactFetchCacheStarted(fetch:8ee3c82bbda9ca5a1345ccc99442c3df074b7d1b)
[2015-05-20 22:39:56.352][debug][command:b081d8d6-2647-434d-bd15-2567c5d45ba1][tid:157][com.facebook.buck.event.listener.LoggingBuildListener] ArtifactFetchCacheFinished(fetch:8ee3c82bbda9ca5a1345ccc99442c3df074b7d1b)
[2015-05-20 22:39:56.352][debug][command:b081d8d6-2647-434d-bd15-2567c5d45ba1][tid:157][com.facebook.buck.event.listener.LoggingBuildListener] ArtifactFetchCacheStarted(fetch:b9c1a10f2ea996961944d2fe3deab2d8880c741a)
[2015-05-20 22:39:56.353][debug][command:b081d8d6-2647-434d-bd15-2567c5d45ba1][tid:157][com.facebook.buck.event.listener.LoggingBuildListener] ArtifactFetchCacheFinished(fetch:b9c1a10f2ea996961944d2fe3deab2d8880c741a)
[2015-05-20 22:39:56.353][debug][command:b081d8d6-2647-434d-bd15-2567c5d45ba1][tid:157][com.facebook.buck.event.listener.LoggingBuildListener] ArtifactFetchCacheStarted(fetch:519a072967cfdf73f9b3bcee404f848d84284448)
[2015-05-20 22:39:56.354][debug][command:b081d8d6-2647-434d-bd15-2567c5d45ba1][tid:157][com.facebook.buck.event.listener.LoggingBuildListener] ArtifactFetchCacheFinished(fetch:519a072967cfdf73f9b3bcee404f848d84284448)
[2015-05-20 22:39:56.354][debug][command:b081d8d6-2647-434d-bd15-2567c5d45ba1][tid:157][com.facebook.buck.event.listener.LoggingBuildListener] ArtifactFetchCacheStarted(fetch:3d2d12241f41231631f17c534b0dabe5d96cdc2c)
[2015-05-20 22:39:56.354][debug][command:b081d8d6-2647-434d-bd15-2567c5d45ba1][tid:157][com.facebook.buck.event.listener.LoggingBuildListener] ArtifactFetchCacheFinished(fetch:3d2d12241f41231631f17c534b0dabe5d96cdc2c)
[2015-05-20 22:39:56.356][debug][command:b081d8d6-2647-434d-bd15-2567c5d45ba1][tid:165][com.facebook.buck.step.DefaultStepRunner] StepStarted(mkdir)
[2015-05-20 22:39:56.357][debug][command:b081d8d6-2647-434d-bd15-2567c5d45ba1][tid:165][com.facebook.buck.step.DefaultStepRunner] StepFinished(mkdir)
[2015-05-20 22:39:56.357][debug][command:b081d8d6-2647-434d-bd15-2567c5d45ba1][tid:165][com.facebook.buck.step.DefaultStepRunner] StepStarted(rm)
[2015-05-20 22:39:56.357][debug][command:b081d8d6-2647-434d-bd15-2567c5d45ba1][tid:165][com.facebook.buck.step.DefaultStepRunner] StepFinished(rm)
[2015-05-20 22:39:56.357][debug][command:b081d8d6-2647-434d-bd15-2567c5d45ba1][tid:165][com.facebook.buck.step.DefaultStepRunner] StepStarted(calculate_abi)
[2015-05-20 22:39:56.362][debug][command:b081d8d6-2647-434d-bd15-2567c5d45ba1][tid:166][com.facebook.buck.rules.CachingBuildEngine] Building locally: //:debug#buildconfig_com_keger_utils
[2015-05-20 22:39:56.363][debug][command:b081d8d6-2647-434d-bd15-2567c5d45ba1][tid:167][com.facebook.buck.rules.CachingBuildEngine] Building locally: //:build_config
[2015-05-20 22:39:56.364][debug][command:b081d8d6-2647-434d-bd15-2567c5d45ba1][tid:157][com.facebook.buck.event.listener.LoggingBuildListener] ArtifactFetchCacheStarted(fetch:fc4e249ab0382823f02bde371ac6c5fe45ca2392)
[2015-05-20 22:39:56.364][debug][command:b081d8d6-2647-434d-bd15-2567c5d45ba1][tid:157][com.facebook.buck.event.listener.LoggingBuildListener] ArtifactFetchCacheFinished(fetch:fc4e249ab0382823f02bde371ac6c5fe45ca2392)
[2015-05-20 22:39:56.375][debug][command:b081d8d6-2647-434d-bd15-2567c5d45ba1][tid:166][com.facebook.buck.step.DefaultStepRunner] StepStarted(rm_&&_mkdir)
[2015-05-20 22:39:56.375][debug][command:b081d8d6-2647-434d-bd15-2567c5d45ba1][tid:167][com.facebook.buck.step.DefaultStepRunner] StepStarted(rm_&&_mkdir)
[2015-05-20 22:39:56.376][debug][command:b081d8d6-2647-434d-bd15-2567c5d45ba1][tid:166][com.facebook.buck.step.DefaultStepRunner] StepFinished(rm_&&_mkdir)
[2015-05-20 22:39:56.376][debug][command:b081d8d6-2647-434d-bd15-2567c5d45ba1][tid:167][com.facebook.buck.step.DefaultStepRunner] StepFinished(rm_&&_mkdir)
[2015-05-20 22:39:56.376][debug][command:b081d8d6-2647-434d-bd15-2567c5d45ba1][tid:166][com.facebook.buck.step.DefaultStepRunner] StepStarted(rm_&&_mkdir)
[2015-05-20 22:39:56.376][debug][command:b081d8d6-2647-434d-bd15-2567c5d45ba1][tid:167][com.facebook.buck.step.DefaultStepRunner] StepStarted(rm_&&_mkdir)
[2015-05-20 22:39:56.376][debug][command:b081d8d6-2647-434d-bd15-2567c5d45ba1][tid:166][com.facebook.buck.step.DefaultStepRunner] StepFinished(rm_&&_mkdir)
[2015-05-20 22:39:56.376][debug][command:b081d8d6-2647-434d-bd15-2567c5d45ba1][tid:167][com.facebook.buck.step.DefaultStepRunner] StepFinished(rm_&&_mkdir)
[2015-05-20 22:39:56.377][debug][command:b081d8d6-2647-434d-bd15-2567c5d45ba1][tid:166][com.facebook.buck.step.DefaultStepRunner] StepStarted(mkdir)
[2015-05-20 22:39:56.377][debug][command:b081d8d6-2647-434d-bd15-2567c5d45ba1][tid:167][com.facebook.buck.step.DefaultStepRunner] StepStarted(mkdir)
[2015-05-20 22:39:56.377][debug][command:b081d8d6-2647-434d-bd15-2567c5d45ba1][tid:166][com.facebook.buck.step.DefaultStepRunner] StepFinished(mkdir)
[2015-05-20 22:39:56.377][debug][command:b081d8d6-2647-434d-bd15-2567c5d45ba1][tid:167][com.facebook.buck.step.DefaultStepRunner] StepFinished(mkdir)
[2015-05-20 22:39:56.377][debug][command:b081d8d6-2647-434d-bd15-2567c5d45ba1][tid:166][com.facebook.buck.step.DefaultStepRunner] StepStarted(javac)
[2015-05-20 22:39:56.378][debug][command:b081d8d6-2647-434d-bd15-2567c5d45ba1][tid:167][com.facebook.buck.step.DefaultStepRunner] StepStarted(javac)
[2015-05-20 22:39:56.552][debug][command:b081d8d6-2647-434d-bd15-2567c5d45ba1][tid:163][com.facebook.buck.step.DefaultStepRunner] StepFinished(generate_resource_ids)
[2015-05-20 22:39:56.552][debug][command:b081d8d6-2647-434d-bd15-2567c5d45ba1][tid:163][com.facebook.buck.step.DefaultStepRunner] StepStarted(record_file_sha1)
[2015-05-20 22:39:56.553][debug][command:b081d8d6-2647-434d-bd15-2567c5d45ba1][tid:163][com.facebook.buck.step.DefaultStepRunner] StepFinished(record_file_sha1)
[2015-05-20 22:39:56.553][debug][command:b081d8d6-2647-434d-bd15-2567c5d45ba1][tid:163][com.facebook.buck.rules.CachingBuildEngine] Build completed: //:res
[2015-05-20 22:39:56.563][debug][command:b081d8d6-2647-434d-bd15-2567c5d45ba1][tid:164][com.facebook.buck.rules.CachingBuildEngine] Building locally: //:debug#aapt_package
[2015-05-20 22:39:56.565][debug][command:b081d8d6-2647-434d-bd15-2567c5d45ba1][tid:163][com.facebook.buck.rules.CachingBuildEngine] Building locally: //:src#dummy_r_dot_java
[2015-05-20 22:39:56.573][debug][command:b081d8d6-2647-434d-bd15-2567c5d45ba1][tid:163][com.facebook.buck.step.DefaultStepRunner] StepStarted(rm_&&_mkdir)
[2015-05-20 22:39:56.573][debug][command:b081d8d6-2647-434d-bd15-2567c5d45ba1][tid:163][com.facebook.buck.step.DefaultStepRunner] StepFinished(rm_&&_mkdir)
[2015-05-20 22:39:56.574][debug][command:b081d8d6-2647-434d-bd15-2567c5d45ba1][tid:163][com.facebook.buck.step.DefaultStepRunner] StepStarted(android-res-merge)
[2015-05-20 22:39:56.580][debug][command:b081d8d6-2647-434d-bd15-2567c5d45ba1][tid:164][com.facebook.buck.step.DefaultStepRunner] StepStarted(mkdir_&&_symlink_file)
[2015-05-20 22:39:56.581][debug][command:b081d8d6-2647-434d-bd15-2567c5d45ba1][tid:164][com.facebook.buck.step.DefaultStepRunner] StepFinished(mkdir_&&_symlink_file)
[2015-05-20 22:39:56.581][debug][command:b081d8d6-2647-434d-bd15-2567c5d45ba1][tid:164][com.facebook.buck.step.DefaultStepRunner] StepStarted(symlink_assets)
[2015-05-20 22:39:56.582][debug][command:b081d8d6-2647-434d-bd15-2567c5d45ba1][tid:164][com.facebook.buck.step.DefaultStepRunner] StepFinished(symlink_assets)
[2015-05-20 22:39:56.583][debug][command:b081d8d6-2647-434d-bd15-2567c5d45ba1][tid:164][com.facebook.buck.step.DefaultStepRunner] StepStarted(mkdir)
[2015-05-20 22:39:56.583][debug][command:b081d8d6-2647-434d-bd15-2567c5d45ba1][tid:164][com.facebook.buck.step.DefaultStepRunner] StepFinished(mkdir)
[2015-05-20 22:39:56.583][debug][command:b081d8d6-2647-434d-bd15-2567c5d45ba1][tid:164][com.facebook.buck.step.DefaultStepRunner] StepStarted(rm_&&_mkdir)
[2015-05-20 22:39:56.583][debug][command:b081d8d6-2647-434d-bd15-2567c5d45ba1][tid:164][com.facebook.buck.step.DefaultStepRunner] StepFinished(rm_&&_mkdir)
[2015-05-20 22:39:56.647][warn ][command:b081d8d6-2647-434d-bd15-2567c5d45ba1][tid:157][com.facebook.buck.event.listener.LoggingBuildListener] No Android platform target specified. Using default: Google Inc.:Google APIs:21
[2015-05-20 22:39:56.648][debug][command:b081d8d6-2647-434d-bd15-2567c5d45ba1][tid:163][com.facebook.buck.step.DefaultStepRunner] StepFinished(android-res-merge)
[2015-05-20 22:39:56.648][debug][command:b081d8d6-2647-434d-bd15-2567c5d45ba1][tid:163][com.facebook.buck.step.DefaultStepRunner] StepStarted(rm_&&_mkdir)
[2015-05-20 22:39:56.649][debug][command:b081d8d6-2647-434d-bd15-2567c5d45ba1][tid:163][com.facebook.buck.step.DefaultStepRunner] StepFinished(rm_&&_mkdir)
[2015-05-20 22:39:56.649][debug][command:b081d8d6-2647-434d-bd15-2567c5d45ba1][tid:163][com.facebook.buck.step.DefaultStepRunner] StepStarted(rm_&&_mkdir)
[2015-05-20 22:39:56.649][debug][command:b081d8d6-2647-434d-bd15-2567c5d45ba1][tid:163][com.facebook.buck.step.DefaultStepRunner] StepFinished(rm_&&_mkdir)
[2015-05-20 22:39:56.650][debug][command:b081d8d6-2647-434d-bd15-2567c5d45ba1][tid:163][com.facebook.buck.step.DefaultStepRunner] StepStarted(javac)
[2015-05-20 22:39:56.656][debug][command:b081d8d6-2647-434d-bd15-2567c5d45ba1][tid:164][com.facebook.buck.shell.ShellStep] Command: /Users/keger/Documents/android-sdk-macosx/build-tools/22.0.1/aapt package -f --auto-add-overlay -S res -A buck-out/bin/__assets_debug#aapt_package__ --output-text-symbols buck-out/bin/__debug#aapt_package_res_symbols__ -J buck-out/bin/__debug#aapt_package_res_symbols__ -M buck-out/bin/__manifest_debug#aapt_package__/AndroidManifest.xml -I /Users/keger/Documents/android-sdk-macosx/platforms/android-21/android.jar -F buck-out/gen/debug#aapt_package.unsigned.ap_ --ignore-assets \!.svn:\!.git:\!.ds_store:\!*.scc:.*:<dir>_*:\!CVS:\!thumbs.db:\!picasa.ini:\!*~:*.orig
[2015-05-20 22:39:56.658][debug][command:b081d8d6-2647-434d-bd15-2567c5d45ba1][tid:164][com.facebook.buck.step.DefaultStepRunner] StepStarted(aapt_package)
[2015-05-20 22:39:56.741][debug][command:b081d8d6-2647-434d-bd15-2567c5d45ba1][tid:164][com.facebook.buck.step.DefaultStepRunner] StepFinished(aapt_package)
[2015-05-20 22:39:56.742][debug][command:b081d8d6-2647-434d-bd15-2567c5d45ba1][tid:164][com.facebook.buck.step.DefaultStepRunner] StepStarted(rm_&&_mkdir)
[2015-05-20 22:39:56.742][debug][command:b081d8d6-2647-434d-bd15-2567c5d45ba1][tid:164][com.facebook.buck.step.DefaultStepRunner] StepFinished(rm_&&_mkdir)
[2015-05-20 22:39:56.742][debug][command:b081d8d6-2647-434d-bd15-2567c5d45ba1][tid:164][com.facebook.buck.step.DefaultStepRunner] StepStarted(android-res-merge)
[2015-05-20 22:39:56.745][debug][command:b081d8d6-2647-434d-bd15-2567c5d45ba1][tid:164][com.facebook.buck.step.DefaultStepRunner] StepFinished(android-res-merge)
[2015-05-20 22:39:56.745][debug][command:b081d8d6-2647-434d-bd15-2567c5d45ba1][tid:164][com.facebook.buck.step.DefaultStepRunner] StepStarted(rm_&&_mkdir)
[2015-05-20 22:39:56.746][debug][command:b081d8d6-2647-434d-bd15-2567c5d45ba1][tid:164][com.facebook.buck.step.DefaultStepRunner] StepFinished(rm_&&_mkdir)
[2015-05-20 22:39:56.746][debug][command:b081d8d6-2647-434d-bd15-2567c5d45ba1][tid:164][com.facebook.buck.step.DefaultStepRunner] StepStarted(javac)
[2015-05-20 22:39:56.809][debug][command:b081d8d6-2647-434d-bd15-2567c5d45ba1][tid:165][com.facebook.buck.step.DefaultStepRunner] StepFinished(calculate_abi)
[2015-05-20 22:39:56.809][debug][command:b081d8d6-2647-434d-bd15-2567c5d45ba1][tid:165][com.facebook.buck.step.DefaultStepRunner] StepStarted(mkdir)
[2015-05-20 22:39:56.809][debug][command:b081d8d6-2647-434d-bd15-2567c5d45ba1][tid:165][com.facebook.buck.step.DefaultStepRunner] StepFinished(mkdir)
[2015-05-20 22:39:56.809][debug][command:b081d8d6-2647-434d-bd15-2567c5d45ba1][tid:165][com.facebook.buck.step.DefaultStepRunner] StepStarted(get_class_names)
[2015-05-20 22:39:56.949][debug][command:b081d8d6-2647-434d-bd15-2567c5d45ba1][tid:165][com.facebook.buck.step.DefaultStepRunner] StepFinished(get_class_names)
[2015-05-20 22:39:56.949][debug][command:b081d8d6-2647-434d-bd15-2567c5d45ba1][tid:165][com.facebook.buck.rules.CachingBuildEngine] Build completed: //:android-support-v4
[2015-05-20 22:39:56.972][debug][command:b081d8d6-2647-434d-bd15-2567c5d45ba1][tid:165][com.facebook.buck.rules.CachingBuildEngine] Building locally: //:android-support-v4#dex
[2015-05-20 22:39:56.991][debug][command:b081d8d6-2647-434d-bd15-2567c5d45ba1][tid:165][com.facebook.buck.step.DefaultStepRunner] StepStarted(rm)
[2015-05-20 22:39:56.992][debug][command:b081d8d6-2647-434d-bd15-2567c5d45ba1][tid:165][com.facebook.buck.step.DefaultStepRunner] StepFinished(rm)
[2015-05-20 22:39:56.992][debug][command:b081d8d6-2647-434d-bd15-2567c5d45ba1][tid:165][com.facebook.buck.step.DefaultStepRunner] StepStarted(mkdir)
[2015-05-20 22:39:56.992][debug][command:b081d8d6-2647-434d-bd15-2567c5d45ba1][tid:165][com.facebook.buck.step.DefaultStepRunner] StepFinished(mkdir)
[2015-05-20 22:39:56.993][debug][command:b081d8d6-2647-434d-bd15-2567c5d45ba1][tid:165][com.facebook.buck.step.DefaultStepRunner] StepStarted(estimate_linear_alloc)
[2015-05-20 22:39:57.000][debug][command:b081d8d6-2647-434d-bd15-2567c5d45ba1][tid:165][com.facebook.buck.step.DefaultStepRunner] StepFinished(estimate_linear_alloc)
[2015-05-20 22:39:57.000][debug][command:b081d8d6-2647-434d-bd15-2567c5d45ba1][tid:165][com.facebook.buck.shell.ShellStep] Command: /Users/keger/Documents/buck/third-party/java/dx-from-kitkat/etc/dx --dex --no-optimize --force-jumbo --output /Users/keger/Documents/workspace/NGUtils/buck-out/gen/android-support-v4#dex.dex.jar /Users/keger/Documents/workspace/NGUtils/libs/android-support-v4.jar
[2015-05-20 22:39:57.000][debug][command:b081d8d6-2647-434d-bd15-2567c5d45ba1][tid:165][com.facebook.buck.step.DefaultStepRunner] StepStarted(dx)
[2015-05-20 22:39:57.365][debug][command:b081d8d6-2647-434d-bd15-2567c5d45ba1][tid:167][com.facebook.buck.step.DefaultStepRunner] StepFinished(javac)
[2015-05-20 22:39:57.365][debug][command:b081d8d6-2647-434d-bd15-2567c5d45ba1][tid:164][com.facebook.buck.step.DefaultStepRunner] StepFinished(javac)
[2015-05-20 22:39:57.365][debug][command:b081d8d6-2647-434d-bd15-2567c5d45ba1][tid:166][com.facebook.buck.step.DefaultStepRunner] StepFinished(javac)
[2015-05-20 22:39:57.365][debug][command:b081d8d6-2647-434d-bd15-2567c5d45ba1][tid:167][com.facebook.buck.step.DefaultStepRunner] StepStarted(copy_resources)
[2015-05-20 22:39:57.366][debug][command:b081d8d6-2647-434d-bd15-2567c5d45ba1][tid:164][com.facebook.buck.step.DefaultStepRunner] StepStarted(rm_&&_mkdir)
[2015-05-20 22:39:57.366][debug][command:b081d8d6-2647-434d-bd15-2567c5d45ba1][tid:163][com.facebook.buck.step.DefaultStepRunner] StepFinished(javac)
[2015-05-20 22:39:57.366][debug][command:b081d8d6-2647-434d-bd15-2567c5d45ba1][tid:167][com.facebook.buck.step.DefaultStepRunner] StepFinished(copy_resources)
[2015-05-20 22:39:57.366][debug][command:b081d8d6-2647-434d-bd15-2567c5d45ba1][tid:163][com.facebook.buck.step.DefaultStepRunner] StepStarted(calculate_abi)
[2015-05-20 22:39:57.366][debug][command:b081d8d6-2647-434d-bd15-2567c5d45ba1][tid:167][com.facebook.buck.step.DefaultStepRunner] StepStarted(rm_&&_mkdir)
[2015-05-20 22:39:57.366][debug][command:b081d8d6-2647-434d-bd15-2567c5d45ba1][tid:164][com.facebook.buck.step.DefaultStepRunner] StepFinished(rm_&&_mkdir)
[2015-05-20 22:39:57.366][debug][command:b081d8d6-2647-434d-bd15-2567c5d45ba1][tid:167][com.facebook.buck.step.DefaultStepRunner] StepFinished(rm_&&_mkdir)
[2015-05-20 22:39:57.366][debug][command:b081d8d6-2647-434d-bd15-2567c5d45ba1][tid:164][com.facebook.buck.step.DefaultStepRunner] StepStarted(get_class_names)
[2015-05-20 22:39:57.366][debug][command:b081d8d6-2647-434d-bd15-2567c5d45ba1][tid:167][com.facebook.buck.step.DefaultStepRunner] StepStarted(mkdir)
[2015-05-20 22:39:57.367][debug][command:b081d8d6-2647-434d-bd15-2567c5d45ba1][tid:167][com.facebook.buck.step.DefaultStepRunner] StepFinished(mkdir)
[2015-05-20 22:39:57.367][debug][command:b081d8d6-2647-434d-bd15-2567c5d45ba1][tid:166][com.facebook.buck.step.DefaultStepRunner] StepStarted(copy_resources)
[2015-05-20 22:39:57.367][debug][command:b081d8d6-2647-434d-bd15-2567c5d45ba1][tid:167][com.facebook.buck.step.DefaultStepRunner] StepStarted(jar)
[2015-05-20 22:39:57.367][debug][command:b081d8d6-2647-434d-bd15-2567c5d45ba1][tid:166][com.facebook.buck.step.DefaultStepRunner] StepFinished(copy_resources)
[2015-05-20 22:39:57.368][debug][command:b081d8d6-2647-434d-bd15-2567c5d45ba1][tid:166][com.facebook.buck.step.DefaultStepRunner] StepStarted(rm_&&_mkdir)
[2015-05-20 22:39:57.368][debug][command:b081d8d6-2647-434d-bd15-2567c5d45ba1][tid:166][com.facebook.buck.step.DefaultStepRunner] StepFinished(rm_&&_mkdir)
[2015-05-20 22:39:57.369][debug][command:b081d8d6-2647-434d-bd15-2567c5d45ba1][tid:166][com.facebook.buck.step.DefaultStepRunner] StepStarted(mkdir)
[2015-05-20 22:39:57.369][debug][command:b081d8d6-2647-434d-bd15-2567c5d45ba1][tid:166][com.facebook.buck.step.DefaultStepRunner] StepFinished(mkdir)
[2015-05-20 22:39:57.369][debug][command:b081d8d6-2647-434d-bd15-2567c5d45ba1][tid:166][com.facebook.buck.step.DefaultStepRunner] StepStarted(jar)
[2015-05-20 22:39:57.370][debug][command:b081d8d6-2647-434d-bd15-2567c5d45ba1][tid:163][com.facebook.buck.step.DefaultStepRunner] StepFinished(calculate_abi)
[2015-05-20 22:39:57.370][debug][command:b081d8d6-2647-434d-bd15-2567c5d45ba1][tid:163][com.facebook.buck.rules.CachingBuildEngine] Build completed: //:src#dummy_r_dot_java
[2015-05-20 22:39:57.371][debug][command:b081d8d6-2647-434d-bd15-2567c5d45ba1][tid:164][com.facebook.buck.step.DefaultStepRunner] StepFinished(get_class_names)
[2015-05-20 22:39:57.371][debug][command:b081d8d6-2647-434d-bd15-2567c5d45ba1][tid:164][com.facebook.buck.step.DefaultStepRunner] StepStarted(rm_&&_mkdir)
[2015-05-20 22:39:57.371][debug][command:b081d8d6-2647-434d-bd15-2567c5d45ba1][tid:164][com.facebook.buck.step.DefaultStepRunner] StepFinished(rm_&&_mkdir)
[2015-05-20 22:39:57.372][debug][command:b081d8d6-2647-434d-bd15-2567c5d45ba1][tid:164][com.facebook.buck.shell.ShellStep] Command: /Users/keger/Documents/buck/third-party/java/dx-from-kitkat/etc/dx --dex --no-optimize --output /Users/keger/Documents/workspace/NGUtils/buck-out/bin/__debug#aapt_package_rdotjava_dex__/classes.dex.jar /Users/keger/Documents/workspace/NGUtils/buck-out/bin/__debug#aapt_package_rdotjava_bin__
[2015-05-20 22:39:57.372][debug][command:b081d8d6-2647-434d-bd15-2567c5d45ba1][tid:164][com.facebook.buck.step.DefaultStepRunner] StepStarted(dx)
[2015-05-20 22:39:57.389][debug][command:b081d8d6-2647-434d-bd15-2567c5d45ba1][tid:166][com.facebook.buck.step.DefaultStepRunner] StepFinished(jar)
[2015-05-20 22:39:57.390][debug][command:b081d8d6-2647-434d-bd15-2567c5d45ba1][tid:166][com.facebook.buck.step.DefaultStepRunner] StepStarted(calculate_abi)
[2015-05-20 22:39:57.389][debug][command:b081d8d6-2647-434d-bd15-2567c5d45ba1][tid:167][com.facebook.buck.step.DefaultStepRunner] StepFinished(jar)
[2015-05-20 22:39:57.390][debug][command:b081d8d6-2647-434d-bd15-2567c5d45ba1][tid:167][com.facebook.buck.step.DefaultStepRunner] StepStarted(calculate_abi)
[2015-05-20 22:39:57.391][debug][command:b081d8d6-2647-434d-bd15-2567c5d45ba1][tid:167][com.facebook.buck.step.DefaultStepRunner] StepFinished(calculate_abi)
[2015-05-20 22:39:57.391][debug][command:b081d8d6-2647-434d-bd15-2567c5d45ba1][tid:166][com.facebook.buck.step.DefaultStepRunner] StepFinished(calculate_abi)
[2015-05-20 22:39:57.391][debug][command:b081d8d6-2647-434d-bd15-2567c5d45ba1][tid:167][com.facebook.buck.step.DefaultStepRunner] StepStarted(mkdir)
[2015-05-20 22:39:57.391][debug][command:b081d8d6-2647-434d-bd15-2567c5d45ba1][tid:166][com.facebook.buck.step.DefaultStepRunner] StepStarted(mkdir)
[2015-05-20 22:39:57.391][debug][command:b081d8d6-2647-434d-bd15-2567c5d45ba1][tid:167][com.facebook.buck.step.DefaultStepRunner] StepFinished(mkdir)
[2015-05-20 22:39:57.391][debug][command:b081d8d6-2647-434d-bd15-2567c5d45ba1][tid:167][com.facebook.buck.step.DefaultStepRunner] StepStarted(get_class_names)
[2015-05-20 22:39:57.391][debug][command:b081d8d6-2647-434d-bd15-2567c5d45ba1][tid:166][com.facebook.buck.step.DefaultStepRunner] StepFinished(mkdir)
[2015-05-20 22:39:57.391][debug][command:b081d8d6-2647-434d-bd15-2567c5d45ba1][tid:166][com.facebook.buck.step.DefaultStepRunner] StepStarted(get_class_names)
[2015-05-20 22:39:57.392][debug][command:b081d8d6-2647-434d-bd15-2567c5d45ba1][tid:166][com.facebook.buck.step.DefaultStepRunner] StepFinished(get_class_names)
[2015-05-20 22:39:57.392][debug][command:b081d8d6-2647-434d-bd15-2567c5d45ba1][tid:166][com.facebook.buck.rules.CachingBuildEngine] Build completed: //:debug#buildconfig_com_keger_utils
[2015-05-20 22:39:57.393][debug][command:b081d8d6-2647-434d-bd15-2567c5d45ba1][tid:167][com.facebook.buck.step.DefaultStepRunner] StepFinished(get_class_names)
[2015-05-20 22:39:57.393][debug][command:b081d8d6-2647-434d-bd15-2567c5d45ba1][tid:167][com.facebook.buck.rules.CachingBuildEngine] Build completed: //:build_config
[2015-05-20 22:39:57.397][debug][command:b081d8d6-2647-434d-bd15-2567c5d45ba1][tid:163][com.facebook.buck.rules.CachingBuildEngine] Building locally: //:debug#dex_buildconfig_com_keger_utils
[2015-05-20 22:39:57.399][debug][command:b081d8d6-2647-434d-bd15-2567c5d45ba1][tid:163][com.facebook.buck.step.DefaultStepRunner] StepStarted(rm)
[2015-05-20 22:39:57.401][debug][command:b081d8d6-2647-434d-bd15-2567c5d45ba1][tid:163][com.facebook.buck.step.DefaultStepRunner] StepFinished(rm)
[2015-05-20 22:39:57.401][debug][command:b081d8d6-2647-434d-bd15-2567c5d45ba1][tid:163][com.facebook.buck.step.DefaultStepRunner] StepStarted(mkdir)
[2015-05-20 22:39:57.401][debug][command:b081d8d6-2647-434d-bd15-2567c5d45ba1][tid:163][com.facebook.buck.step.DefaultStepRunner] StepFinished(mkdir)
[2015-05-20 22:39:57.402][debug][command:b081d8d6-2647-434d-bd15-2567c5d45ba1][tid:163][com.facebook.buck.step.DefaultStepRunner] StepStarted(estimate_linear_alloc)
[2015-05-20 22:39:57.402][debug][command:b081d8d6-2647-434d-bd15-2567c5d45ba1][tid:163][com.facebook.buck.step.DefaultStepRunner] StepFinished(estimate_linear_alloc)
[2015-05-20 22:39:57.403][debug][command:b081d8d6-2647-434d-bd15-2567c5d45ba1][tid:163][com.facebook.buck.shell.ShellStep] Command: /Users/keger/Documents/buck/third-party/java/dx-from-kitkat/etc/dx --dex --no-optimize --force-jumbo --output /Users/keger/Documents/workspace/NGUtils/buck-out/gen/debug#dex_buildconfig_com_keger_utils.dex.jar /Users/keger/Documents/workspace/NGUtils/buck-out/gen/lib__debug#buildconfig_com_keger_utils__output/debug#buildconfig_com_keger_utils.jar
[2015-05-20 22:39:57.403][debug][command:b081d8d6-2647-434d-bd15-2567c5d45ba1][tid:163][com.facebook.buck.step.DefaultStepRunner] StepStarted(dx)
[2015-05-20 22:39:57.413][debug][command:b081d8d6-2647-434d-bd15-2567c5d45ba1][tid:166][com.facebook.buck.rules.CachingBuildEngine] Building locally: //:src
[2015-05-20 22:39:57.424][debug][command:b081d8d6-2647-434d-bd15-2567c5d45ba1][tid:166][com.facebook.buck.step.DefaultStepRunner] StepStarted(rm_&&_mkdir)
[2015-05-20 22:39:57.425][debug][command:b081d8d6-2647-434d-bd15-2567c5d45ba1][tid:166][com.facebook.buck.step.DefaultStepRunner] StepFinished(rm_&&_mkdir)
[2015-05-20 22:39:57.425][debug][command:b081d8d6-2647-434d-bd15-2567c5d45ba1][tid:166][com.facebook.buck.step.DefaultStepRunner] StepStarted(rm_&&_mkdir)
[2015-05-20 22:39:57.426][debug][command:b081d8d6-2647-434d-bd15-2567c5d45ba1][tid:166][com.facebook.buck.step.DefaultStepRunner] StepFinished(rm_&&_mkdir)
[2015-05-20 22:39:57.426][debug][command:b081d8d6-2647-434d-bd15-2567c5d45ba1][tid:166][com.facebook.buck.step.DefaultStepRunner] StepStarted(mkdir)
[2015-05-20 22:39:57.426][debug][command:b081d8d6-2647-434d-bd15-2567c5d45ba1][tid:166][com.facebook.buck.step.DefaultStepRunner] StepFinished(mkdir)
[2015-05-20 22:39:57.426][debug][command:b081d8d6-2647-434d-bd15-2567c5d45ba1][tid:166][com.facebook.buck.step.DefaultStepRunner] StepStarted(javac)
[2015-05-20 22:39:57.520][debug][command:b081d8d6-2647-434d-bd15-2567c5d45ba1][tid:163][com.facebook.buck.step.DefaultStepRunner] StepFinished(dx)
[2015-05-20 22:39:57.521][debug][command:b081d8d6-2647-434d-bd15-2567c5d45ba1][tid:163][com.facebook.buck.step.DefaultStepRunner] StepStarted(record_dx_success)
[2015-05-20 22:39:57.521][debug][command:b081d8d6-2647-434d-bd15-2567c5d45ba1][tid:163][com.facebook.buck.step.DefaultStepRunner] StepFinished(record_dx_success)
[2015-05-20 22:39:57.521][debug][command:b081d8d6-2647-434d-bd15-2567c5d45ba1][tid:163][com.facebook.buck.rules.CachingBuildEngine] Build completed: //:debug#dex_buildconfig_com_keger_utils
[2015-05-20 22:39:57.522][debug][command:b081d8d6-2647-434d-bd15-2567c5d45ba1][tid:164][com.facebook.buck.step.DefaultStepRunner] StepFinished(dx)
[2015-05-20 22:39:57.522][debug][command:b081d8d6-2647-434d-bd15-2567c5d45ba1][tid:164][com.facebook.buck.step.DefaultStepRunner] StepStarted(estimate_linear_alloc)
[2015-05-20 22:39:57.523][debug][command:b081d8d6-2647-434d-bd15-2567c5d45ba1][tid:164][com.facebook.buck.step.DefaultStepRunner] StepFinished(estimate_linear_alloc)
[2015-05-20 22:39:57.523][debug][command:b081d8d6-2647-434d-bd15-2567c5d45ba1][tid:164][com.facebook.buck.step.DefaultStepRunner] StepStarted(record_build_output)
[2015-05-20 22:39:57.523][debug][command:b081d8d6-2647-434d-bd15-2567c5d45ba1][tid:164][com.facebook.buck.step.DefaultStepRunner] StepFinished(record_build_output)
[2015-05-20 22:39:57.523][debug][command:b081d8d6-2647-434d-bd15-2567c5d45ba1][tid:164][com.facebook.buck.step.DefaultStepRunner] StepStarted(record_file_sha1)
[2015-05-20 22:39:57.525][debug][command:b081d8d6-2647-434d-bd15-2567c5d45ba1][tid:164][com.facebook.buck.step.DefaultStepRunner] StepFinished(record_file_sha1)
[2015-05-20 22:39:57.525][debug][command:b081d8d6-2647-434d-bd15-2567c5d45ba1][tid:164][com.facebook.buck.rules.CachingBuildEngine] Build completed: //:debug#aapt_package
[2015-05-20 22:39:58.085][debug][command:b081d8d6-2647-434d-bd15-2567c5d45ba1][tid:166][com.facebook.buck.step.DefaultStepRunner] StepFinished(javac)
[2015-05-20 22:39:58.086][debug][command:b081d8d6-2647-434d-bd15-2567c5d45ba1][tid:166][com.facebook.buck.step.DefaultStepRunner] StepStarted(copy_resources)
[2015-05-20 22:39:58.086][debug][command:b081d8d6-2647-434d-bd15-2567c5d45ba1][tid:166][com.facebook.buck.step.DefaultStepRunner] StepFinished(copy_resources)
[2015-05-20 22:39:58.086][debug][command:b081d8d6-2647-434d-bd15-2567c5d45ba1][tid:166][com.facebook.buck.step.DefaultStepRunner] StepStarted(rm_&&_mkdir)
[2015-05-20 22:39:58.086][debug][command:b081d8d6-2647-434d-bd15-2567c5d45ba1][tid:166][com.facebook.buck.step.DefaultStepRunner] StepFinished(rm_&&_mkdir)
[2015-05-20 22:39:58.087][debug][command:b081d8d6-2647-434d-bd15-2567c5d45ba1][tid:166][com.facebook.buck.step.DefaultStepRunner] StepStarted(mkdir)
[2015-05-20 22:39:58.087][debug][command:b081d8d6-2647-434d-bd15-2567c5d45ba1][tid:166][com.facebook.buck.step.DefaultStepRunner] StepFinished(mkdir)
[2015-05-20 22:39:58.090][debug][command:b081d8d6-2647-434d-bd15-2567c5d45ba1][tid:166][com.facebook.buck.step.DefaultStepRunner] StepStarted(jar)
[2015-05-20 22:39:58.106][debug][command:b081d8d6-2647-434d-bd15-2567c5d45ba1][tid:166][com.facebook.buck.step.DefaultStepRunner] StepFinished(jar)
[2015-05-20 22:39:58.106][debug][command:b081d8d6-2647-434d-bd15-2567c5d45ba1][tid:166][com.facebook.buck.step.DefaultStepRunner] StepStarted(calculate_abi)
[2015-05-20 22:39:58.111][debug][command:b081d8d6-2647-434d-bd15-2567c5d45ba1][tid:166][com.facebook.buck.step.DefaultStepRunner] StepFinished(calculate_abi)
[2015-05-20 22:39:58.111][debug][command:b081d8d6-2647-434d-bd15-2567c5d45ba1][tid:166][com.facebook.buck.step.DefaultStepRunner] StepStarted(mkdir)
[2015-05-20 22:39:58.112][debug][command:b081d8d6-2647-434d-bd15-2567c5d45ba1][tid:166][com.facebook.buck.step.DefaultStepRunner] StepFinished(mkdir)
[2015-05-20 22:39:58.112][debug][command:b081d8d6-2647-434d-bd15-2567c5d45ba1][tid:166][com.facebook.buck.step.DefaultStepRunner] StepStarted(get_class_names)
[2015-05-20 22:39:58.115][debug][command:b081d8d6-2647-434d-bd15-2567c5d45ba1][tid:166][com.facebook.buck.step.DefaultStepRunner] StepFinished(get_class_names)
[2015-05-20 22:39:58.115][debug][command:b081d8d6-2647-434d-bd15-2567c5d45ba1][tid:166][com.facebook.buck.rules.CachingBuildEngine] Build completed: //:src
[2015-05-20 22:39:58.121][debug][command:b081d8d6-2647-434d-bd15-2567c5d45ba1][tid:166][com.facebook.buck.rules.CachingBuildEngine] Building locally: //:src#dex
[2015-05-20 22:39:58.122][debug][command:b081d8d6-2647-434d-bd15-2567c5d45ba1][tid:166][com.facebook.buck.step.DefaultStepRunner] StepStarted(rm)
[2015-05-20 22:39:58.127][debug][command:b081d8d6-2647-434d-bd15-2567c5d45ba1][tid:166][com.facebook.buck.step.DefaultStepRunner] StepFinished(rm)
[2015-05-20 22:39:58.127][debug][command:b081d8d6-2647-434d-bd15-2567c5d45ba1][tid:166][com.facebook.buck.step.DefaultStepRunner] StepStarted(mkdir)
[2015-05-20 22:39:58.128][debug][command:b081d8d6-2647-434d-bd15-2567c5d45ba1][tid:166][com.facebook.buck.step.DefaultStepRunner] StepFinished(mkdir)
[2015-05-20 22:39:58.128][debug][command:b081d8d6-2647-434d-bd15-2567c5d45ba1][tid:166][com.facebook.buck.step.DefaultStepRunner] StepStarted(estimate_linear_alloc)
[2015-05-20 22:39:58.128][debug][command:b081d8d6-2647-434d-bd15-2567c5d45ba1][tid:166][com.facebook.buck.step.DefaultStepRunner] StepFinished(estimate_linear_alloc)
[2015-05-20 22:39:58.128][debug][command:b081d8d6-2647-434d-bd15-2567c5d45ba1][tid:166][com.facebook.buck.shell.ShellStep] Command: /Users/keger/Documents/buck/third-party/java/dx-from-kitkat/etc/dx --dex --no-optimize --force-jumbo --output /Users/keger/Documents/workspace/NGUtils/buck-out/gen/src#dex.dex.jar /Users/keger/Documents/workspace/NGUtils/buck-out/gen/lib__src__output/src.jar
[2015-05-20 22:39:58.131][debug][command:b081d8d6-2647-434d-bd15-2567c5d45ba1][tid:166][com.facebook.buck.step.DefaultStepRunner] StepStarted(dx)
[2015-05-20 22:39:58.338][debug][command:b081d8d6-2647-434d-bd15-2567c5d45ba1][tid:166][com.facebook.buck.step.DefaultStepRunner] StepFinished(dx)
[2015-05-20 22:39:58.339][debug][command:b081d8d6-2647-434d-bd15-2567c5d45ba1][tid:166][com.facebook.buck.step.DefaultStepRunner] StepStarted(record_dx_success)
[2015-05-20 22:39:58.339][debug][command:b081d8d6-2647-434d-bd15-2567c5d45ba1][tid:166][com.facebook.buck.step.DefaultStepRunner] StepFinished(record_dx_success)
[2015-05-20 22:39:58.339][debug][command:b081d8d6-2647-434d-bd15-2567c5d45ba1][tid:166][com.facebook.buck.rules.CachingBuildEngine] Build completed: //:src#dex
[2015-05-20 22:40:00.196][debug][command:b081d8d6-2647-434d-bd15-2567c5d45ba1][tid:165][com.facebook.buck.step.DefaultStepRunner] StepFinished(dx)
[2015-05-20 22:40:00.197][debug][command:b081d8d6-2647-434d-bd15-2567c5d45ba1][tid:165][com.facebook.buck.step.DefaultStepRunner] StepStarted(record_dx_success)
[2015-05-20 22:40:00.197][debug][command:b081d8d6-2647-434d-bd15-2567c5d45ba1][tid:165][com.facebook.buck.step.DefaultStepRunner] StepFinished(record_dx_success)
[2015-05-20 22:40:00.197][debug][command:b081d8d6-2647-434d-bd15-2567c5d45ba1][tid:165][com.facebook.buck.rules.CachingBuildEngine] Build completed: //:android-support-v4#dex
[2015-05-20 22:40:00.201][debug][command:b081d8d6-2647-434d-bd15-2567c5d45ba1][tid:163][com.facebook.buck.rules.CachingBuildEngine] Building locally: //:debug#dex_merge
[2015-05-20 22:40:00.211][debug][command:b081d8d6-2647-434d-bd15-2567c5d45ba1][tid:163][com.facebook.buck.step.DefaultStepRunner] StepStarted(mkdir)
[2015-05-20 22:40:00.211][debug][command:b081d8d6-2647-434d-bd15-2567c5d45ba1][tid:163][com.facebook.buck.step.DefaultStepRunner] StepFinished(mkdir)
[2015-05-20 22:40:00.212][debug][command:b081d8d6-2647-434d-bd15-2567c5d45ba1][tid:163][com.facebook.buck.shell.ShellStep] Command: /Users/keger/Documents/buck/third-party/java/dx-from-kitkat/etc/dx --dex --no-optimize --output /Users/keger/Documents/workspace/NGUtils/buck-out/bin/.dex/debug/classes.dex /Users/keger/Documents/workspace/NGUtils/buck-out/gen/debug#dex_buildconfig_com_keger_utils.dex.jar /Users/keger/Documents/workspace/NGUtils/buck-out/gen/android-support-v4#dex.dex.jar /Users/keger/Documents/workspace/NGUtils/buck-out/gen/src#dex.dex.jar /Users/keger/Documents/workspace/NGUtils/buck-out/bin/__debug#aapt_package_rdotjava_dex__/classes.dex.jar
[2015-05-20 22:40:00.212][debug][command:b081d8d6-2647-434d-bd15-2567c5d45ba1][tid:163][com.facebook.buck.step.DefaultStepRunner] StepStarted(dx)
[2015-05-20 22:40:00.614][debug][command:b081d8d6-2647-434d-bd15-2567c5d45ba1][tid:163][com.facebook.buck.step.DefaultStepRunner] StepFinished(dx)
[2015-05-20 22:40:00.615][debug][command:b081d8d6-2647-434d-bd15-2567c5d45ba1][tid:163][com.facebook.buck.rules.CachingBuildEngine] Build completed: //:debug#dex_merge
[2015-05-20 22:40:00.620][debug][command:b081d8d6-2647-434d-bd15-2567c5d45ba1][tid:164][com.facebook.buck.rules.CachingBuildEngine] Building locally: //:debug
[2015-05-20 22:40:00.646][debug][command:b081d8d6-2647-434d-bd15-2567c5d45ba1][tid:164][com.facebook.buck.step.DefaultStepRunner] StepStarted(apk_builder)
[2015-05-20 22:40:00.652][error][command:b081d8d6-2647-434d-bd15-2567c5d45ba1][tid:157][com.facebook.buck.event.listener.LoggingBuildListener] Error when creating APK at: buck-out/gen/debug.signed.apk.
java.io.IOException: Invalid keystore format
[2015-05-20 22:40:00.653][debug][command:b081d8d6-2647-434d-bd15-2567c5d45ba1][tid:164][com.facebook.buck.step.DefaultStepRunner] StepFinished(apk_builder)
[2015-05-20 22:40:00.653][debug][command:b081d8d6-2647-434d-bd15-2567c5d45ba1][tid:157][com.facebook.buck.event.listener.LoggingBuildListener] Error when creating APK at: buck-out/gen/debug.signed.apk.
java.io.IOException: Invalid keystore format
[2015-05-20 22:40:00.660][info ][command:b081d8d6-2647-434d-bd15-2567c5d45ba1][tid:157][com.facebook.buck.event.listener.LoggingBuildListener] Build finished at 2015-05-20 22:40:00.655
[2015-05-20 22:40:00.660][debug][command:b081d8d6-2647-434d-bd15-2567c5d45ba1][tid:145][com.facebook.buck.parser.Parser] Cleaning cache of build files with inputs under symlink []
[2015-05-20 22:40:00.660][debug][command:b081d8d6-2647-434d-bd15-2567c5d45ba1][tid:157][com.facebook.buck.event.listener.LoggingBuildListener] CommandFinished(build, isDaemon: true)
[2015-05-20 22:40:00.660][debug][command:b081d8d6-2647-434d-bd15-2567c5d45ba1][tid:145][com.facebook.buck.event.listener.SuperConsoleEventBusListener] Stopping render scheduler
[2015-05-20 22:40:00.661][debug][command:b081d8d6-2647-434d-bd15-2567c5d45ba1][tid:145][com.facebook.buck.event.listener.SuperConsoleEventBusListener] Stopping console output (stdout dirty false, stderr dirty true).
[2015-05-20 22:40:00.661][debug][command:b081d8d6-2647-434d-bd15-2567c5d45ba1][tid:145][com.facebook.buck.event.listener.SuperConsoleEventBusListener] Stopping render scheduler
[2015-05-20 22:40:00.662][debug][command:b081d8d6-2647-434d-bd15-2567c5d45ba1][tid:145][com.facebook.buck.event.listener.ChromeTraceBuildListener] Writing Chrome trace to buck-out/log/traces/build.2015-05-20.22-40-00.b081d8d6-2647-434d-bd15-2567c5d45ba1.trace
[2015-05-20 22:40:00.682][debug][command:b081d8d6-2647-434d-bd15-2567c5d45ba1][tid:145][com.facebook.buck.cli.Main] Done.
[2015-05-20 22:40:00.683][debug][command:null][tid:145][class com.martiansoftware.nailgun.NGSession] Nail finished.
[2015-05-20 22:40:00.683][error][command:null][tid:145][class com.martiansoftware.nailgun.NGSession] Caught NGExitException, cleaning up session and writing exit command to client.
com.martiansoftware.nailgun.NGExitException: ExitException: status 1
	at com.martiansoftware.nailgun.NGSecurityManager.checkExit(NGSecurityManager.java:56)
	at java.lang.Runtime.exit(Runtime.java:107)
	at java.lang.System.exit(System.java:971)
	at com.facebook.buck.cli.Main.runMainThenExit(Main.java:1036)
	at com.facebook.buck.cli.Main.nailMain(Main.java:1052)
	at sun.reflect.NativeMethodAccessorImpl.invoke0(Native Method)
	at sun.reflect.NativeMethodAccessorImpl.invoke(NativeMethodAccessorImpl.java:62)
	at sun.reflect.DelegatingMethodAccessorImpl.invoke(DelegatingMethodAccessorImpl.java:43)
	at java.lang.reflect.Method.invoke(Method.java:497)
	at com.martiansoftware.nailgun.NGSession.run(NGSession.java:338)

[2015-05-20 22:40:00.685][debug][command:null][tid:145][class com.martiansoftware.nailgun.NGSession] Closing client streams and socket.
[2015-05-20 23:17:25.766][debug][command:null][tid:148][class com.martiansoftware.nailgun.NGSession] Received connection from 127.0.0.1
[2015-05-20 23:17:25.768][debug][command:null][tid:148][class com.martiansoftware.nailgun.NGSession] Working directory: /Users/keger/Documents/workspace/NGUtils
[2015-05-20 23:17:25.768][debug][command:null][tid:148][class com.martiansoftware.nailgun.NGSession] Received command: ng-stats
[2015-05-20 23:17:25.769][debug][command:null][tid:148][class com.martiansoftware.nailgun.NGSession] Invoking main method: public static void com.martiansoftware.nailgun.builtins.NGServerStats.nailMain(com.martiansoftware.nailgun.NGContext)
[2015-05-20 23:17:25.769][debug][command:null][tid:148][class com.martiansoftware.nailgun.NGSession] Nail finished.
[2015-05-20 23:17:25.769][debug][command:null][tid:148][class com.martiansoftware.nailgun.NGSession] Writing exit command with successful status 0 to client.
[2015-05-20 23:17:25.769][debug][command:null][tid:148][class com.martiansoftware.nailgun.NGSession] Closing client streams and socket.
[2015-05-20 23:17:25.774][debug][command:null][tid:171][class com.martiansoftware.nailgun.NGSession] Received connection from 127.0.0.1
[2015-05-20 23:17:25.775][debug][command:null][tid:171][class com.martiansoftware.nailgun.NGSession] Working directory: /Users/keger/Documents/workspace/NGUtils
[2015-05-20 23:17:25.775][debug][command:null][tid:171][class com.martiansoftware.nailgun.NGSession] Received command: ng-stats
[2015-05-20 23:17:25.776][debug][command:null][tid:171][class com.martiansoftware.nailgun.NGSession] Invoking main method: public static void com.martiansoftware.nailgun.builtins.NGServerStats.nailMain(com.martiansoftware.nailgun.NGContext)
[2015-05-20 23:17:25.776][debug][command:null][tid:171][class com.martiansoftware.nailgun.NGSession] Nail finished.
[2015-05-20 23:17:25.776][debug][command:null][tid:171][class com.martiansoftware.nailgun.NGSession] Writing exit command with successful status 0 to client.
[2015-05-20 23:17:25.776][debug][command:null][tid:171][class com.martiansoftware.nailgun.NGSession] Closing client streams and socket.
[2015-05-20 23:17:25.781][debug][command:null][tid:174][class com.martiansoftware.nailgun.NGSession] Received connection from 127.0.0.1
[2015-05-20 23:17:25.781][debug][command:null][tid:174][class com.martiansoftware.nailgun.NGSession] Received command line argument: build
[2015-05-20 23:17:25.781][debug][command:null][tid:174][class com.martiansoftware.nailgun.NGSession] Received command line argument: debug
[2015-05-20 23:17:25.782][debug][command:null][tid:174][class com.martiansoftware.nailgun.NGSession] Working directory: /Users/keger/Documents/workspace/NGUtils
[2015-05-20 23:17:25.782][debug][command:null][tid:174][class com.martiansoftware.nailgun.NGSession] Received command: com.facebook.buck.cli.Main
[2015-05-20 23:17:25.783][debug][command:null][tid:174][class com.martiansoftware.nailgun.NGSession] Invoking main method: public static void com.facebook.buck.cli.Main.nailMain(com.martiansoftware.nailgun.NGContext) throws java.lang.InterruptedException
[2015-05-20 23:17:25.784][debug][command:c8e16b77-1e2e-44dd-b654-3b3f5ce3c5a7][tid:174][com.facebook.buck.cli.Main] Rotating log.
