[2015-05-22 10:35:13.351][debug][command:5a77e2e9-297e-4ab0-9d7c-79634f9a7f03][tid:14][com.facebook.buck.cli.Main] Starting up (build date 2015-05-21 23:42:48 +0800, rev b7030deb681193b4c531dca892f9f10ed6e42cf2), args: [build, debug]
[2015-05-22 10:35:13.509][debug][command:5a77e2e9-297e-4ab0-9d7c-79634f9a7f03][tid:14][com.facebook.buck.io.ExecutableFinder] Executable 'python2' mapped to 'Optional.absent()'
[2015-05-22 10:35:13.513][debug][command:5a77e2e9-297e-4ab0-9d7c-79634f9a7f03][tid:14][com.facebook.buck.io.ExecutableFinder] Executable 'python' mapped to 'Optional.of(/usr/bin/python)'
[2015-05-22 10:35:13.617][warn ][command:5a77e2e9-297e-4ab0-9d7c-79634f9a7f03][tid:14][com.facebook.buck.rules.KnownBuildRuleTypes] Couldn't find version file at /Library/Developer/version.plist (Apple platforms will be unavailable)
[2015-05-22 10:35:13.759][debug][command:5a77e2e9-297e-4ab0-9d7c-79634f9a7f03][tid:14][com.facebook.buck.io.ExecutableFinder] Executable 'python2' mapped to 'Optional.absent()'
[2015-05-22 10:35:13.761][debug][command:5a77e2e9-297e-4ab0-9d7c-79634f9a7f03][tid:14][com.facebook.buck.io.ExecutableFinder] Executable 'python' mapped to 'Optional.of(/usr/bin/python)'
[2015-05-22 10:35:13.765][debug][command:5a77e2e9-297e-4ab0-9d7c-79634f9a7f03][tid:14][com.facebook.buck.io.ExecutableFinder] Executable 'python2' mapped to 'Optional.absent()'
[2015-05-22 10:35:13.766][debug][command:5a77e2e9-297e-4ab0-9d7c-79634f9a7f03][tid:14][com.facebook.buck.io.ExecutableFinder] Executable 'python' mapped to 'Optional.of(/usr/bin/python)'
[2015-05-22 10:35:13.819][debug][command:5a77e2e9-297e-4ab0-9d7c-79634f9a7f03][tid:14][com.facebook.buck.cli.Main] Starting up daemon for project root [/Users/keger/Documents/workspace/NGUtils]
[2015-05-22 10:35:13.866][debug][command:5a77e2e9-297e-4ab0-9d7c-79634f9a7f03][tid:14][com.facebook.buck.cli.Main] Using watchman to watch for file changes.
[2015-05-22 10:35:13.983][debug][command:5a77e2e9-297e-4ab0-9d7c-79634f9a7f03][tid:14][com.facebook.buck.event.listener.SuperConsoleEventBusListener] Starting render scheduler (interval 100 ms)
[2015-05-22 10:35:14.030][debug][command:5a77e2e9-297e-4ab0-9d7c-79634f9a7f03][tid:27][com.facebook.buck.event.listener.LoggingBuildListener] CommandStarted(build, isDaemon: true)
[2015-05-22 10:35:14.032][debug][command:5a77e2e9-297e-4ab0-9d7c-79634f9a7f03][tid:14][com.facebook.buck.util.WatchmanWatcher] Starting watchman command: [watchman, --server-encoding=json, --no-pretty, -j]
[2015-05-22 10:35:14.034][debug][command:5a77e2e9-297e-4ab0-9d7c-79634f9a7f03][tid:14][com.facebook.buck.util.WatchmanWatcher] Writing query to Watchman: ["query","/Users/keger/Documents/workspace/NGUtils",{"since":"n:buckdd80331cc-8117-4d27-acd6-2c04f91e9314","expression":["not",["anyof",["type","d"],["match","buck-out/*","wholename"],["match",".idea/*","wholename"],["match","/Users/keger/Documents/workspace/NGUtils/.buckd/*","wholename"],["match","/Users/keger/Documents/workspace/NGUtils/buck-cache/*","wholename"],["match","*.pbxproj","wholename"],["match","*.xcscheme","wholename"],["match","*.xcworkspacedata","wholename"]]],"empty_on_fresh_instance":true,"fields":["name","exists","new"]}]
[2015-05-22 10:35:14.036][debug][command:5a77e2e9-297e-4ab0-9d7c-79634f9a7f03][tid:14][com.facebook.buck.util.WatchmanWatcher] Parsing JSON output from Watchman
[2015-05-22 10:35:14.061][info ][command:5a77e2e9-297e-4ab0-9d7c-79634f9a7f03][tid:14][com.facebook.buck.util.WatchmanWatcher] Fresh watchman instance detected. Posting overflow event to flush caches.
[2015-05-22 10:35:14.062][debug][command:5a77e2e9-297e-4ab0-9d7c-79634f9a7f03][tid:14][com.facebook.buck.util.DefaultFileHashCache] Invalidating all
[2015-05-22 10:35:14.063][debug][command:5a77e2e9-297e-4ab0-9d7c-79634f9a7f03][tid:14][com.facebook.buck.parser.Parser] Parser invalidating entire cache on overflow.
[2015-05-22 10:35:14.063][debug][command:5a77e2e9-297e-4ab0-9d7c-79634f9a7f03][tid:14][com.facebook.buck.parser.Parser] Invalidating all cached data.
[2015-05-22 10:35:14.063][debug][command:5a77e2e9-297e-4ab0-9d7c-79634f9a7f03][tid:14][com.facebook.buck.util.WatchmanWatcher] Posted 0 Watchman events. Waiting for subprocess to exit...
[2015-05-22 10:35:14.063][debug][command:5a77e2e9-297e-4ab0-9d7c-79634f9a7f03][tid:14][com.facebook.buck.util.WatchmanWatcher] Watchman exited cleanly.
[2015-05-22 10:35:14.113][debug][command:5a77e2e9-297e-4ab0-9d7c-79634f9a7f03][tid:27][com.facebook.buck.event.listener.LoggingBuildListener] ArtifactCacheConnectStarted()
[2015-05-22 10:35:14.179][debug][command:5a77e2e9-297e-4ab0-9d7c-79634f9a7f03][tid:27][com.facebook.buck.event.listener.LoggingBuildListener] ArtifactCacheConnectFinished()
[2015-05-22 10:35:14.182][info ][command:5a77e2e9-297e-4ab0-9d7c-79634f9a7f03][tid:27][com.facebook.buck.event.listener.LoggingBuildListener] Build started at 2015-05-22 10:35:14.031
[2015-05-22 10:35:14.187][debug][command:5a77e2e9-297e-4ab0-9d7c-79634f9a7f03][tid:14][com.facebook.buck.parser.Parser] Parser invalidating entire cache on default include change.
[2015-05-22 10:35:14.187][debug][command:5a77e2e9-297e-4ab0-9d7c-79634f9a7f03][tid:14][com.facebook.buck.parser.Parser] Invalidating all cached data.
[2015-05-22 10:35:14.187][debug][command:5a77e2e9-297e-4ab0-9d7c-79634f9a7f03][tid:14][com.facebook.buck.parser.Parser] Invalidating all cached data.
[2015-05-22 10:35:14.187][debug][command:5a77e2e9-297e-4ab0-9d7c-79634f9a7f03][tid:14][com.facebook.buck.parser.Parser] Parsing BUCK file: /Users/keger/Documents/workspace/NGUtils/BUCK
[2015-05-22 10:35:14.187][debug][command:5a77e2e9-297e-4ab0-9d7c-79634f9a7f03][tid:27][com.facebook.buck.event.listener.LoggingBuildListener] BuckFilesParseStarted()
[2015-05-22 10:35:14.189][debug][command:5a77e2e9-297e-4ab0-9d7c-79634f9a7f03][tid:14][com.facebook.buck.io.ExecutableFinder] Executable 'python2' mapped to 'Optional.absent()'
[2015-05-22 10:35:14.190][debug][command:5a77e2e9-297e-4ab0-9d7c-79634f9a7f03][tid:14][com.facebook.buck.io.ExecutableFinder] Executable 'python' mapped to 'Optional.of(/usr/bin/python)'
[2015-05-22 10:35:14.190][debug][command:5a77e2e9-297e-4ab0-9d7c-79634f9a7f03][tid:14][com.facebook.buck.json.ProjectBuildFileParser] Creating temporary buck.py instance...
[2015-05-22 10:35:14.307][debug][command:5a77e2e9-297e-4ab0-9d7c-79634f9a7f03][tid:14][com.facebook.buck.json.ProjectBuildFileParser] Created temporary buck.py instance at /Users/keger/Documents/workspace/NGUtils/.buckd/tmp/buck_run.Ur1zpj/buck6081539856197425289.py.
[2015-05-22 10:35:14.309][debug][command:5a77e2e9-297e-4ab0-9d7c-79634f9a7f03][tid:14][com.facebook.buck.json.ProjectBuildFileParser] Starting buck.py command: [/usr/bin/python, -u, /Users/keger/Documents/workspace/NGUtils/.buckd/tmp/buck_run.Ur1zpj/buck6081539856197425289.py, --allow_empty_globs, --project_root, /Users/keger/Documents/workspace/NGUtils, --build_file_name, BUCK] environment: {PATH=/Users/keger/.jenv/shims:/Users/keger/.jenv/bin:/Users/keger/.jenv/shims:/Users/keger/.jenv/bin:/Users/keger/.gvm/vertx/current/bin:/Users/keger/.gvm/springboot/current/bin:/Users/keger/.gvm/lazybones/current/bin:/Users/keger/.gvm/jbake/current/bin:/Users/keger/.gvm/groovyserv/current/bin:/Users/keger/.gvm/groovy/current/bin:/Users/keger/.gvm/griffon/current/bin:/Users/keger/.gvm/grails/current/bin:/Users/keger/.gvm/gradle/current/bin:/Users/keger/.gvm/glide/current/bin:/Users/keger/.gvm/gaiden/current/bin:/Users/keger/.gvm/crash/current/bin:/Users/keger/.gvm/asciidoctorj/current/bin:/Users/keger/bin:/usr/local/bin:/usr/bin:/bin:/usr/sbin:/sbin:/usr/local/git/bin:/Users/keger/Documents/android-sdk-macosx/tools:/Users/keger/Documents/android-sdk-macosx/platform-tools:/usr/local/bin:/Users/keger/bin, GRAILS_HOME=/Users/keger/.gvm/grails/current, ASCIIDOCTORJ_HOME=/Users/keger/.gvm/asciidoctorj/current, VERTX_HOME=/Users/keger/.gvm/vertx/current, LOGNAME=keger, PWD=/Users/keger/Documents/workspace/NGUtils, TERM_PROGRAM_VERSION=343.7, SPRINGBOOT_HOME=/Users/keger/.gvm/springboot/current, PYTHONPATH=/Users/keger/Documents/buck/third-party/py/pathlib, SHELL=/bin/bash, GROOVYSERV_HOME=/Users/keger/.gvm/groovyserv/current, GVM_PLATFORM=Darwin, VERSIONER_PYTHON_PREFER_32_BIT=no, TMPDIR=/var/folders/rz/3xhpytv543gg8f5p8l382jhw0000gn/T/, XPC_FLAGS=0x0, __CF_USER_TEXT_ENCODING=0x1F5:0x19:0x34, CRASH_HOME=/Users/keger/.gvm/crash/current, Apple_PubSub_Socket_Render=/private/tmp/com.apple.launchd.PMPnotaMvk/Render, SHLVL=1, GVM_BROADCAST_SERVICE=http://cast.gvm.io, GRIFFON_HOME=/Users/keger/.gvm/griffon/current, NAILGUN_TTY_2=1, NAILGUN_TTY_1=1, NAILGUN_TTY_0=1, GVM_VERSION=2.4.1, LAZYBONES_HOME=/Users/keger/.gvm/lazybones/current, GAIDEN_HOME=/Users/keger/.gvm/gaiden/current, TERM=xterm-256color, NAILGUN_FILESEPARATOR=/, LANG=zh_CN.UTF-8, GRADLE_HOME=/Users/keger/.gvm/gradle/current, GROOVY_HOME=/Users/keger/.gvm/groovy/current, VERSIONER_PYTHON_VERSION=2.7, GVM_SERVICE=http://api.gvmtool.net, XPC_SERVICE_NAME=0, NAILGUN_PATHSEPARATOR=:, JBAKE_HOME=/Users/keger/.gvm/jbake/current, TERM_PROGRAM=Apple_Terminal, GVM_DIR=/Users/keger/.gvm, USER=keger, GVM_BROKER_SERVICE=http://release.gvm.io, SSH_AUTH_SOCK=/private/tmp/com.apple.launchd.y9KXJSuojr/Listeners, GVM_INIT=true, GLIDE_HOME=/Users/keger/.gvm/glide/current, HOME=/Users/keger, JENV_LOADED=1}
[2015-05-22 10:35:14.312][debug][command:5a77e2e9-297e-4ab0-9d7c-79634f9a7f03][tid:14][com.facebook.buck.json.ProjectBuildFileParser] Started process java.lang.UNIXProcess@763ba460 successfully
[2015-05-22 10:35:14.360][debug][command:5a77e2e9-297e-4ab0-9d7c-79634f9a7f03][tid:14][com.facebook.buck.json.ProjectBuildFileParser] Parsing output of process java.lang.UNIXProcess@763ba460...
[2015-05-22 10:35:14.426][debug][command:5a77e2e9-297e-4ab0-9d7c-79634f9a7f03][tid:14][com.facebook.buck.json.ProjectBuildFileParser] Parsed 7 rules from process
[2015-05-22 10:35:14.448][debug][command:5a77e2e9-297e-4ab0-9d7c-79634f9a7f03][tid:27][com.facebook.buck.event.listener.LoggingBuildListener] ParseStarted(//:debug)
[2015-05-22 10:35:14.464][debug][command:5a77e2e9-297e-4ab0-9d7c-79634f9a7f03][tid:27][com.facebook.buck.event.listener.LoggingBuildListener] ParseFinished(//:debug)
[2015-05-22 10:35:14.469][debug][command:5a77e2e9-297e-4ab0-9d7c-79634f9a7f03][tid:14][com.facebook.buck.json.ProjectBuildFileParser] Waiting for process java.lang.UNIXProcess@763ba460 to exit...
[2015-05-22 10:35:14.469][debug][command:5a77e2e9-297e-4ab0-9d7c-79634f9a7f03][tid:14][com.facebook.buck.json.ProjectBuildFileParser] Process java.lang.UNIXProcess@763ba460 exited cleanly.
[2015-05-22 10:35:14.470][debug][command:5a77e2e9-297e-4ab0-9d7c-79634f9a7f03][tid:27][com.facebook.buck.event.listener.LoggingBuildListener] BuckFilesParseFinished()
[2015-05-22 10:35:14.471][debug][command:5a77e2e9-297e-4ab0-9d7c-79634f9a7f03][tid:27][com.facebook.buck.event.listener.LoggingBuildListener] BuildActionGraphStarted()
[2015-05-22 10:35:14.611][debug][command:5a77e2e9-297e-4ab0-9d7c-79634f9a7f03][tid:27][com.facebook.buck.event.listener.LoggingBuildListener] BuildActionGraphFinished()
[2015-05-22 10:35:14.649][debug][command:5a77e2e9-297e-4ab0-9d7c-79634f9a7f03][tid:27][com.facebook.buck.event.listener.LoggingBuildListener] RuleCountCalculated(//:debug)
[2015-05-22 10:35:14.702][debug][command:5a77e2e9-297e-4ab0-9d7c-79634f9a7f03][tid:33][com.facebook.buck.rules.CachingBuildEngine] Building locally: //:res
[2015-05-22 10:35:14.702][debug][command:5a77e2e9-297e-4ab0-9d7c-79634f9a7f03][tid:34][com.facebook.buck.rules.CachingBuildEngine] Building locally: //:debug#gen_java_android_build_config_com_keger_utils
[2015-05-22 10:35:14.702][debug][command:5a77e2e9-297e-4ab0-9d7c-79634f9a7f03][tid:36][com.facebook.buck.rules.CachingBuildEngine] Building locally: //:build_config#gen_java_android_build_config
[2015-05-22 10:35:14.702][debug][command:5a77e2e9-297e-4ab0-9d7c-79634f9a7f03][tid:37][com.facebook.buck.rules.CachingBuildEngine] Building locally: //:debug_keystore
[2015-05-22 10:35:14.704][debug][command:5a77e2e9-297e-4ab0-9d7c-79634f9a7f03][tid:37][com.facebook.buck.rules.CachingBuildEngine] Build completed: //:debug_keystore
[2015-05-22 10:35:14.718][debug][command:5a77e2e9-297e-4ab0-9d7c-79634f9a7f03][tid:34][com.facebook.buck.step.DefaultStepRunner] StepStarted(rm_&&_mkdir)
[2015-05-22 10:35:14.718][debug][command:5a77e2e9-297e-4ab0-9d7c-79634f9a7f03][tid:33][com.facebook.buck.step.DefaultStepRunner] StepStarted(rm_&&_mkdir)
[2015-05-22 10:35:14.718][debug][command:5a77e2e9-297e-4ab0-9d7c-79634f9a7f03][tid:36][com.facebook.buck.step.DefaultStepRunner] StepStarted(rm_&&_mkdir)
[2015-05-22 10:35:14.719][debug][command:5a77e2e9-297e-4ab0-9d7c-79634f9a7f03][tid:36][com.facebook.buck.step.DefaultStepRunner] StepFinished(rm_&&_mkdir)
[2015-05-22 10:35:14.720][debug][command:5a77e2e9-297e-4ab0-9d7c-79634f9a7f03][tid:36][com.facebook.buck.step.DefaultStepRunner] StepStarted(generate_build_config)
[2015-05-22 10:35:14.719][debug][command:5a77e2e9-297e-4ab0-9d7c-79634f9a7f03][tid:34][com.facebook.buck.step.DefaultStepRunner] StepFinished(rm_&&_mkdir)
[2015-05-22 10:35:14.721][debug][command:5a77e2e9-297e-4ab0-9d7c-79634f9a7f03][tid:34][com.facebook.buck.step.DefaultStepRunner] StepStarted(generate_build_config)
[2015-05-22 10:35:14.719][debug][command:5a77e2e9-297e-4ab0-9d7c-79634f9a7f03][tid:33][com.facebook.buck.step.DefaultStepRunner] StepFinished(rm_&&_mkdir)
[2015-05-22 10:35:14.721][debug][command:5a77e2e9-297e-4ab0-9d7c-79634f9a7f03][tid:33][com.facebook.buck.step.DefaultStepRunner] StepStarted(generate_resource_ids)
[2015-05-22 10:35:14.722][debug][command:5a77e2e9-297e-4ab0-9d7c-79634f9a7f03][tid:34][com.facebook.buck.step.DefaultStepRunner] StepFinished(generate_build_config)
[2015-05-22 10:35:14.723][debug][command:5a77e2e9-297e-4ab0-9d7c-79634f9a7f03][tid:34][com.facebook.buck.rules.CachingBuildEngine] Build completed: //:debug#gen_java_android_build_config_com_keger_utils
[2015-05-22 10:35:14.722][debug][command:5a77e2e9-297e-4ab0-9d7c-79634f9a7f03][tid:36][com.facebook.buck.step.DefaultStepRunner] StepFinished(generate_build_config)
[2015-05-22 10:35:14.724][debug][command:5a77e2e9-297e-4ab0-9d7c-79634f9a7f03][tid:36][com.facebook.buck.rules.CachingBuildEngine] Build completed: //:build_config#gen_java_android_build_config
[2015-05-22 10:35:14.736][debug][command:5a77e2e9-297e-4ab0-9d7c-79634f9a7f03][tid:36][com.facebook.buck.rules.CachingBuildEngine] Building locally: //:build_config
[2015-05-22 10:35:14.736][debug][command:5a77e2e9-297e-4ab0-9d7c-79634f9a7f03][tid:34][com.facebook.buck.rules.CachingBuildEngine] Building locally: //:debug#buildconfig_com_keger_utils
[2015-05-22 10:35:14.758][debug][command:5a77e2e9-297e-4ab0-9d7c-79634f9a7f03][tid:36][com.facebook.buck.step.DefaultStepRunner] StepStarted(rm_&&_mkdir)
[2015-05-22 10:35:14.758][debug][command:5a77e2e9-297e-4ab0-9d7c-79634f9a7f03][tid:34][com.facebook.buck.step.DefaultStepRunner] StepStarted(rm_&&_mkdir)
[2015-05-22 10:35:14.759][debug][command:5a77e2e9-297e-4ab0-9d7c-79634f9a7f03][tid:36][com.facebook.buck.step.DefaultStepRunner] StepFinished(rm_&&_mkdir)
[2015-05-22 10:35:14.760][debug][command:5a77e2e9-297e-4ab0-9d7c-79634f9a7f03][tid:34][com.facebook.buck.step.DefaultStepRunner] StepFinished(rm_&&_mkdir)
[2015-05-22 10:35:14.760][debug][command:5a77e2e9-297e-4ab0-9d7c-79634f9a7f03][tid:36][com.facebook.buck.step.DefaultStepRunner] StepStarted(rm_&&_mkdir)
[2015-05-22 10:35:14.760][debug][command:5a77e2e9-297e-4ab0-9d7c-79634f9a7f03][tid:34][com.facebook.buck.step.DefaultStepRunner] StepStarted(rm_&&_mkdir)
[2015-05-22 10:35:14.761][debug][command:5a77e2e9-297e-4ab0-9d7c-79634f9a7f03][tid:36][com.facebook.buck.step.DefaultStepRunner] StepFinished(rm_&&_mkdir)
[2015-05-22 10:35:14.761][debug][command:5a77e2e9-297e-4ab0-9d7c-79634f9a7f03][tid:36][com.facebook.buck.step.DefaultStepRunner] StepStarted(mkdir)
[2015-05-22 10:35:14.761][debug][command:5a77e2e9-297e-4ab0-9d7c-79634f9a7f03][tid:34][com.facebook.buck.step.DefaultStepRunner] StepFinished(rm_&&_mkdir)
[2015-05-22 10:35:14.763][debug][command:5a77e2e9-297e-4ab0-9d7c-79634f9a7f03][tid:36][com.facebook.buck.step.DefaultStepRunner] StepFinished(mkdir)
[2015-05-22 10:35:14.763][debug][command:5a77e2e9-297e-4ab0-9d7c-79634f9a7f03][tid:34][com.facebook.buck.step.DefaultStepRunner] StepStarted(mkdir)
[2015-05-22 10:35:14.763][debug][command:5a77e2e9-297e-4ab0-9d7c-79634f9a7f03][tid:36][com.facebook.buck.step.DefaultStepRunner] StepStarted(javac)
[2015-05-22 10:35:14.763][debug][command:5a77e2e9-297e-4ab0-9d7c-79634f9a7f03][tid:34][com.facebook.buck.step.DefaultStepRunner] StepFinished(mkdir)
[2015-05-22 10:35:14.764][debug][command:5a77e2e9-297e-4ab0-9d7c-79634f9a7f03][tid:34][com.facebook.buck.step.DefaultStepRunner] StepStarted(javac)
[2015-05-22 10:35:14.770][debug][command:5a77e2e9-297e-4ab0-9d7c-79634f9a7f03][tid:27][com.facebook.buck.event.listener.LoggingBuildListener] ArtifactFetchCacheStarted(fetch:08b537d63e4d84e21459ee939285646a581c528d)
[2015-05-22 10:35:14.770][debug][command:5a77e2e9-297e-4ab0-9d7c-79634f9a7f03][tid:27][com.facebook.buck.event.listener.LoggingBuildListener] ArtifactFetchCacheStarted(fetch:69356dd8f61107b74971516126d09c19d90c949a)
[2015-05-22 10:35:14.771][debug][command:5a77e2e9-297e-4ab0-9d7c-79634f9a7f03][tid:27][com.facebook.buck.event.listener.LoggingBuildListener] ArtifactFetchCacheStarted(fetch:9bf58c658ec0f61169379eb30bb676b4fab3c16f)
[2015-05-22 10:35:14.770][debug][command:5a77e2e9-297e-4ab0-9d7c-79634f9a7f03][tid:35][com.facebook.buck.rules.CachingBuildEngine] Building locally: //:android-support-v4
[2015-05-22 10:35:14.771][debug][command:5a77e2e9-297e-4ab0-9d7c-79634f9a7f03][tid:27][com.facebook.buck.event.listener.LoggingBuildListener] ArtifactFetchCacheStarted(fetch:f9f10bceb988e652e8f485b3101bb330c62093e8)
[2015-05-22 10:35:14.772][debug][command:5a77e2e9-297e-4ab0-9d7c-79634f9a7f03][tid:35][com.facebook.buck.step.DefaultStepRunner] StepStarted(mkdir)
[2015-05-22 10:35:14.773][debug][command:5a77e2e9-297e-4ab0-9d7c-79634f9a7f03][tid:35][com.facebook.buck.step.DefaultStepRunner] StepFinished(mkdir)
[2015-05-22 10:35:14.774][debug][command:5a77e2e9-297e-4ab0-9d7c-79634f9a7f03][tid:35][com.facebook.buck.step.DefaultStepRunner] StepStarted(rm)
[2015-05-22 10:35:14.774][debug][command:5a77e2e9-297e-4ab0-9d7c-79634f9a7f03][tid:27][com.facebook.buck.event.listener.LoggingBuildListener] ArtifactFetchCacheFinished(fetch:69356dd8f61107b74971516126d09c19d90c949a)
[2015-05-22 10:35:14.774][debug][command:5a77e2e9-297e-4ab0-9d7c-79634f9a7f03][tid:27][com.facebook.buck.event.listener.LoggingBuildListener] ArtifactFetchCacheFinished(fetch:9bf58c658ec0f61169379eb30bb676b4fab3c16f)
[2015-05-22 10:35:14.774][debug][command:5a77e2e9-297e-4ab0-9d7c-79634f9a7f03][tid:27][com.facebook.buck.event.listener.LoggingBuildListener] ArtifactFetchCacheFinished(fetch:f9f10bceb988e652e8f485b3101bb330c62093e8)
[2015-05-22 10:35:14.775][debug][command:5a77e2e9-297e-4ab0-9d7c-79634f9a7f03][tid:27][com.facebook.buck.event.listener.LoggingBuildListener] ArtifactFetchCacheFinished(fetch:08b537d63e4d84e21459ee939285646a581c528d)
[2015-05-22 10:35:14.774][debug][command:5a77e2e9-297e-4ab0-9d7c-79634f9a7f03][tid:35][com.facebook.buck.step.DefaultStepRunner] StepFinished(rm)
[2015-05-22 10:35:14.776][debug][command:5a77e2e9-297e-4ab0-9d7c-79634f9a7f03][tid:35][com.facebook.buck.step.DefaultStepRunner] StepStarted(calculate_abi)
[2015-05-22 10:35:14.777][debug][command:5a77e2e9-297e-4ab0-9d7c-79634f9a7f03][tid:27][com.facebook.buck.event.listener.LoggingBuildListener] ArtifactFetchCacheStarted(fetch:a29de5b720b419e1ec65487958f10569146c499a)
[2015-05-22 10:35:14.778][debug][command:5a77e2e9-297e-4ab0-9d7c-79634f9a7f03][tid:27][com.facebook.buck.event.listener.LoggingBuildListener] ArtifactFetchCacheFinished(fetch:a29de5b720b419e1ec65487958f10569146c499a)
[2015-05-22 10:35:14.904][debug][command:5a77e2e9-297e-4ab0-9d7c-79634f9a7f03][tid:33][com.facebook.buck.step.DefaultStepRunner] StepFinished(generate_resource_ids)
[2015-05-22 10:35:14.905][debug][command:5a77e2e9-297e-4ab0-9d7c-79634f9a7f03][tid:33][com.facebook.buck.step.DefaultStepRunner] StepStarted(record_file_sha1)
[2015-05-22 10:35:14.905][debug][command:5a77e2e9-297e-4ab0-9d7c-79634f9a7f03][tid:33][com.facebook.buck.step.DefaultStepRunner] StepFinished(record_file_sha1)
[2015-05-22 10:35:14.905][debug][command:5a77e2e9-297e-4ab0-9d7c-79634f9a7f03][tid:33][com.facebook.buck.rules.CachingBuildEngine] Build completed: //:res
[2015-05-22 10:35:14.911][debug][command:5a77e2e9-297e-4ab0-9d7c-79634f9a7f03][tid:37][com.facebook.buck.rules.CachingBuildEngine] Building locally: //:src#dummy_r_dot_java
[2015-05-22 10:35:14.911][debug][command:5a77e2e9-297e-4ab0-9d7c-79634f9a7f03][tid:33][com.facebook.buck.rules.CachingBuildEngine] Building locally: //:debug#aapt_package
[2015-05-22 10:35:14.932][debug][command:5a77e2e9-297e-4ab0-9d7c-79634f9a7f03][tid:37][com.facebook.buck.step.DefaultStepRunner] StepStarted(rm_&&_mkdir)
[2015-05-22 10:35:14.934][debug][command:5a77e2e9-297e-4ab0-9d7c-79634f9a7f03][tid:37][com.facebook.buck.step.DefaultStepRunner] StepFinished(rm_&&_mkdir)
[2015-05-22 10:35:14.934][debug][command:5a77e2e9-297e-4ab0-9d7c-79634f9a7f03][tid:37][com.facebook.buck.step.DefaultStepRunner] StepStarted(android-res-merge)
[2015-05-22 10:35:14.940][debug][command:5a77e2e9-297e-4ab0-9d7c-79634f9a7f03][tid:33][com.facebook.buck.step.DefaultStepRunner] StepStarted(mkdir_&&_symlink_file)
[2015-05-22 10:35:14.943][debug][command:5a77e2e9-297e-4ab0-9d7c-79634f9a7f03][tid:33][com.facebook.buck.step.DefaultStepRunner] StepFinished(mkdir_&&_symlink_file)
[2015-05-22 10:35:14.943][debug][command:5a77e2e9-297e-4ab0-9d7c-79634f9a7f03][tid:33][com.facebook.buck.step.DefaultStepRunner] StepStarted(symlink_assets)
[2015-05-22 10:35:14.945][debug][command:5a77e2e9-297e-4ab0-9d7c-79634f9a7f03][tid:37][com.facebook.buck.step.DefaultStepRunner] StepFinished(android-res-merge)
[2015-05-22 10:35:14.945][debug][command:5a77e2e9-297e-4ab0-9d7c-79634f9a7f03][tid:37][com.facebook.buck.step.DefaultStepRunner] StepStarted(rm_&&_mkdir)
[2015-05-22 10:35:14.946][debug][command:5a77e2e9-297e-4ab0-9d7c-79634f9a7f03][tid:33][com.facebook.buck.step.DefaultStepRunner] StepFinished(symlink_assets)
[2015-05-22 10:35:14.946][debug][command:5a77e2e9-297e-4ab0-9d7c-79634f9a7f03][tid:33][com.facebook.buck.step.DefaultStepRunner] StepStarted(mkdir)
[2015-05-22 10:35:14.947][debug][command:5a77e2e9-297e-4ab0-9d7c-79634f9a7f03][tid:33][com.facebook.buck.step.DefaultStepRunner] StepFinished(mkdir)
[2015-05-22 10:35:14.947][debug][command:5a77e2e9-297e-4ab0-9d7c-79634f9a7f03][tid:33][com.facebook.buck.step.DefaultStepRunner] StepStarted(rm_&&_mkdir)
[2015-05-22 10:35:14.947][debug][command:5a77e2e9-297e-4ab0-9d7c-79634f9a7f03][tid:37][com.facebook.buck.step.DefaultStepRunner] StepFinished(rm_&&_mkdir)
[2015-05-22 10:35:14.948][debug][command:5a77e2e9-297e-4ab0-9d7c-79634f9a7f03][tid:37][com.facebook.buck.step.DefaultStepRunner] StepStarted(rm_&&_mkdir)
[2015-05-22 10:35:14.949][debug][command:5a77e2e9-297e-4ab0-9d7c-79634f9a7f03][tid:37][com.facebook.buck.step.DefaultStepRunner] StepFinished(rm_&&_mkdir)
[2015-05-22 10:35:14.949][debug][command:5a77e2e9-297e-4ab0-9d7c-79634f9a7f03][tid:33][com.facebook.buck.step.DefaultStepRunner] StepFinished(rm_&&_mkdir)
[2015-05-22 10:35:14.949][debug][command:5a77e2e9-297e-4ab0-9d7c-79634f9a7f03][tid:37][com.facebook.buck.step.DefaultStepRunner] StepStarted(javac)
[2015-05-22 10:35:14.952][warn ][command:5a77e2e9-297e-4ab0-9d7c-79634f9a7f03][tid:27][com.facebook.buck.event.listener.LoggingBuildListener] No Android platform target specified. Using default: Google Inc.:Google APIs:21
[2015-05-22 10:35:14.963][debug][command:5a77e2e9-297e-4ab0-9d7c-79634f9a7f03][tid:33][com.facebook.buck.shell.ShellStep] Command: /Users/keger/Documents/android-sdk-macosx/build-tools/22.0.1/aapt package -f --auto-add-overlay -S res -A buck-out/bin/__assets_debug#aapt_package__ --output-text-symbols buck-out/bin/__debug#aapt_package_res_symbols__ -J buck-out/bin/__debug#aapt_package_res_symbols__ -M buck-out/bin/__manifest_debug#aapt_package__/AndroidManifest.xml -I /Users/keger/Documents/android-sdk-macosx/platforms/android-21/android.jar -F buck-out/gen/debug#aapt_package.unsigned.ap_ --ignore-assets \!.svn:\!.git:\!.ds_store:\!*.scc:.*:<dir>_*:\!CVS:\!thumbs.db:\!picasa.ini:\!*~:*.orig
[2015-05-22 10:35:14.964][debug][command:5a77e2e9-297e-4ab0-9d7c-79634f9a7f03][tid:33][com.facebook.buck.step.DefaultStepRunner] StepStarted(aapt_package)
[2015-05-22 10:35:15.120][debug][command:5a77e2e9-297e-4ab0-9d7c-79634f9a7f03][tid:33][com.facebook.buck.step.DefaultStepRunner] StepFinished(aapt_package)
[2015-05-22 10:35:15.121][debug][command:5a77e2e9-297e-4ab0-9d7c-79634f9a7f03][tid:33][com.facebook.buck.step.DefaultStepRunner] StepStarted(rm_&&_mkdir)
[2015-05-22 10:35:15.123][debug][command:5a77e2e9-297e-4ab0-9d7c-79634f9a7f03][tid:33][com.facebook.buck.step.DefaultStepRunner] StepFinished(rm_&&_mkdir)
[2015-05-22 10:35:15.123][debug][command:5a77e2e9-297e-4ab0-9d7c-79634f9a7f03][tid:33][com.facebook.buck.step.DefaultStepRunner] StepStarted(android-res-merge)
[2015-05-22 10:35:15.126][debug][command:5a77e2e9-297e-4ab0-9d7c-79634f9a7f03][tid:33][com.facebook.buck.step.DefaultStepRunner] StepFinished(android-res-merge)
[2015-05-22 10:35:15.127][debug][command:5a77e2e9-297e-4ab0-9d7c-79634f9a7f03][tid:33][com.facebook.buck.step.DefaultStepRunner] StepStarted(rm_&&_mkdir)
[2015-05-22 10:35:15.130][debug][command:5a77e2e9-297e-4ab0-9d7c-79634f9a7f03][tid:33][com.facebook.buck.step.DefaultStepRunner] StepFinished(rm_&&_mkdir)
[2015-05-22 10:35:15.130][debug][command:5a77e2e9-297e-4ab0-9d7c-79634f9a7f03][tid:33][com.facebook.buck.step.DefaultStepRunner] StepStarted(javac)
[2015-05-22 10:35:15.217][debug][command:5a77e2e9-297e-4ab0-9d7c-79634f9a7f03][tid:35][com.facebook.buck.step.DefaultStepRunner] StepFinished(calculate_abi)
[2015-05-22 10:35:15.217][debug][command:5a77e2e9-297e-4ab0-9d7c-79634f9a7f03][tid:35][com.facebook.buck.step.DefaultStepRunner] StepStarted(mkdir)
[2015-05-22 10:35:15.218][debug][command:5a77e2e9-297e-4ab0-9d7c-79634f9a7f03][tid:35][com.facebook.buck.step.DefaultStepRunner] StepFinished(mkdir)
[2015-05-22 10:35:15.218][debug][command:5a77e2e9-297e-4ab0-9d7c-79634f9a7f03][tid:35][com.facebook.buck.step.DefaultStepRunner] StepStarted(get_class_names)
[2015-05-22 10:35:15.370][debug][command:5a77e2e9-297e-4ab0-9d7c-79634f9a7f03][tid:35][com.facebook.buck.step.DefaultStepRunner] StepFinished(get_class_names)
[2015-05-22 10:35:15.373][debug][command:5a77e2e9-297e-4ab0-9d7c-79634f9a7f03][tid:35][com.facebook.buck.rules.CachingBuildEngine] Build completed: //:android-support-v4
[2015-05-22 10:35:15.409][debug][command:5a77e2e9-297e-4ab0-9d7c-79634f9a7f03][tid:35][com.facebook.buck.rules.CachingBuildEngine] Building locally: //:android-support-v4#dex
[2015-05-22 10:35:15.442][debug][command:5a77e2e9-297e-4ab0-9d7c-79634f9a7f03][tid:35][com.facebook.buck.step.DefaultStepRunner] StepStarted(rm)
[2015-05-22 10:35:15.443][debug][command:5a77e2e9-297e-4ab0-9d7c-79634f9a7f03][tid:35][com.facebook.buck.step.DefaultStepRunner] StepFinished(rm)
[2015-05-22 10:35:15.444][debug][command:5a77e2e9-297e-4ab0-9d7c-79634f9a7f03][tid:35][com.facebook.buck.step.DefaultStepRunner] StepStarted(mkdir)
[2015-05-22 10:35:15.445][debug][command:5a77e2e9-297e-4ab0-9d7c-79634f9a7f03][tid:35][com.facebook.buck.step.DefaultStepRunner] StepFinished(mkdir)
[2015-05-22 10:35:15.446][debug][command:5a77e2e9-297e-4ab0-9d7c-79634f9a7f03][tid:35][com.facebook.buck.step.DefaultStepRunner] StepStarted(estimate_linear_alloc)
[2015-05-22 10:35:15.449][debug][command:5a77e2e9-297e-4ab0-9d7c-79634f9a7f03][tid:35][com.facebook.buck.step.DefaultStepRunner] StepFinished(estimate_linear_alloc)
[2015-05-22 10:35:15.450][debug][command:5a77e2e9-297e-4ab0-9d7c-79634f9a7f03][tid:35][com.facebook.buck.shell.ShellStep] Command: /Users/keger/Documents/buck/third-party/java/dx-from-kitkat/etc/dx --dex --no-optimize --force-jumbo --output /Users/keger/Documents/workspace/NGUtils/buck-out/gen/android-support-v4#dex.dex.jar /Users/keger/Documents/workspace/NGUtils/libs/android-support-v4.jar
[2015-05-22 10:35:15.451][debug][command:5a77e2e9-297e-4ab0-9d7c-79634f9a7f03][tid:35][com.facebook.buck.step.DefaultStepRunner] StepStarted(dx)
[2015-05-22 10:35:15.699][debug][command:5a77e2e9-297e-4ab0-9d7c-79634f9a7f03][tid:34][com.facebook.buck.step.DefaultStepRunner] StepFinished(javac)
[2015-05-22 10:35:15.700][debug][command:5a77e2e9-297e-4ab0-9d7c-79634f9a7f03][tid:34][com.facebook.buck.step.DefaultStepRunner] StepStarted(copy_resources)
[2015-05-22 10:35:15.700][debug][command:5a77e2e9-297e-4ab0-9d7c-79634f9a7f03][tid:34][com.facebook.buck.step.DefaultStepRunner] StepFinished(copy_resources)
[2015-05-22 10:35:15.700][debug][command:5a77e2e9-297e-4ab0-9d7c-79634f9a7f03][tid:34][com.facebook.buck.step.DefaultStepRunner] StepStarted(rm_&&_mkdir)
[2015-05-22 10:35:15.701][debug][command:5a77e2e9-297e-4ab0-9d7c-79634f9a7f03][tid:33][com.facebook.buck.step.DefaultStepRunner] StepFinished(javac)
[2015-05-22 10:35:15.701][debug][command:5a77e2e9-297e-4ab0-9d7c-79634f9a7f03][tid:33][com.facebook.buck.step.DefaultStepRunner] StepStarted(rm_&&_mkdir)
[2015-05-22 10:35:15.701][debug][command:5a77e2e9-297e-4ab0-9d7c-79634f9a7f03][tid:36][com.facebook.buck.step.DefaultStepRunner] StepFinished(javac)
[2015-05-22 10:35:15.701][debug][command:5a77e2e9-297e-4ab0-9d7c-79634f9a7f03][tid:36][com.facebook.buck.step.DefaultStepRunner] StepStarted(copy_resources)
[2015-05-22 10:35:15.701][debug][command:5a77e2e9-297e-4ab0-9d7c-79634f9a7f03][tid:36][com.facebook.buck.step.DefaultStepRunner] StepFinished(copy_resources)
[2015-05-22 10:35:15.702][debug][command:5a77e2e9-297e-4ab0-9d7c-79634f9a7f03][tid:33][com.facebook.buck.step.DefaultStepRunner] StepFinished(rm_&&_mkdir)
[2015-05-22 10:35:15.702][debug][command:5a77e2e9-297e-4ab0-9d7c-79634f9a7f03][tid:33][com.facebook.buck.step.DefaultStepRunner] StepStarted(get_class_names)
[2015-05-22 10:35:15.702][debug][command:5a77e2e9-297e-4ab0-9d7c-79634f9a7f03][tid:36][com.facebook.buck.step.DefaultStepRunner] StepStarted(rm_&&_mkdir)
[2015-05-22 10:35:15.702][debug][command:5a77e2e9-297e-4ab0-9d7c-79634f9a7f03][tid:34][com.facebook.buck.step.DefaultStepRunner] StepFinished(rm_&&_mkdir)
[2015-05-22 10:35:15.703][debug][command:5a77e2e9-297e-4ab0-9d7c-79634f9a7f03][tid:34][com.facebook.buck.step.DefaultStepRunner] StepStarted(mkdir)
[2015-05-22 10:35:15.703][debug][command:5a77e2e9-297e-4ab0-9d7c-79634f9a7f03][tid:36][com.facebook.buck.step.DefaultStepRunner] StepFinished(rm_&&_mkdir)
[2015-05-22 10:35:15.703][debug][command:5a77e2e9-297e-4ab0-9d7c-79634f9a7f03][tid:34][com.facebook.buck.step.DefaultStepRunner] StepFinished(mkdir)
[2015-05-22 10:35:15.703][debug][command:5a77e2e9-297e-4ab0-9d7c-79634f9a7f03][tid:36][com.facebook.buck.step.DefaultStepRunner] StepStarted(mkdir)
[2015-05-22 10:35:15.704][debug][command:5a77e2e9-297e-4ab0-9d7c-79634f9a7f03][tid:34][com.facebook.buck.step.DefaultStepRunner] StepStarted(jar)
[2015-05-22 10:35:15.704][debug][command:5a77e2e9-297e-4ab0-9d7c-79634f9a7f03][tid:36][com.facebook.buck.step.DefaultStepRunner] StepFinished(mkdir)
[2015-05-22 10:35:15.704][debug][command:5a77e2e9-297e-4ab0-9d7c-79634f9a7f03][tid:36][com.facebook.buck.step.DefaultStepRunner] StepStarted(jar)
[2015-05-22 10:35:15.707][debug][command:5a77e2e9-297e-4ab0-9d7c-79634f9a7f03][tid:37][com.facebook.buck.step.DefaultStepRunner] StepFinished(javac)
[2015-05-22 10:35:15.707][debug][command:5a77e2e9-297e-4ab0-9d7c-79634f9a7f03][tid:37][com.facebook.buck.step.DefaultStepRunner] StepStarted(calculate_abi)
[2015-05-22 10:35:15.708][debug][command:5a77e2e9-297e-4ab0-9d7c-79634f9a7f03][tid:33][com.facebook.buck.step.DefaultStepRunner] StepFinished(get_class_names)
[2015-05-22 10:35:15.709][debug][command:5a77e2e9-297e-4ab0-9d7c-79634f9a7f03][tid:33][com.facebook.buck.step.DefaultStepRunner] StepStarted(rm_&&_mkdir)
[2015-05-22 10:35:15.709][debug][command:5a77e2e9-297e-4ab0-9d7c-79634f9a7f03][tid:33][com.facebook.buck.step.DefaultStepRunner] StepFinished(rm_&&_mkdir)
[2015-05-22 10:35:15.710][debug][command:5a77e2e9-297e-4ab0-9d7c-79634f9a7f03][tid:33][com.facebook.buck.shell.ShellStep] Command: /Users/keger/Documents/buck/third-party/java/dx-from-kitkat/etc/dx --dex --no-optimize --output /Users/keger/Documents/workspace/NGUtils/buck-out/bin/__debug#aapt_package_rdotjava_dex__/classes.dex.jar /Users/keger/Documents/workspace/NGUtils/buck-out/bin/__debug#aapt_package_rdotjava_bin__
[2015-05-22 10:35:15.710][debug][command:5a77e2e9-297e-4ab0-9d7c-79634f9a7f03][tid:33][com.facebook.buck.step.DefaultStepRunner] StepStarted(dx)
[2015-05-22 10:35:15.713][debug][command:5a77e2e9-297e-4ab0-9d7c-79634f9a7f03][tid:37][com.facebook.buck.step.DefaultStepRunner] StepFinished(calculate_abi)
[2015-05-22 10:35:15.713][debug][command:5a77e2e9-297e-4ab0-9d7c-79634f9a7f03][tid:37][com.facebook.buck.rules.CachingBuildEngine] Build completed: //:src#dummy_r_dot_java
[2015-05-22 10:35:15.729][debug][command:5a77e2e9-297e-4ab0-9d7c-79634f9a7f03][tid:34][com.facebook.buck.step.DefaultStepRunner] StepFinished(jar)
[2015-05-22 10:35:15.729][debug][command:5a77e2e9-297e-4ab0-9d7c-79634f9a7f03][tid:36][com.facebook.buck.step.DefaultStepRunner] StepFinished(jar)
[2015-05-22 10:35:15.729][debug][command:5a77e2e9-297e-4ab0-9d7c-79634f9a7f03][tid:34][com.facebook.buck.step.DefaultStepRunner] StepStarted(calculate_abi)
[2015-05-22 10:35:15.729][debug][command:5a77e2e9-297e-4ab0-9d7c-79634f9a7f03][tid:36][com.facebook.buck.step.DefaultStepRunner] StepStarted(calculate_abi)
[2015-05-22 10:35:15.730][debug][command:5a77e2e9-297e-4ab0-9d7c-79634f9a7f03][tid:36][com.facebook.buck.step.DefaultStepRunner] StepFinished(calculate_abi)
[2015-05-22 10:35:15.730][debug][command:5a77e2e9-297e-4ab0-9d7c-79634f9a7f03][tid:34][com.facebook.buck.step.DefaultStepRunner] StepFinished(calculate_abi)
[2015-05-22 10:35:15.730][debug][command:5a77e2e9-297e-4ab0-9d7c-79634f9a7f03][tid:36][com.facebook.buck.step.DefaultStepRunner] StepStarted(mkdir)
[2015-05-22 10:35:15.730][debug][command:5a77e2e9-297e-4ab0-9d7c-79634f9a7f03][tid:34][com.facebook.buck.step.DefaultStepRunner] StepStarted(mkdir)
[2015-05-22 10:35:15.731][debug][command:5a77e2e9-297e-4ab0-9d7c-79634f9a7f03][tid:36][com.facebook.buck.step.DefaultStepRunner] StepFinished(mkdir)
[2015-05-22 10:35:15.731][debug][command:5a77e2e9-297e-4ab0-9d7c-79634f9a7f03][tid:34][com.facebook.buck.step.DefaultStepRunner] StepFinished(mkdir)
[2015-05-22 10:35:15.731][debug][command:5a77e2e9-297e-4ab0-9d7c-79634f9a7f03][tid:36][com.facebook.buck.step.DefaultStepRunner] StepStarted(get_class_names)
[2015-05-22 10:35:15.731][debug][command:5a77e2e9-297e-4ab0-9d7c-79634f9a7f03][tid:34][com.facebook.buck.step.DefaultStepRunner] StepStarted(get_class_names)
[2015-05-22 10:35:15.732][debug][command:5a77e2e9-297e-4ab0-9d7c-79634f9a7f03][tid:36][com.facebook.buck.step.DefaultStepRunner] StepFinished(get_class_names)
[2015-05-22 10:35:15.732][debug][command:5a77e2e9-297e-4ab0-9d7c-79634f9a7f03][tid:34][com.facebook.buck.step.DefaultStepRunner] StepFinished(get_class_names)
[2015-05-22 10:35:15.732][debug][command:5a77e2e9-297e-4ab0-9d7c-79634f9a7f03][tid:36][com.facebook.buck.rules.CachingBuildEngine] Build completed: //:build_config
[2015-05-22 10:35:15.732][debug][command:5a77e2e9-297e-4ab0-9d7c-79634f9a7f03][tid:34][com.facebook.buck.rules.CachingBuildEngine] Build completed: //:debug#buildconfig_com_keger_utils
[2015-05-22 10:35:15.735][debug][command:5a77e2e9-297e-4ab0-9d7c-79634f9a7f03][tid:34][com.facebook.buck.rules.CachingBuildEngine] Building locally: //:debug#dex_buildconfig_com_keger_utils
[2015-05-22 10:35:15.735][debug][command:5a77e2e9-297e-4ab0-9d7c-79634f9a7f03][tid:34][com.facebook.buck.step.DefaultStepRunner] StepStarted(rm)
[2015-05-22 10:35:15.736][debug][command:5a77e2e9-297e-4ab0-9d7c-79634f9a7f03][tid:34][com.facebook.buck.step.DefaultStepRunner] StepFinished(rm)
[2015-05-22 10:35:15.736][debug][command:5a77e2e9-297e-4ab0-9d7c-79634f9a7f03][tid:34][com.facebook.buck.step.DefaultStepRunner] StepStarted(mkdir)
[2015-05-22 10:35:15.736][debug][command:5a77e2e9-297e-4ab0-9d7c-79634f9a7f03][tid:34][com.facebook.buck.step.DefaultStepRunner] StepFinished(mkdir)
[2015-05-22 10:35:15.736][debug][command:5a77e2e9-297e-4ab0-9d7c-79634f9a7f03][tid:34][com.facebook.buck.step.DefaultStepRunner] StepStarted(estimate_linear_alloc)
[2015-05-22 10:35:15.737][debug][command:5a77e2e9-297e-4ab0-9d7c-79634f9a7f03][tid:34][com.facebook.buck.step.DefaultStepRunner] StepFinished(estimate_linear_alloc)
[2015-05-22 10:35:15.737][debug][command:5a77e2e9-297e-4ab0-9d7c-79634f9a7f03][tid:34][com.facebook.buck.shell.ShellStep] Command: /Users/keger/Documents/buck/third-party/java/dx-from-kitkat/etc/dx --dex --no-optimize --force-jumbo --output /Users/keger/Documents/workspace/NGUtils/buck-out/gen/debug#dex_buildconfig_com_keger_utils.dex.jar /Users/keger/Documents/workspace/NGUtils/buck-out/gen/lib__debug#buildconfig_com_keger_utils__output/debug#buildconfig_com_keger_utils.jar
[2015-05-22 10:35:15.737][debug][command:5a77e2e9-297e-4ab0-9d7c-79634f9a7f03][tid:34][com.facebook.buck.step.DefaultStepRunner] StepStarted(dx)
[2015-05-22 10:35:15.745][debug][command:5a77e2e9-297e-4ab0-9d7c-79634f9a7f03][tid:36][com.facebook.buck.rules.CachingBuildEngine] Building locally: //:src
[2015-05-22 10:35:15.756][debug][command:5a77e2e9-297e-4ab0-9d7c-79634f9a7f03][tid:36][com.facebook.buck.step.DefaultStepRunner] StepStarted(rm_&&_mkdir)
[2015-05-22 10:35:15.762][debug][command:5a77e2e9-297e-4ab0-9d7c-79634f9a7f03][tid:36][com.facebook.buck.step.DefaultStepRunner] StepFinished(rm_&&_mkdir)
[2015-05-22 10:35:15.762][debug][command:5a77e2e9-297e-4ab0-9d7c-79634f9a7f03][tid:36][com.facebook.buck.step.DefaultStepRunner] StepStarted(rm_&&_mkdir)
[2015-05-22 10:35:15.763][debug][command:5a77e2e9-297e-4ab0-9d7c-79634f9a7f03][tid:36][com.facebook.buck.step.DefaultStepRunner] StepFinished(rm_&&_mkdir)
[2015-05-22 10:35:15.763][debug][command:5a77e2e9-297e-4ab0-9d7c-79634f9a7f03][tid:36][com.facebook.buck.step.DefaultStepRunner] StepStarted(mkdir)
[2015-05-22 10:35:15.763][debug][command:5a77e2e9-297e-4ab0-9d7c-79634f9a7f03][tid:36][com.facebook.buck.step.DefaultStepRunner] StepFinished(mkdir)
[2015-05-22 10:35:15.764][debug][command:5a77e2e9-297e-4ab0-9d7c-79634f9a7f03][tid:36][com.facebook.buck.step.DefaultStepRunner] StepStarted(javac)
[2015-05-22 10:35:16.028][debug][command:5a77e2e9-297e-4ab0-9d7c-79634f9a7f03][tid:33][com.facebook.buck.step.DefaultStepRunner] StepFinished(dx)
[2015-05-22 10:35:16.029][debug][command:5a77e2e9-297e-4ab0-9d7c-79634f9a7f03][tid:33][com.facebook.buck.step.DefaultStepRunner] StepStarted(estimate_linear_alloc)
[2015-05-22 10:35:16.028][debug][command:5a77e2e9-297e-4ab0-9d7c-79634f9a7f03][tid:34][com.facebook.buck.step.DefaultStepRunner] StepFinished(dx)
[2015-05-22 10:35:16.029][debug][command:5a77e2e9-297e-4ab0-9d7c-79634f9a7f03][tid:34][com.facebook.buck.step.DefaultStepRunner] StepStarted(record_dx_success)
[2015-05-22 10:35:16.029][debug][command:5a77e2e9-297e-4ab0-9d7c-79634f9a7f03][tid:34][com.facebook.buck.step.DefaultStepRunner] StepFinished(record_dx_success)
[2015-05-22 10:35:16.030][debug][command:5a77e2e9-297e-4ab0-9d7c-79634f9a7f03][tid:33][com.facebook.buck.step.DefaultStepRunner] StepFinished(estimate_linear_alloc)
[2015-05-22 10:35:16.030][debug][command:5a77e2e9-297e-4ab0-9d7c-79634f9a7f03][tid:33][com.facebook.buck.step.DefaultStepRunner] StepStarted(record_build_output)
[2015-05-22 10:35:16.030][debug][command:5a77e2e9-297e-4ab0-9d7c-79634f9a7f03][tid:34][com.facebook.buck.rules.CachingBuildEngine] Build completed: //:debug#dex_buildconfig_com_keger_utils
[2015-05-22 10:35:16.030][debug][command:5a77e2e9-297e-4ab0-9d7c-79634f9a7f03][tid:33][com.facebook.buck.step.DefaultStepRunner] StepFinished(record_build_output)
[2015-05-22 10:35:16.030][debug][command:5a77e2e9-297e-4ab0-9d7c-79634f9a7f03][tid:33][com.facebook.buck.step.DefaultStepRunner] StepStarted(record_file_sha1)
[2015-05-22 10:35:16.031][debug][command:5a77e2e9-297e-4ab0-9d7c-79634f9a7f03][tid:33][com.facebook.buck.step.DefaultStepRunner] StepFinished(record_file_sha1)
[2015-05-22 10:35:16.031][debug][command:5a77e2e9-297e-4ab0-9d7c-79634f9a7f03][tid:33][com.facebook.buck.rules.CachingBuildEngine] Build completed: //:debug#aapt_package
[2015-05-22 10:35:16.396][debug][command:5a77e2e9-297e-4ab0-9d7c-79634f9a7f03][tid:36][com.facebook.buck.step.DefaultStepRunner] StepFinished(javac)
[2015-05-22 10:35:16.396][debug][command:5a77e2e9-297e-4ab0-9d7c-79634f9a7f03][tid:36][com.facebook.buck.step.DefaultStepRunner] StepStarted(copy_resources)
[2015-05-22 10:35:16.396][debug][command:5a77e2e9-297e-4ab0-9d7c-79634f9a7f03][tid:36][com.facebook.buck.step.DefaultStepRunner] StepFinished(copy_resources)
[2015-05-22 10:35:16.397][debug][command:5a77e2e9-297e-4ab0-9d7c-79634f9a7f03][tid:36][com.facebook.buck.step.DefaultStepRunner] StepStarted(rm_&&_mkdir)
[2015-05-22 10:35:16.397][debug][command:5a77e2e9-297e-4ab0-9d7c-79634f9a7f03][tid:36][com.facebook.buck.step.DefaultStepRunner] StepFinished(rm_&&_mkdir)
[2015-05-22 10:35:16.398][debug][command:5a77e2e9-297e-4ab0-9d7c-79634f9a7f03][tid:36][com.facebook.buck.step.DefaultStepRunner] StepStarted(mkdir)
[2015-05-22 10:35:16.398][debug][command:5a77e2e9-297e-4ab0-9d7c-79634f9a7f03][tid:36][com.facebook.buck.step.DefaultStepRunner] StepFinished(mkdir)
[2015-05-22 10:35:16.398][debug][command:5a77e2e9-297e-4ab0-9d7c-79634f9a7f03][tid:36][com.facebook.buck.step.DefaultStepRunner] StepStarted(jar)
[2015-05-22 10:35:16.411][debug][command:5a77e2e9-297e-4ab0-9d7c-79634f9a7f03][tid:36][com.facebook.buck.step.DefaultStepRunner] StepFinished(jar)
[2015-05-22 10:35:16.411][debug][command:5a77e2e9-297e-4ab0-9d7c-79634f9a7f03][tid:36][com.facebook.buck.step.DefaultStepRunner] StepStarted(calculate_abi)
[2015-05-22 10:35:16.416][debug][command:5a77e2e9-297e-4ab0-9d7c-79634f9a7f03][tid:36][com.facebook.buck.step.DefaultStepRunner] StepFinished(calculate_abi)
[2015-05-22 10:35:16.416][debug][command:5a77e2e9-297e-4ab0-9d7c-79634f9a7f03][tid:36][com.facebook.buck.step.DefaultStepRunner] StepStarted(mkdir)
[2015-05-22 10:35:16.416][debug][command:5a77e2e9-297e-4ab0-9d7c-79634f9a7f03][tid:36][com.facebook.buck.step.DefaultStepRunner] StepFinished(mkdir)
[2015-05-22 10:35:16.416][debug][command:5a77e2e9-297e-4ab0-9d7c-79634f9a7f03][tid:36][com.facebook.buck.step.DefaultStepRunner] StepStarted(get_class_names)
[2015-05-22 10:35:16.419][debug][command:5a77e2e9-297e-4ab0-9d7c-79634f9a7f03][tid:36][com.facebook.buck.step.DefaultStepRunner] StepFinished(get_class_names)
[2015-05-22 10:35:16.419][debug][command:5a77e2e9-297e-4ab0-9d7c-79634f9a7f03][tid:36][com.facebook.buck.rules.CachingBuildEngine] Build completed: //:src
[2015-05-22 10:35:16.423][debug][command:5a77e2e9-297e-4ab0-9d7c-79634f9a7f03][tid:37][com.facebook.buck.rules.CachingBuildEngine] Building locally: //:src#dex
[2015-05-22 10:35:16.424][debug][command:5a77e2e9-297e-4ab0-9d7c-79634f9a7f03][tid:37][com.facebook.buck.step.DefaultStepRunner] StepStarted(rm)
[2015-05-22 10:35:16.424][debug][command:5a77e2e9-297e-4ab0-9d7c-79634f9a7f03][tid:37][com.facebook.buck.step.DefaultStepRunner] StepFinished(rm)
[2015-05-22 10:35:16.425][debug][command:5a77e2e9-297e-4ab0-9d7c-79634f9a7f03][tid:37][com.facebook.buck.step.DefaultStepRunner] StepStarted(mkdir)
[2015-05-22 10:35:16.425][debug][command:5a77e2e9-297e-4ab0-9d7c-79634f9a7f03][tid:37][com.facebook.buck.step.DefaultStepRunner] StepFinished(mkdir)
[2015-05-22 10:35:16.425][debug][command:5a77e2e9-297e-4ab0-9d7c-79634f9a7f03][tid:37][com.facebook.buck.step.DefaultStepRunner] StepStarted(estimate_linear_alloc)
[2015-05-22 10:35:16.426][debug][command:5a77e2e9-297e-4ab0-9d7c-79634f9a7f03][tid:37][com.facebook.buck.step.DefaultStepRunner] StepFinished(estimate_linear_alloc)
[2015-05-22 10:35:16.426][debug][command:5a77e2e9-297e-4ab0-9d7c-79634f9a7f03][tid:37][com.facebook.buck.shell.ShellStep] Command: /Users/keger/Documents/buck/third-party/java/dx-from-kitkat/etc/dx --dex --no-optimize --force-jumbo --output /Users/keger/Documents/workspace/NGUtils/buck-out/gen/src#dex.dex.jar /Users/keger/Documents/workspace/NGUtils/buck-out/gen/lib__src__output/src.jar
[2015-05-22 10:35:16.426][debug][command:5a77e2e9-297e-4ab0-9d7c-79634f9a7f03][tid:37][com.facebook.buck.step.DefaultStepRunner] StepStarted(dx)
[2015-05-22 10:35:16.565][debug][command:5a77e2e9-297e-4ab0-9d7c-79634f9a7f03][tid:37][com.facebook.buck.step.DefaultStepRunner] StepFinished(dx)
[2015-05-22 10:35:16.566][debug][command:5a77e2e9-297e-4ab0-9d7c-79634f9a7f03][tid:37][com.facebook.buck.step.DefaultStepRunner] StepStarted(record_dx_success)
[2015-05-22 10:35:16.566][debug][command:5a77e2e9-297e-4ab0-9d7c-79634f9a7f03][tid:37][com.facebook.buck.step.DefaultStepRunner] StepFinished(record_dx_success)
[2015-05-22 10:35:16.566][debug][command:5a77e2e9-297e-4ab0-9d7c-79634f9a7f03][tid:37][com.facebook.buck.rules.CachingBuildEngine] Build completed: //:src#dex
[2015-05-22 10:35:18.542][debug][command:5a77e2e9-297e-4ab0-9d7c-79634f9a7f03][tid:35][com.facebook.buck.step.DefaultStepRunner] StepFinished(dx)
[2015-05-22 10:35:18.543][debug][command:5a77e2e9-297e-4ab0-9d7c-79634f9a7f03][tid:35][com.facebook.buck.step.DefaultStepRunner] StepStarted(record_dx_success)
[2015-05-22 10:35:18.543][debug][command:5a77e2e9-297e-4ab0-9d7c-79634f9a7f03][tid:35][com.facebook.buck.step.DefaultStepRunner] StepFinished(record_dx_success)
[2015-05-22 10:35:18.543][debug][command:5a77e2e9-297e-4ab0-9d7c-79634f9a7f03][tid:35][com.facebook.buck.rules.CachingBuildEngine] Build completed: //:android-support-v4#dex
[2015-05-22 10:35:18.547][debug][command:5a77e2e9-297e-4ab0-9d7c-79634f9a7f03][tid:34][com.facebook.buck.rules.CachingBuildEngine] Building locally: //:debug#dex_merge
[2015-05-22 10:35:18.554][debug][command:5a77e2e9-297e-4ab0-9d7c-79634f9a7f03][tid:34][com.facebook.buck.step.DefaultStepRunner] StepStarted(mkdir)
[2015-05-22 10:35:18.554][debug][command:5a77e2e9-297e-4ab0-9d7c-79634f9a7f03][tid:34][com.facebook.buck.step.DefaultStepRunner] StepFinished(mkdir)
[2015-05-22 10:35:18.555][debug][command:5a77e2e9-297e-4ab0-9d7c-79634f9a7f03][tid:34][com.facebook.buck.shell.ShellStep] Command: /Users/keger/Documents/buck/third-party/java/dx-from-kitkat/etc/dx --dex --no-optimize --output /Users/keger/Documents/workspace/NGUtils/buck-out/bin/.dex/debug/classes.dex /Users/keger/Documents/workspace/NGUtils/buck-out/gen/debug#dex_buildconfig_com_keger_utils.dex.jar /Users/keger/Documents/workspace/NGUtils/buck-out/gen/android-support-v4#dex.dex.jar /Users/keger/Documents/workspace/NGUtils/buck-out/gen/src#dex.dex.jar /Users/keger/Documents/workspace/NGUtils/buck-out/bin/__debug#aapt_package_rdotjava_dex__/classes.dex.jar
[2015-05-22 10:35:18.555][debug][command:5a77e2e9-297e-4ab0-9d7c-79634f9a7f03][tid:34][com.facebook.buck.step.DefaultStepRunner] StepStarted(dx)
[2015-05-22 10:35:18.947][debug][command:5a77e2e9-297e-4ab0-9d7c-79634f9a7f03][tid:34][com.facebook.buck.step.DefaultStepRunner] StepFinished(dx)
[2015-05-22 10:35:18.948][debug][command:5a77e2e9-297e-4ab0-9d7c-79634f9a7f03][tid:34][com.facebook.buck.rules.CachingBuildEngine] Build completed: //:debug#dex_merge
[2015-05-22 10:35:18.955][debug][command:5a77e2e9-297e-4ab0-9d7c-79634f9a7f03][tid:33][com.facebook.buck.rules.CachingBuildEngine] Building locally: //:debug
[2015-05-22 10:35:18.963][debug][command:5a77e2e9-297e-4ab0-9d7c-79634f9a7f03][tid:33][com.facebook.buck.step.DefaultStepRunner] StepStarted(apk_builder)
[2015-05-22 10:35:19.181][debug][command:5a77e2e9-297e-4ab0-9d7c-79634f9a7f03][tid:33][com.facebook.buck.step.DefaultStepRunner] StepFinished(apk_builder)
[2015-05-22 10:35:19.181][debug][command:5a77e2e9-297e-4ab0-9d7c-79634f9a7f03][tid:33][com.facebook.buck.shell.ShellStep] Command: /Users/keger/Documents/android-sdk-macosx/build-tools/22.0.1/zipalign -f 4 buck-out/gen/debug.signed.apk buck-out/gen/debug.apk
[2015-05-22 10:35:19.182][debug][command:5a77e2e9-297e-4ab0-9d7c-79634f9a7f03][tid:33][com.facebook.buck.step.DefaultStepRunner] StepStarted(zipalign)
[2015-05-22 10:35:19.192][debug][command:5a77e2e9-297e-4ab0-9d7c-79634f9a7f03][tid:33][com.facebook.buck.step.DefaultStepRunner] StepFinished(zipalign)
[2015-05-22 10:35:19.193][debug][command:5a77e2e9-297e-4ab0-9d7c-79634f9a7f03][tid:33][com.facebook.buck.step.DefaultStepRunner] StepStarted(echo)
[2015-05-22 10:35:19.193][info ][command:5a77e2e9-297e-4ab0-9d7c-79634f9a7f03][tid:27][com.facebook.buck.event.listener.LoggingBuildListener] built APK for //:debug at buck-out/gen/debug.apk
[2015-05-22 10:35:19.193][debug][command:5a77e2e9-297e-4ab0-9d7c-79634f9a7f03][tid:33][com.facebook.buck.step.DefaultStepRunner] StepFinished(echo)
[2015-05-22 10:35:19.193][debug][command:5a77e2e9-297e-4ab0-9d7c-79634f9a7f03][tid:33][com.facebook.buck.rules.CachingBuildEngine] Build completed: //:debug
[2015-05-22 10:35:19.198][info ][command:5a77e2e9-297e-4ab0-9d7c-79634f9a7f03][tid:27][com.facebook.buck.event.listener.LoggingBuildListener] Build finished at 2015-05-22 10:35:19.198
[2015-05-22 10:35:19.198][debug][command:5a77e2e9-297e-4ab0-9d7c-79634f9a7f03][tid:14][com.facebook.buck.parser.Parser] Cleaning cache of build files with inputs under symlink []
[2015-05-22 10:35:19.199][debug][command:5a77e2e9-297e-4ab0-9d7c-79634f9a7f03][tid:27][com.facebook.buck.event.listener.LoggingBuildListener] CommandFinished(build, isDaemon: true)
[2015-05-22 10:35:19.199][debug][command:5a77e2e9-297e-4ab0-9d7c-79634f9a7f03][tid:14][com.facebook.buck.event.listener.SuperConsoleEventBusListener] Stopping render scheduler
[2015-05-22 10:35:19.202][debug][command:5a77e2e9-297e-4ab0-9d7c-79634f9a7f03][tid:14][com.facebook.buck.event.listener.ChromeTraceBuildListener] Writing Chrome trace to buck-out/log/traces/build.2015-05-22.10-35-19.5a77e2e9-297e-4ab0-9d7c-79634f9a7f03.trace
[2015-05-22 10:35:19.273][debug][command:5a77e2e9-297e-4ab0-9d7c-79634f9a7f03][tid:14][com.facebook.buck.cli.Main] Done.
[2015-05-22 10:35:19.274][debug][command:null][tid:14][class com.martiansoftware.nailgun.NGSession] Nail finished.
[2015-05-22 10:35:19.275][debug][command:null][tid:14][class com.martiansoftware.nailgun.NGSession] Closing client streams and socket.
[2015-05-22 13:47:14.215][debug][command:null][tid:17][class com.martiansoftware.nailgun.NGSession] Received connection from 127.0.0.1
[2015-05-22 13:47:14.217][debug][command:null][tid:17][class com.martiansoftware.nailgun.NGSession] Working directory: /Users/keger/Documents/workspace/NGUtils
[2015-05-22 13:47:14.217][debug][command:null][tid:17][class com.martiansoftware.nailgun.NGSession] Received command: ng-stats
[2015-05-22 13:47:14.219][debug][command:null][tid:17][class com.martiansoftware.nailgun.NGSession] Invoking main method: public static void com.martiansoftware.nailgun.builtins.NGServerStats.nailMain(com.martiansoftware.nailgun.NGContext)
[2015-05-22 13:47:14.220][debug][command:null][tid:17][class com.martiansoftware.nailgun.NGSession] Nail finished.
[2015-05-22 13:47:14.220][debug][command:null][tid:17][class com.martiansoftware.nailgun.NGSession] Writing exit command with successful status 0 to client.
[2015-05-22 13:47:14.220][debug][command:null][tid:17][class com.martiansoftware.nailgun.NGSession] Closing client streams and socket.
[2015-05-22 13:47:14.226][debug][command:null][tid:43][class com.martiansoftware.nailgun.NGSession] Received connection from 127.0.0.1
[2015-05-22 13:47:14.227][debug][command:null][tid:43][class com.martiansoftware.nailgun.NGSession] Working directory: /Users/keger/Documents/workspace/NGUtils
[2015-05-22 13:47:14.227][debug][command:null][tid:43][class com.martiansoftware.nailgun.NGSession] Received command: ng-stats
[2015-05-22 13:47:14.227][debug][command:null][tid:43][class com.martiansoftware.nailgun.NGSession] Invoking main method: public static void com.martiansoftware.nailgun.builtins.NGServerStats.nailMain(com.martiansoftware.nailgun.NGContext)
[2015-05-22 13:47:14.228][debug][command:null][tid:43][class com.martiansoftware.nailgun.NGSession] Nail finished.
[2015-05-22 13:47:14.228][debug][command:null][tid:43][class com.martiansoftware.nailgun.NGSession] Writing exit command with successful status 0 to client.
[2015-05-22 13:47:14.228][debug][command:null][tid:43][class com.martiansoftware.nailgun.NGSession] Closing client streams and socket.
[2015-05-22 13:47:14.232][debug][command:null][tid:46][class com.martiansoftware.nailgun.NGSession] Received connection from 127.0.0.1
[2015-05-22 13:47:14.233][debug][command:null][tid:46][class com.martiansoftware.nailgun.NGSession] Received command line argument: build
[2015-05-22 13:47:14.233][debug][command:null][tid:46][class com.martiansoftware.nailgun.NGSession] Received command line argument: debug
[2015-05-22 13:47:14.233][debug][command:null][tid:46][class com.martiansoftware.nailgun.NGSession] Working directory: /Users/keger/Documents/workspace/NGUtils
[2015-05-22 13:47:14.233][debug][command:null][tid:46][class com.martiansoftware.nailgun.NGSession] Received command: com.facebook.buck.cli.Main
[2015-05-22 13:47:14.234][debug][command:null][tid:46][class com.martiansoftware.nailgun.NGSession] Invoking main method: public static void com.facebook.buck.cli.Main.nailMain(com.martiansoftware.nailgun.NGContext) throws java.lang.InterruptedException
[2015-05-22 13:47:14.234][debug][command:bbb4e4a4-d0f7-41eb-86da-9ebda79f92d9][tid:46][com.facebook.buck.cli.Main] Rotating log.
