[2015-05-22 13:48:03.669][debug][command:c464ca67-9a47-4bbe-8ed8-ee30438ec963][tid:45][com.facebook.buck.cli.Main] Starting up (build date 2015-05-21 23:42:48 +0800, rev b7030deb681193b4c531dca892f9f10ed6e42cf2), args: [build, debug]
[2015-05-22 13:48:03.679][debug][command:c464ca67-9a47-4bbe-8ed8-ee30438ec963][tid:45][com.facebook.buck.io.ExecutableFinder] Executable 'python2' mapped to 'Optional.absent()'
[2015-05-22 13:48:03.680][debug][command:c464ca67-9a47-4bbe-8ed8-ee30438ec963][tid:45][com.facebook.buck.io.ExecutableFinder] Executable 'python' mapped to 'Optional.of(/usr/bin/python)'
[2015-05-22 13:48:03.700][warn ][command:c464ca67-9a47-4bbe-8ed8-ee30438ec963][tid:45][com.facebook.buck.rules.KnownBuildRuleTypes] Couldn't find version file at /Library/Developer/version.plist (Apple platforms will be unavailable)
[2015-05-22 13:48:03.702][debug][command:c464ca67-9a47-4bbe-8ed8-ee30438ec963][tid:45][com.facebook.buck.io.ExecutableFinder] Executable 'python2' mapped to 'Optional.absent()'
[2015-05-22 13:48:03.704][debug][command:c464ca67-9a47-4bbe-8ed8-ee30438ec963][tid:45][com.facebook.buck.io.ExecutableFinder] Executable 'python' mapped to 'Optional.of(/usr/bin/python)'
[2015-05-22 13:48:03.706][debug][command:c464ca67-9a47-4bbe-8ed8-ee30438ec963][tid:45][com.facebook.buck.io.ExecutableFinder] Executable 'python2' mapped to 'Optional.absent()'
[2015-05-22 13:48:03.708][debug][command:c464ca67-9a47-4bbe-8ed8-ee30438ec963][tid:45][com.facebook.buck.io.ExecutableFinder] Executable 'python' mapped to 'Optional.of(/usr/bin/python)'
[2015-05-22 13:48:03.710][debug][command:c464ca67-9a47-4bbe-8ed8-ee30438ec963][tid:45][com.facebook.buck.event.listener.SuperConsoleEventBusListener] Starting render scheduler (interval 100 ms)
[2015-05-22 13:48:03.713][debug][command:c464ca67-9a47-4bbe-8ed8-ee30438ec963][tid:56][com.facebook.buck.event.listener.LoggingBuildListener] CommandStarted(build, isDaemon: true)
[2015-05-22 13:48:03.714][debug][command:c464ca67-9a47-4bbe-8ed8-ee30438ec963][tid:45][com.facebook.buck.util.WatchmanWatcher] Starting watchman command: [watchman, --server-encoding=json, --no-pretty, -j]
[2015-05-22 13:48:03.717][debug][command:c464ca67-9a47-4bbe-8ed8-ee30438ec963][tid:45][com.facebook.buck.util.WatchmanWatcher] Writing query to Watchman: ["query","/Users/keger/Documents/workspace/NGUtils",{"since":"n:buckdfd684ffb-71ae-4a9c-9c67-cb5261b1e509","expression":["not",["anyof",["type","d"],["match","buck-out/*","wholename"],["match",".idea/*","wholename"],["match","/Users/keger/Documents/workspace/NGUtils/.buckd/*","wholename"],["match","/Users/keger/Documents/workspace/NGUtils/buck-cache/*","wholename"],["match","*.pbxproj","wholename"],["match","*.xcscheme","wholename"],["match","*.xcworkspacedata","wholename"]]],"empty_on_fresh_instance":true,"fields":["name","exists","new"]}]
[2015-05-22 13:48:03.717][debug][command:c464ca67-9a47-4bbe-8ed8-ee30438ec963][tid:45][com.facebook.buck.util.WatchmanWatcher] Parsing JSON output from Watchman
[2015-05-22 13:48:03.745][debug][command:c464ca67-9a47-4bbe-8ed8-ee30438ec963][tid:45][com.facebook.buck.parser.Parser] Parsed build files does not contain /Users/keger/Documents/workspace/NGUtils/.buckd/buckd.runcount, not invalidating
[2015-05-22 13:48:03.745][debug][command:c464ca67-9a47-4bbe-8ed8-ee30438ec963][tid:45][com.facebook.buck.parser.Parser] Removing targets [] for path /Users/keger/Documents/workspace/NGUtils/.buckd/buckd.runcount
[2015-05-22 13:48:03.746][debug][command:c464ca67-9a47-4bbe-8ed8-ee30438ec963][tid:45][com.facebook.buck.util.WatchmanWatcher] Posted 1 Watchman events. Waiting for subprocess to exit...
[2015-05-22 13:48:03.746][debug][command:c464ca67-9a47-4bbe-8ed8-ee30438ec963][tid:45][com.facebook.buck.util.WatchmanWatcher] Watchman exited cleanly.
[2015-05-22 13:48:03.748][debug][command:c464ca67-9a47-4bbe-8ed8-ee30438ec963][tid:56][com.facebook.buck.event.listener.LoggingBuildListener] ArtifactCacheConnectStarted()
[2015-05-22 13:48:03.817][debug][command:c464ca67-9a47-4bbe-8ed8-ee30438ec963][tid:56][com.facebook.buck.event.listener.LoggingBuildListener] ArtifactCacheConnectFinished()
[2015-05-22 13:48:03.818][debug][command:c464ca67-9a47-4bbe-8ed8-ee30438ec963][tid:45][com.facebook.buck.parser.Parser] Parser invalidating entire cache on default include change.
[2015-05-22 13:48:03.818][info ][command:c464ca67-9a47-4bbe-8ed8-ee30438ec963][tid:56][com.facebook.buck.event.listener.LoggingBuildListener] Build started at 2015-05-22 13:48:03.713
[2015-05-22 13:48:03.818][debug][command:c464ca67-9a47-4bbe-8ed8-ee30438ec963][tid:45][com.facebook.buck.parser.Parser] Invalidating all cached data.
[2015-05-22 13:48:03.818][debug][command:c464ca67-9a47-4bbe-8ed8-ee30438ec963][tid:45][com.facebook.buck.parser.Parser] Invalidating all cached data.
[2015-05-22 13:48:03.818][debug][command:c464ca67-9a47-4bbe-8ed8-ee30438ec963][tid:45][com.facebook.buck.parser.Parser] Parsing BUCK file: /Users/keger/Documents/workspace/NGUtils/BUCK
[2015-05-22 13:48:03.819][debug][command:c464ca67-9a47-4bbe-8ed8-ee30438ec963][tid:56][com.facebook.buck.event.listener.LoggingBuildListener] BuckFilesParseStarted()
[2015-05-22 13:48:03.820][debug][command:c464ca67-9a47-4bbe-8ed8-ee30438ec963][tid:45][com.facebook.buck.io.ExecutableFinder] Executable 'python2' mapped to 'Optional.absent()'
[2015-05-22 13:48:03.822][debug][command:c464ca67-9a47-4bbe-8ed8-ee30438ec963][tid:45][com.facebook.buck.io.ExecutableFinder] Executable 'python' mapped to 'Optional.of(/usr/bin/python)'
[2015-05-22 13:48:03.822][debug][command:c464ca67-9a47-4bbe-8ed8-ee30438ec963][tid:45][com.facebook.buck.json.ProjectBuildFileParser] Creating temporary buck.py instance...
[2015-05-22 13:48:03.887][debug][command:c464ca67-9a47-4bbe-8ed8-ee30438ec963][tid:45][com.facebook.buck.json.ProjectBuildFileParser] Created temporary buck.py instance at /Users/keger/Documents/workspace/NGUtils/.buckd/tmp/buck_run.5Nr5QJ/buck2168342403121149932.py.
[2015-05-22 13:48:03.888][debug][command:c464ca67-9a47-4bbe-8ed8-ee30438ec963][tid:45][com.facebook.buck.json.ProjectBuildFileParser] Starting buck.py command: [/usr/bin/python, -u, /Users/keger/Documents/workspace/NGUtils/.buckd/tmp/buck_run.5Nr5QJ/buck2168342403121149932.py, --allow_empty_globs, --project_root, /Users/keger/Documents/workspace/NGUtils, --build_file_name, BUCK] environment: {PATH=/Users/keger/.jenv/shims:/Users/keger/.jenv/bin:/Users/keger/.jenv/shims:/Users/keger/.jenv/bin:/Users/keger/.gvm/vertx/current/bin:/Users/keger/.gvm/springboot/current/bin:/Users/keger/.gvm/lazybones/current/bin:/Users/keger/.gvm/jbake/current/bin:/Users/keger/.gvm/groovyserv/current/bin:/Users/keger/.gvm/groovy/current/bin:/Users/keger/.gvm/griffon/current/bin:/Users/keger/.gvm/grails/current/bin:/Users/keger/.gvm/gradle/current/bin:/Users/keger/.gvm/glide/current/bin:/Users/keger/.gvm/gaiden/current/bin:/Users/keger/.gvm/crash/current/bin:/Users/keger/.gvm/asciidoctorj/current/bin:/Users/keger/bin:/usr/local/bin:/usr/bin:/bin:/usr/sbin:/sbin:/usr/local/git/bin:/Users/keger/Documents/android-sdk-macosx/tools:/Users/keger/Documents/android-sdk-macosx/platform-tools:/usr/local/bin:/Users/keger/bin, GRAILS_HOME=/Users/keger/.gvm/grails/current, ASCIIDOCTORJ_HOME=/Users/keger/.gvm/asciidoctorj/current, VERTX_HOME=/Users/keger/.gvm/vertx/current, LOGNAME=keger, PWD=/Users/keger/Documents/workspace/NGUtils, TERM_PROGRAM_VERSION=343.7, SPRINGBOOT_HOME=/Users/keger/.gvm/springboot/current, PYTHONPATH=/Users/keger/Documents/buck/third-party/py/pathlib, SHELL=/bin/bash, GROOVYSERV_HOME=/Users/keger/.gvm/groovyserv/current, GVM_PLATFORM=Darwin, VERSIONER_PYTHON_PREFER_32_BIT=no, TMPDIR=/var/folders/rz/3xhpytv543gg8f5p8l382jhw0000gn/T/, XPC_FLAGS=0x0, __CF_USER_TEXT_ENCODING=0x1F5:0x19:0x34, CRASH_HOME=/Users/keger/.gvm/crash/current, Apple_PubSub_Socket_Render=/private/tmp/com.apple.launchd.PMPnotaMvk/Render, SHLVL=1, GVM_BROADCAST_SERVICE=http://cast.gvm.io, GRIFFON_HOME=/Users/keger/.gvm/griffon/current, NAILGUN_TTY_2=1, NAILGUN_TTY_1=1, NAILGUN_TTY_0=1, GVM_VERSION=2.4.1, LAZYBONES_HOME=/Users/keger/.gvm/lazybones/current, GAIDEN_HOME=/Users/keger/.gvm/gaiden/current, TERM=xterm-256color, NAILGUN_FILESEPARATOR=/, LANG=zh_CN.UTF-8, GRADLE_HOME=/Users/keger/.gvm/gradle/current, GROOVY_HOME=/Users/keger/.gvm/groovy/current, VERSIONER_PYTHON_VERSION=2.7, GVM_SERVICE=http://api.gvmtool.net, XPC_SERVICE_NAME=0, NAILGUN_PATHSEPARATOR=:, JBAKE_HOME=/Users/keger/.gvm/jbake/current, TERM_PROGRAM=Apple_Terminal, GVM_DIR=/Users/keger/.gvm, USER=keger, GVM_BROKER_SERVICE=http://release.gvm.io, SSH_AUTH_SOCK=/private/tmp/com.apple.launchd.y9KXJSuojr/Listeners, GVM_INIT=true, GLIDE_HOME=/Users/keger/.gvm/glide/current, HOME=/Users/keger, JENV_LOADED=1}
[2015-05-22 13:48:03.894][debug][command:c464ca67-9a47-4bbe-8ed8-ee30438ec963][tid:45][com.facebook.buck.json.ProjectBuildFileParser] Started process java.lang.UNIXProcess@7243d6a9 successfully
[2015-05-22 13:48:03.929][debug][command:c464ca67-9a47-4bbe-8ed8-ee30438ec963][tid:45][com.facebook.buck.json.ProjectBuildFileParser] Parsing output of process java.lang.UNIXProcess@7243d6a9...
[2015-05-22 13:48:04.005][debug][command:c464ca67-9a47-4bbe-8ed8-ee30438ec963][tid:45][com.facebook.buck.json.ProjectBuildFileParser] Parsed 7 rules from process
[2015-05-22 13:48:04.024][debug][command:c464ca67-9a47-4bbe-8ed8-ee30438ec963][tid:56][com.facebook.buck.event.listener.LoggingBuildListener] ParseStarted(//:debug)
[2015-05-22 13:48:04.032][debug][command:c464ca67-9a47-4bbe-8ed8-ee30438ec963][tid:56][com.facebook.buck.event.listener.LoggingBuildListener] ParseFinished(//:debug)
[2015-05-22 13:48:04.038][debug][command:c464ca67-9a47-4bbe-8ed8-ee30438ec963][tid:45][com.facebook.buck.json.ProjectBuildFileParser] Waiting for process java.lang.UNIXProcess@7243d6a9 to exit...
[2015-05-22 13:48:04.038][debug][command:c464ca67-9a47-4bbe-8ed8-ee30438ec963][tid:45][com.facebook.buck.json.ProjectBuildFileParser] Process java.lang.UNIXProcess@7243d6a9 exited cleanly.
[2015-05-22 13:48:04.039][debug][command:c464ca67-9a47-4bbe-8ed8-ee30438ec963][tid:56][com.facebook.buck.event.listener.LoggingBuildListener] BuckFilesParseFinished()
[2015-05-22 13:48:04.039][debug][command:c464ca67-9a47-4bbe-8ed8-ee30438ec963][tid:56][com.facebook.buck.event.listener.LoggingBuildListener] BuildActionGraphStarted()
[2015-05-22 13:48:04.098][debug][command:c464ca67-9a47-4bbe-8ed8-ee30438ec963][tid:56][com.facebook.buck.event.listener.LoggingBuildListener] BuildActionGraphFinished()
[2015-05-22 13:48:04.110][debug][command:c464ca67-9a47-4bbe-8ed8-ee30438ec963][tid:56][com.facebook.buck.event.listener.LoggingBuildListener] RuleCountCalculated(//:debug)
[2015-05-22 13:48:04.223][info ][command:c464ca67-9a47-4bbe-8ed8-ee30438ec963][tid:56][com.facebook.buck.event.listener.LoggingBuildListener] Build finished at 2015-05-22 13:48:04.223
[2015-05-22 13:48:04.224][debug][command:c464ca67-9a47-4bbe-8ed8-ee30438ec963][tid:45][com.facebook.buck.parser.Parser] Cleaning cache of build files with inputs under symlink []
[2015-05-22 13:48:04.224][debug][command:c464ca67-9a47-4bbe-8ed8-ee30438ec963][tid:56][com.facebook.buck.event.listener.LoggingBuildListener] CommandFinished(build, isDaemon: true)
[2015-05-22 13:48:04.224][debug][command:c464ca67-9a47-4bbe-8ed8-ee30438ec963][tid:45][com.facebook.buck.event.listener.SuperConsoleEventBusListener] Stopping render scheduler
[2015-05-22 13:48:04.228][debug][command:c464ca67-9a47-4bbe-8ed8-ee30438ec963][tid:45][com.facebook.buck.event.listener.ChromeTraceBuildListener] Writing Chrome trace to buck-out/log/traces/build.2015-05-22.13-48-04.c464ca67-9a47-4bbe-8ed8-ee30438ec963.trace
[2015-05-22 13:48:04.240][debug][command:c464ca67-9a47-4bbe-8ed8-ee30438ec963][tid:45][com.facebook.buck.cli.Main] Done.
[2015-05-22 13:48:04.240][debug][command:null][tid:45][class com.martiansoftware.nailgun.NGSession] Nail finished.
[2015-05-22 13:48:04.241][debug][command:null][tid:45][class com.martiansoftware.nailgun.NGSession] Closing client streams and socket.
[2015-05-22 13:48:15.761][debug][command:null][tid:48][class com.martiansoftware.nailgun.NGSession] Received connection from 127.0.0.1
[2015-05-22 13:48:15.763][debug][command:null][tid:48][class com.martiansoftware.nailgun.NGSession] Working directory: /Users/keger/Documents/workspace/NGUtils
[2015-05-22 13:48:15.763][debug][command:null][tid:48][class com.martiansoftware.nailgun.NGSession] Received command: ng-stats
[2015-05-22 13:48:15.763][debug][command:null][tid:48][class com.martiansoftware.nailgun.NGSession] Invoking main method: public static void com.martiansoftware.nailgun.builtins.NGServerStats.nailMain(com.martiansoftware.nailgun.NGContext)
[2015-05-22 13:48:15.764][debug][command:null][tid:48][class com.martiansoftware.nailgun.NGSession] Nail finished.
[2015-05-22 13:48:15.764][debug][command:null][tid:48][class com.martiansoftware.nailgun.NGSession] Writing exit command with successful status 0 to client.
[2015-05-22 13:48:15.764][debug][command:null][tid:48][class com.martiansoftware.nailgun.NGSession] Closing client streams and socket.
[2015-05-22 13:48:15.769][debug][command:null][tid:68][class com.martiansoftware.nailgun.NGSession] Received connection from 127.0.0.1
[2015-05-22 13:48:15.770][debug][command:null][tid:68][class com.martiansoftware.nailgun.NGSession] Working directory: /Users/keger/Documents/workspace/NGUtils
[2015-05-22 13:48:15.770][debug][command:null][tid:68][class com.martiansoftware.nailgun.NGSession] Received command: ng-stats
[2015-05-22 13:48:15.770][debug][command:null][tid:68][class com.martiansoftware.nailgun.NGSession] Invoking main method: public static void com.martiansoftware.nailgun.builtins.NGServerStats.nailMain(com.martiansoftware.nailgun.NGContext)
[2015-05-22 13:48:15.771][debug][command:null][tid:68][class com.martiansoftware.nailgun.NGSession] Nail finished.
[2015-05-22 13:48:15.771][debug][command:null][tid:68][class com.martiansoftware.nailgun.NGSession] Writing exit command with successful status 0 to client.
[2015-05-22 13:48:15.771][debug][command:null][tid:68][class com.martiansoftware.nailgun.NGSession] Closing client streams and socket.
[2015-05-22 13:48:15.775][debug][command:null][tid:71][class com.martiansoftware.nailgun.NGSession] Received connection from 127.0.0.1
[2015-05-22 13:48:15.776][debug][command:null][tid:71][class com.martiansoftware.nailgun.NGSession] Received command line argument: build
[2015-05-22 13:48:15.776][debug][command:null][tid:71][class com.martiansoftware.nailgun.NGSession] Received command line argument: debug
[2015-05-22 13:48:15.777][debug][command:null][tid:71][class com.martiansoftware.nailgun.NGSession] Working directory: /Users/keger/Documents/workspace/NGUtils
[2015-05-22 13:48:15.777][debug][command:null][tid:71][class com.martiansoftware.nailgun.NGSession] Received command: com.facebook.buck.cli.Main
[2015-05-22 13:48:15.778][debug][command:null][tid:71][class com.martiansoftware.nailgun.NGSession] Invoking main method: public static void com.facebook.buck.cli.Main.nailMain(com.martiansoftware.nailgun.NGContext) throws java.lang.InterruptedException
[2015-05-22 13:48:15.779][debug][command:df5ec99c-7d1b-42bb-b108-114ca1570aa4][tid:71][com.facebook.buck.cli.Main] Rotating log.
